[0.017s] Invoking command in '/home/final/ROS_2_ANDROID/build/cpp_pubsub': CMAKE_PREFIX_PATH=${CMAKE_PREFIX_PATH}:/opt/ros/dashing /usr/bin/cmake --build /home/final/ROS_2_ANDROID/build/cpp_pubsub -- -j1 -l1
[0.090s] [35m[1mScanning dependencies of target talker[0m
[0.145s] [ 25%] [32mBuilding CXX object CMakeFiles/talker.dir/src/publisher_member_function.cpp.o[0m
[1.584s] [01m[K/home/final/ROS_2_ANDROID/src/publisher_member_function.cpp:[m[K In function ‘[01m[Kint main(int, char**)[m[K’:
[1.584s] [01m[K/home/final/ROS_2_ANDROID/src/publisher_member_function.cpp:113:10:[m[K [01;31m[Kerror: [m[K‘[01m[Kstruct geometry_msgs::msg::Twist_<std::allocator<void> >[m[K’ has no member named ‘[01m[Ktwist[m[K’; did you mean ‘[01m[KTwist_[m[K’?
[1.584s]   message.[01;31m[Ktwist[m[K.linear.x = 1.0;
[1.584s]           [01;31m[K^~~~~[m[K
[1.585s]           [32m[KTwist_[m[K
[1.585s] [01m[K/home/final/ROS_2_ANDROID/src/publisher_member_function.cpp:114:17:[m[K [01;31m[Kerror: [m[K‘[01m[Kstruct geometry_msgs::msg::Twist_<std::allocator<void> >[m[K’ has no member named ‘[01m[Ktwist[m[K’; did you mean ‘[01m[KTwist_[m[K’?
[1.585s]          message.[01;31m[Ktwist[m[K.linear.y = 0.0;
[1.586s]                  [01;31m[K^~~~~[m[K
[1.586s]                  [32m[KTwist_[m[K
[1.586s] [01m[K/home/final/ROS_2_ANDROID/src/publisher_member_function.cpp:115:17:[m[K [01;31m[Kerror: [m[K‘[01m[Kstruct geometry_msgs::msg::Twist_<std::allocator<void> >[m[K’ has no member named ‘[01m[Ktwist[m[K’; did you mean ‘[01m[KTwist_[m[K’?
[1.587s]          message.[01;31m[Ktwist[m[K.linear.z = 0.0;
[1.587s]                  [01;31m[K^~~~~[m[K
[1.587s]                  [32m[KTwist_[m[K
[1.588s] In file included from [01m[K/opt/ros/dashing/include/rclcpp/client.hpp:39:0[m[K,
[1.588s]                  from [01m[K/opt/ros/dashing/include/rclcpp/callback_group.hpp:23[m[K,
[1.588s]                  from [01m[K/opt/ros/dashing/include/rclcpp/any_executable.hpp:20[m[K,
[1.588s]                  from [01m[K/opt/ros/dashing/include/rclcpp/memory_strategy.hpp:24[m[K,
[1.589s]                  from [01m[K/opt/ros/dashing/include/rclcpp/memory_strategies.hpp:18[m[K,
[1.589s]                  from [01m[K/opt/ros/dashing/include/rclcpp/executor.hpp:33[m[K,
[1.589s]                  from [01m[K/opt/ros/dashing/include/rclcpp/executors/multi_threaded_executor.hpp:24[m[K,
[1.589s]                  from [01m[K/opt/ros/dashing/include/rclcpp/executors.hpp:21[m[K,
[1.589s]                  from [01m[K/opt/ros/dashing/include/rclcpp/rclcpp.hpp:144[m[K,
[1.590s]                  from [01m[K/home/final/ROS_2_ANDROID/src/publisher_member_function.cpp:18[m[K:
[1.590s] [01m[K/home/final/ROS_2_ANDROID/src/publisher_member_function.cpp:117:67:[m[K [01;31m[Kerror: [m[K‘[01m[Kstruct geometry_msgs::msg::Twist_<std::allocator<void> >[m[K’ has no member named ‘[01m[Ktwist[m[K’; did you mean ‘[01m[KTwist_[m[K’?
[1.590s]   RCLCPP_INFO(node->get_logger(), "I heard: '%f, %f, %f'", message.[01;31m[Kt[m[Kwist.linear.x, message.twist.linear.y, message.twist.linear.z);
[1.591s]                                                                    [01;31m[K^[m[K
[1.591s] [01m[K/opt/ros/dashing/include/rcutils/logging_macros.h:72:64:[m[K [01;36m[Knote: [m[Kin definition of macro ‘[01m[KRCUTILS_LOG_COND_NAMED[m[K’
[1.591s]        rcutils_log(&__rcutils_logging_location, severity, name, [01;36m[K__VA_ARGS__[m[K); \
[1.591s]                                                                 [01;36m[K^~~~~~~~~~~[m[K
[1.592s] [01m[K/opt/ros/dashing/include/rclcpp/logging.hpp:218:5:[m[K [01;36m[Knote: [m[Kin expansion of macro ‘[01m[KRCUTILS_LOG_INFO_NAMED[m[K’
[1.592s]      [01;36m[KRCUTILS_LOG_INFO_NAMED[m[K( \
[1.592s]      [01;36m[K^~~~~~~~~~~~~~~~~~~~~~[m[K
[1.592s] [01m[K/opt/ros/dashing/include/rclcpp/logging.hpp:221:9:[m[K [01;36m[Knote: [m[Kin expansion of macro ‘[01m[KRCLCPP_ALL_BUT_FIRST_ARGS[m[K’
[1.592s]          [01;36m[KRCLCPP_ALL_BUT_FIRST_ARGS[m[K(__VA_ARGS__,"")); \
[1.592s]          [01;36m[K^~~~~~~~~~~~~~~~~~~~~~~~~[m[K
[1.592s] [01m[K/home/final/ROS_2_ANDROID/src/publisher_member_function.cpp:117:2:[m[K [01;36m[Knote: [m[Kin expansion of macro ‘[01m[KRCLCPP_INFO[m[K’
[1.592s]   [01;36m[KRCLCPP_INFO[m[K(node->get_logger(), "I heard: '%f, %f, %f'", message.twist.linear.x, message.twist.linear.y, message.twist.linear.z);
[1.593s]   [01;36m[K^~~~~~~~~~~[m[K
[1.593s] [01m[K/home/final/ROS_2_ANDROID/src/publisher_member_function.cpp:117:91:[m[K [01;31m[Kerror: [m[K‘[01m[Kstruct geometry_msgs::msg::Twist_<std::allocator<void> >[m[K’ has no member named ‘[01m[Ktwist[m[K’; did you mean ‘[01m[KTwist_[m[K’?
[1.593s]  _logger(), "I heard: '%f, %f, %f'", message.twist.linear.x, message.[01;31m[Kt[m[Kwist.linear.y, message.twist.linear.z);
[1.593s]                                                                      [01;31m[K^[m[K
[1.593s] [01m[K/opt/ros/dashing/include/rcutils/logging_macros.h:72:64:[m[K [01;36m[Knote: [m[Kin definition of macro ‘[01m[KRCUTILS_LOG_COND_NAMED[m[K’
[1.593s]        rcutils_log(&__rcutils_logging_location, severity, name, [01;36m[K__VA_ARGS__[m[K); \
[1.593s]                                                                 [01;36m[K^~~~~~~~~~~[m[K
[1.594s] [01m[K/opt/ros/dashing/include/rclcpp/logging.hpp:218:5:[m[K [01;36m[Knote: [m[Kin expansion of macro ‘[01m[KRCUTILS_LOG_INFO_NAMED[m[K’
[1.594s]      [01;36m[KRCUTILS_LOG_INFO_NAMED[m[K( \
[1.594s]      [01;36m[K^~~~~~~~~~~~~~~~~~~~~~[m[K
[1.594s] [01m[K/opt/ros/dashing/include/rclcpp/logging.hpp:221:9:[m[K [01;36m[Knote: [m[Kin expansion of macro ‘[01m[KRCLCPP_ALL_BUT_FIRST_ARGS[m[K’
[1.594s]          [01;36m[KRCLCPP_ALL_BUT_FIRST_ARGS[m[K(__VA_ARGS__,"")); \
[1.594s]          [01;36m[K^~~~~~~~~~~~~~~~~~~~~~~~~[m[K
[1.594s] [01m[K/home/final/ROS_2_ANDROID/src/publisher_member_function.cpp:117:2:[m[K [01;36m[Knote: [m[Kin expansion of macro ‘[01m[KRCLCPP_INFO[m[K’
[1.594s]   [01;36m[KRCLCPP_INFO[m[K(node->get_logger(), "I heard: '%f, %f, %f'", message.twist.linear.x, message.twist.linear.y, message.twist.linear.z);
[1.599s]   [01;36m[K^~~~~~~~~~~[m[K
[1.599s] [01m[K/home/final/ROS_2_ANDROID/src/publisher_member_function.cpp:117:115:[m[K [01;31m[Kerror: [m[K‘[01m[Kstruct geometry_msgs::msg::Twist_<std::allocator<void> >[m[K’ has no member named ‘[01m[Ktwist[m[K’; did you mean ‘[01m[KTwist_[m[K’?
[1.599s]  , %f, %f'", message.twist.linear.x, message.twist.linear.y, message.[01;31m[Kt[m[Kwist.linear.z);
[1.599s]                                                                      [01;31m[K^[m[K
[1.599s] [01m[K/opt/ros/dashing/include/rcutils/logging_macros.h:72:64:[m[K [01;36m[Knote: [m[Kin definition of macro ‘[01m[KRCUTILS_LOG_COND_NAMED[m[K’
[1.599s]        rcutils_log(&__rcutils_logging_location, severity, name, [01;36m[K__VA_ARGS__[m[K); \
[1.599s]                                                                 [01;36m[K^~~~~~~~~~~[m[K
[1.599s] [01m[K/opt/ros/dashing/include/rclcpp/logging.hpp:218:5:[m[K [01;36m[Knote: [m[Kin expansion of macro ‘[01m[KRCUTILS_LOG_INFO_NAMED[m[K’
[1.600s]      [01;36m[KRCUTILS_LOG_INFO_NAMED[m[K( \
[1.600s]      [01;36m[K^~~~~~~~~~~~~~~~~~~~~~[m[K
[1.600s] [01m[K/opt/ros/dashing/include/rclcpp/logging.hpp:221:9:[m[K [01;36m[Knote: [m[Kin expansion of macro ‘[01m[KRCLCPP_ALL_BUT_FIRST_ARGS[m[K’
[1.600s]          [01;36m[KRCLCPP_ALL_BUT_FIRST_ARGS[m[K(__VA_ARGS__,"")); \
[1.600s]          [01;36m[K^~~~~~~~~~~~~~~~~~~~~~~~~[m[K
[1.600s] [01m[K/home/final/ROS_2_ANDROID/src/publisher_member_function.cpp:117:2:[m[K [01;36m[Knote: [m[Kin expansion of macro ‘[01m[KRCLCPP_INFO[m[K’
[1.600s]   [01;36m[KRCLCPP_INFO[m[K(node->get_logger(), "I heard: '%f, %f, %f'", message.twist.linear.x, message.twist.linear.y, message.twist.linear.z);
[1.600s]   [01;36m[K^~~~~~~~~~~[m[K
[1.601s] [01m[K/home/final/ROS_2_ANDROID/src/publisher_member_function.cpp:118:37:[m[K [01;31m[Kerror: [m[K‘[01m[Kstruct geometry_msgs::msg::Twist_<std::allocator<void> >[m[K’ has no member named ‘[01m[Ktwist[m[K’; did you mean ‘[01m[KTwist_[m[K’?
[1.601s]          publisher_->publish(message.[01;31m[Ktwist[m[K);
[1.601s]                                      [01;31m[K^~~~~[m[K
[1.601s]                                      [32m[KTwist_[m[K
[2.133s] CMakeFiles/talker.dir/build.make:62: recipe for target 'CMakeFiles/talker.dir/src/publisher_member_function.cpp.o' failed
[2.135s] make[2]: *** [CMakeFiles/talker.dir/src/publisher_member_function.cpp.o] Error 1
[2.135s] CMakeFiles/Makefile2:67: recipe for target 'CMakeFiles/talker.dir/all' failed
[2.135s] make[1]: *** [CMakeFiles/talker.dir/all] Error 2
[2.135s] make: *** [all] Error 2
[2.136s] Makefile:140: recipe for target 'all' failed
[2.143s] Invoked command in '/home/final/ROS_2_ANDROID/build/cpp_pubsub' returned '2': CMAKE_PREFIX_PATH=${CMAKE_PREFIX_PATH}:/opt/ros/dashing /usr/bin/cmake --build /home/final/ROS_2_ANDROID/build/cpp_pubsub -- -j1 -l1
