Determining if the pthread_create exist failed with the following output:
Change Dir: /home/e0325555/rosjava/catkin_ws_rosjava/build/CMakeFiles/CMakeTmp

Run Build Command:"/usr/bin/make" "cmTC_d25dd/fast"
/usr/bin/make -f CMakeFiles/cmTC_d25dd.dir/build.make CMakeFiles/cmTC_d25dd.dir/build
make[1]: Entering directory '/home/e0325555/rosjava/catkin_ws_rosjava/build/CMakeFiles/CMakeTmp'
Building C object CMakeFiles/cmTC_d25dd.dir/CheckSymbolExists.c.o
/usr/bin/cc     -o CMakeFiles/cmTC_d25dd.dir/CheckSymbolExists.c.o   -c /home/e0325555/rosjava/catkin_ws_rosjava/build/CMakeFiles/CMakeTmp/CheckSymbolExists.c
Linking C executable cmTC_d25dd
/usr/bin/cmake -E cmake_link_script CMakeFiles/cmTC_d25dd.dir/link.txt --verbose=1
/usr/bin/cc       CMakeFiles/cmTC_d25dd.dir/CheckSymbolExists.c.o  -o cmTC_d25dd -rdynamic 
CMakeFiles/cmTC_d25dd.dir/CheckSymbolExists.c.o: In function `main':
CheckSymbolExists.c:(.text+0x16): undefined reference to `pthread_create'
collect2: error: ld returned 1 exit status
CMakeFiles/cmTC_d25dd.dir/build.make:97: recipe for target 'cmTC_d25dd' failed
make[1]: *** [cmTC_d25dd] Error 1
make[1]: Leaving directory '/home/e0325555/rosjava/catkin_ws_rosjava/build/CMakeFiles/CMakeTmp'
Makefile:126: recipe for target 'cmTC_d25dd/fast' failed
make: *** [cmTC_d25dd/fast] Error 2

File /home/e0325555/rosjava/catkin_ws_rosjava/build/CMakeFiles/CMakeTmp/CheckSymbolExists.c:
/* */
#include <pthread.h>

int main(int argc, char** argv)
{
  (void)argv;
#ifndef pthread_create
  return ((int*)(&pthread_create))[argc];
#else
  (void)argc;
  return 0;
#endif
}

Determining if the function pthread_create exists in the pthreads failed with the following output:
Change Dir: /home/e0325555/rosjava/catkin_ws_rosjava/build/CMakeFiles/CMakeTmp

Run Build Command:"/usr/bin/make" "cmTC_95702/fast"
/usr/bin/make -f CMakeFiles/cmTC_95702.dir/build.make CMakeFiles/cmTC_95702.dir/build
make[1]: Entering directory '/home/e0325555/rosjava/catkin_ws_rosjava/build/CMakeFiles/CMakeTmp'
Building C object CMakeFiles/cmTC_95702.dir/CheckFunctionExists.c.o
/usr/bin/cc    -DCHECK_FUNCTION_EXISTS=pthread_create   -o CMakeFiles/cmTC_95702.dir/CheckFunctionExists.c.o   -c /usr/share/cmake-3.5/Modules/CheckFunctionExists.c
Linking C executable cmTC_95702
/usr/bin/cmake -E cmake_link_script CMakeFiles/cmTC_95702.dir/link.txt --verbose=1
/usr/bin/cc   -DCHECK_FUNCTION_EXISTS=pthread_create    CMakeFiles/cmTC_95702.dir/CheckFunctionExists.c.o  -o cmTC_95702 -rdynamic -lpthreads 
/usr/bin/ld: cannot find -lpthreads
collect2: error: ld returned 1 exit status
CMakeFiles/cmTC_95702.dir/build.make:97: recipe for target 'cmTC_95702' failed
make[1]: *** [cmTC_95702] Error 1
make[1]: Leaving directory '/home/e0325555/rosjava/catkin_ws_rosjava/build/CMakeFiles/CMakeTmp'
Makefile:126: recipe for target 'cmTC_95702/fast' failed
make: *** [cmTC_95702/fast] Error 2


