[0.062s] Invoking command in '/home/final/ROS_2_ANDROID/build/cpp_pubsub': CMAKE_PREFIX_PATH=${CMAKE_PREFIX_PATH}:/home/final/turtlebot3_ws/install/turtlebot3_teleop:/home/final/turtlebot3_ws/install/turtlebot3_example:/opt/ros/dashing /usr/bin/cmake --build /home/final/ROS_2_ANDROID/build/cpp_pubsub -- -j1 -l1
[0.285s] [35m[1mScanning dependencies of target talker[0m
[0.382s] [ 25%] [32mBuilding CXX object CMakeFiles/talker.dir/src/publisher_member_function.cpp.o[0m
[7.773s] [ 50%] [32m[1mLinking CXX executable talker[0m
[8.296s] [ 50%] Built target talker
[8.387s] [100%] Built target listener
[8.429s] Invoked command in '/home/final/ROS_2_ANDROID/build/cpp_pubsub' returned '0': CMAKE_PREFIX_PATH=${CMAKE_PREFIX_PATH}:/home/final/turtlebot3_ws/install/turtlebot3_teleop:/home/final/turtlebot3_ws/install/turtlebot3_example:/opt/ros/dashing /usr/bin/cmake --build /home/final/ROS_2_ANDROID/build/cpp_pubsub -- -j1 -l1
[8.562s] Invoking command in '/home/final/ROS_2_ANDROID/build/cpp_pubsub': CMAKE_PREFIX_PATH=${CMAKE_PREFIX_PATH}:/home/final/turtlebot3_ws/install/turtlebot3_teleop:/home/final/turtlebot3_ws/install/turtlebot3_example:/opt/ros/dashing /usr/bin/cmake --build /home/final/ROS_2_ANDROID/build/cpp_pubsub --target install -- -j1 -l1
[8.764s] [ 50%] Built target talker
[8.854s] [100%] Built target listener
[8.921s] [36mInstall the project...[0m
[8.952s] -- Install configuration: ""
[8.953s] -- Installing: /home/final/ROS_2_ANDROID/install/cpp_pubsub/lib/cpp_pubsub/talker
[8.956s] -- Set runtime path of "/home/final/ROS_2_ANDROID/install/cpp_pubsub/lib/cpp_pubsub/talker" to ""
[8.957s] -- Up-to-date: /home/final/ROS_2_ANDROID/install/cpp_pubsub/lib/cpp_pubsub/listener
[8.959s] -- Up-to-date: /home/final/ROS_2_ANDROID/install/cpp_pubsub/share/ament_index/resource_index/package_run_dependencies/cpp_pubsub
[8.959s] -- Up-to-date: /home/final/ROS_2_ANDROID/install/cpp_pubsub/share/ament_index/resource_index/parent_prefix_path/cpp_pubsub
[8.959s] -- Up-to-date: /home/final/ROS_2_ANDROID/install/cpp_pubsub/share/cpp_pubsub/environment/ament_prefix_path.sh
[8.962s] -- Up-to-date: /home/final/ROS_2_ANDROID/install/cpp_pubsub/share/cpp_pubsub/environment/path.sh
[8.963s] -- Up-to-date: /home/final/ROS_2_ANDROID/install/cpp_pubsub/share/cpp_pubsub/local_setup.bash
[8.963s] -- Up-to-date: /home/final/ROS_2_ANDROID/install/cpp_pubsub/share/cpp_pubsub/local_setup.sh
[8.965s] -- Up-to-date: /home/final/ROS_2_ANDROID/install/cpp_pubsub/share/cpp_pubsub/local_setup.zsh
[8.965s] -- Up-to-date: /home/final/ROS_2_ANDROID/install/cpp_pubsub/share/ament_index/resource_index/packages/cpp_pubsub
[8.968s] -- Up-to-date: /home/final/ROS_2_ANDROID/install/cpp_pubsub/share/cpp_pubsub/cmake/cpp_pubsubConfig.cmake
[8.968s] -- Up-to-date: /home/final/ROS_2_ANDROID/install/cpp_pubsub/share/cpp_pubsub/cmake/cpp_pubsubConfig-version.cmake
[8.968s] -- Up-to-date: /home/final/ROS_2_ANDROID/install/cpp_pubsub/share/cpp_pubsub/package.xml
[8.980s] Invoked command in '/home/final/ROS_2_ANDROID/build/cpp_pubsub' returned '0': CMAKE_PREFIX_PATH=${CMAKE_PREFIX_PATH}:/home/final/turtlebot3_ws/install/turtlebot3_teleop:/home/final/turtlebot3_ws/install/turtlebot3_example:/opt/ros/dashing /usr/bin/cmake --build /home/final/ROS_2_ANDROID/build/cpp_pubsub --target install -- -j1 -l1
