[0.068s] Invoking command in '/home/final/ROS_2_ANDROID/build/cpp_pubsub': CMAKE_PREFIX_PATH=${CMAKE_PREFIX_PATH}:/opt/ros/dashing /usr/bin/cmake --build /home/final/ROS_2_ANDROID/build/cpp_pubsub -- -j1 -l1
[0.231s] [35m[1mScanning dependencies of target talker[0m
[0.299s] [ 25%] [32mBuilding CXX object CMakeFiles/talker.dir/src/publisher_member_function.cpp.o[0m
[3.588s] [01m[K/home/final/ROS_2_ANDROID/src/publisher_member_function.cpp:[m[K In function ‘[01m[Kint main(int, char**)[m[K’:
[3.588s] [01m[K/home/final/ROS_2_ANDROID/src/publisher_member_function.cpp:114:16:[m[K [01;35m[Kwarning: [m[Kcomparison with string literal results in unspecified behavior [[01;35m[K-Waddress[m[K]
[3.589s]   if (buf[0] == [01;35m[K"1"[m[K) {
[3.589s]                 [01;35m[K^~~[m[K
[3.589s] [01m[K/home/final/ROS_2_ANDROID/src/publisher_member_function.cpp:114:16:[m[K [01;31m[Kerror: [m[KISO C++ forbids comparison between pointer and integer [[01;31m[K-fpermissive[m[K]
[3.591s] [01m[K/home/final/ROS_2_ANDROID/src/publisher_member_function.cpp:120:13:[m[K [01;35m[Kwarning: [m[Kcomparison with string literal results in unspecified behavior [[01;35m[K-Waddress[m[K]
[3.591s]   if (buf == [01;35m[K"2"[m[K) {
[3.591s]              [01;35m[K^~~[m[K
[3.591s] [01m[K/home/final/ROS_2_ANDROID/src/publisher_member_function.cpp:126:13:[m[K [01;35m[Kwarning: [m[Kcomparison with string literal results in unspecified behavior [[01;35m[K-Waddress[m[K]
[3.592s]   if (buf == [01;35m[K"3"[m[K) {
[3.594s]              [01;35m[K^~~[m[K
[3.594s] [01m[K/home/final/ROS_2_ANDROID/src/publisher_member_function.cpp:135:13:[m[K [01;35m[Kwarning: [m[Kcomparison with string literal results in unspecified behavior [[01;35m[K-Waddress[m[K]
[3.594s]   if (buf == [01;35m[K"4"[m[K) {
[3.595s]              [01;35m[K^~~[m[K
[3.595s] [01m[K/home/final/ROS_2_ANDROID/src/publisher_member_function.cpp:141:13:[m[K [01;35m[Kwarning: [m[Kcomparison with string literal results in unspecified behavior [[01;35m[K-Waddress[m[K]
[3.595s]   if (buf == [01;35m[K"5"[m[K) {
[3.596s]              [01;35m[K^~~[m[K
[4.706s] CMakeFiles/talker.dir/build.make:62: recipe for target 'CMakeFiles/talker.dir/src/publisher_member_function.cpp.o' failed
[4.712s] make[2]: *** [CMakeFiles/talker.dir/src/publisher_member_function.cpp.o] Error 1
[4.712s] CMakeFiles/Makefile2:67: recipe for target 'CMakeFiles/talker.dir/all' failed
[4.712s] make[1]: *** [CMakeFiles/talker.dir/all] Error 2
[4.712s] make: *** [all] Error 2
[4.712s] Makefile:140: recipe for target 'all' failed
[4.713s] Invoked command in '/home/final/ROS_2_ANDROID/build/cpp_pubsub' returned '2': CMAKE_PREFIX_PATH=${CMAKE_PREFIX_PATH}:/opt/ros/dashing /usr/bin/cmake --build /home/final/ROS_2_ANDROID/build/cpp_pubsub -- -j1 -l1
