[0.280s] DEBUG:colcon:Command line arguments: ['/usr/bin/colcon', 'build']
[0.281s] DEBUG:colcon:Parsed command line arguments: Namespace(ament_cmake_args=None, base_paths=['.'], build_base='build', catkin_cmake_args=None, catkin_skip_building_tests=False, cmake_args=None, cmake_clean_cache=False, cmake_clean_first=False, cmake_force_configure=False, cmake_target=None, cmake_target_skip_unavailable=False, continue_on_error=False, event_handlers=None, executor='parallel', ignore_user_meta=False, install_base='install', log_base=None, log_level=None, main=<bound method BuildVerb.main of <colcon_core.verb.build.BuildVerb object at 0x7f2b67b63dd8>>, merge_install=False, metas=['./colcon.meta'], packages_above=None, packages_above_and_dependencies=None, packages_above_depth=None, packages_end=None, packages_ignore=None, packages_ignore_regex=None, packages_select=None, packages_select_build_failed=False, packages_select_by_dep=None, packages_select_regex=None, packages_select_test_failures=False, packages_skip=None, packages_skip_build_finished=False, packages_skip_by_dep=None, packages_skip_regex=None, packages_skip_test_passed=False, packages_skip_up_to=None, packages_start=None, packages_up_to=None, packages_up_to_regex=None, parallel_workers=1, paths=None, symlink_install=False, test_result_base=None, verb_extension=<colcon_core.verb.build.BuildVerb object at 0x7f2b67b63dd8>, verb_name='build', verb_parser=<colcon_defaults.argument_parser.defaults.DefaultArgumentsDecorator object at 0x7f2b67aec320>)
[0.346s] Level 1:colcon.colcon_core.package_discovery:discover_packages(colcon_meta) check parameters
[0.346s] Level 1:colcon.colcon_core.package_discovery:discover_packages(recursive) check parameters
[0.346s] Level 1:colcon.colcon_core.package_discovery:discover_packages(ignore) check parameters
[0.346s] Level 1:colcon.colcon_core.package_discovery:discover_packages(path) check parameters
[0.346s] Level 1:colcon.colcon_core.package_discovery:discover_packages(colcon_meta) discover
[0.347s] Level 1:colcon.colcon_core.package_discovery:discover_packages(recursive) discover
[0.347s] INFO:colcon.colcon_core.package_discovery:Crawling recursively for packages in '/home/final/ROS_2_ANDROID'
[0.347s] Level 1:colcon.colcon_core.package_identification:_identify(.) by extensions ['ignore', 'ignore_ament_install']
[0.347s] Level 1:colcon.colcon_core.package_identification:_identify(.) by extension 'ignore'
[0.348s] Level 1:colcon.colcon_core.package_identification:_identify(.) by extension 'ignore_ament_install'
[0.348s] Level 1:colcon.colcon_core.package_identification:_identify(.) by extensions ['colcon_pkg']
[0.348s] Level 1:colcon.colcon_core.package_identification:_identify(.) by extension 'colcon_pkg'
[0.348s] Level 1:colcon.colcon_core.package_identification:_identify(.) by extensions ['colcon_meta']
[0.348s] Level 1:colcon.colcon_core.package_identification:_identify(.) by extension 'colcon_meta'
[0.348s] Level 1:colcon.colcon_core.package_identification:_identify(.) by extensions ['ros']
[0.348s] Level 1:colcon.colcon_core.package_identification:_identify(.) by extension 'ros'
[0.371s] DEBUG:colcon.colcon_core.package_identification:Package '.' with type 'ros.ament_cmake' and name 'cpp_pubsub'
[0.371s] Level 1:colcon.colcon_core.package_discovery:discover_packages(recursive) using defaults
[0.371s] Level 1:colcon.colcon_core.package_discovery:discover_packages(ignore) discover
[0.371s] Level 1:colcon.colcon_core.package_discovery:discover_packages(ignore) using defaults
[0.371s] Level 1:colcon.colcon_core.package_discovery:discover_packages(path) discover
[0.371s] Level 1:colcon.colcon_core.package_discovery:discover_packages(path) using defaults
[0.381s] Level 5:colcon.colcon_core.verb:set package 'cpp_pubsub' build argument 'cmake_args' from command line to 'None'
[0.381s] Level 5:colcon.colcon_core.verb:set package 'cpp_pubsub' build argument 'cmake_target' from command line to 'None'
[0.382s] Level 5:colcon.colcon_core.verb:set package 'cpp_pubsub' build argument 'cmake_target_skip_unavailable' from command line to 'False'
[0.382s] Level 5:colcon.colcon_core.verb:set package 'cpp_pubsub' build argument 'cmake_clean_cache' from command line to 'False'
[0.382s] Level 5:colcon.colcon_core.verb:set package 'cpp_pubsub' build argument 'cmake_clean_first' from command line to 'False'
[0.382s] Level 5:colcon.colcon_core.verb:set package 'cpp_pubsub' build argument 'cmake_force_configure' from command line to 'False'
[0.382s] Level 5:colcon.colcon_core.verb:set package 'cpp_pubsub' build argument 'ament_cmake_args' from command line to 'None'
[0.382s] Level 5:colcon.colcon_core.verb:set package 'cpp_pubsub' build argument 'catkin_cmake_args' from command line to 'None'
[0.382s] Level 5:colcon.colcon_core.verb:set package 'cpp_pubsub' build argument 'catkin_skip_building_tests' from command line to 'False'
[0.382s] DEBUG:colcon.colcon_core.verb:Building package 'cpp_pubsub' with the following arguments: {'ament_cmake_args': None, 'build_base': '/home/final/ROS_2_ANDROID/build/cpp_pubsub', 'catkin_cmake_args': None, 'catkin_skip_building_tests': False, 'cmake_args': None, 'cmake_clean_cache': False, 'cmake_clean_first': False, 'cmake_force_configure': False, 'cmake_target': None, 'cmake_target_skip_unavailable': False, 'install_base': '/home/final/ROS_2_ANDROID/install/cpp_pubsub', 'merge_install': False, 'path': '/home/final/ROS_2_ANDROID', 'symlink_install': False, 'test_result_base': None}
[0.382s] INFO:colcon.colcon_core.executor:Executing jobs using 'parallel' executor
[0.386s] DEBUG:colcon.colcon_parallel_executor.executor.parallel:run_until_complete
[0.386s] INFO:colcon.colcon_ros.task.ament_cmake.build:Building ROS package in '/home/final/ROS_2_ANDROID' with build type 'ament_cmake'
[0.391s] INFO:colcon.colcon_core.plugin_system:Skipping extension 'colcon_core.shell.bat': Not used on non-Windows systems
[0.391s] INFO:colcon.colcon_cmake.task.cmake.build:Building CMake package in '/home/final/ROS_2_ANDROID'
[0.392s] INFO:colcon.colcon_core.shell:Skip shell extension 'powershell' for command environment: Not usable outside of PowerShell
[0.393s] DEBUG:colcon.colcon_core.shell:Skip shell extension 'dsv' for command environment
[0.397s] DEBUG:colcon.colcon_core.shell:Ignoring prefix path '/opt/ros/dashing'
[0.420s] DEBUG:colcon.colcon_core.event_handler.log_command:Invoking command in '/home/final/ROS_2_ANDROID/build/cpp_pubsub': CMAKE_PREFIX_PATH=${CMAKE_PREFIX_PATH}:/opt/ros/dashing /usr/bin/cmake --build /home/final/ROS_2_ANDROID/build/cpp_pubsub -- -j1 -l1
[3.717s] DEBUG:colcon.colcon_core.event_handler.log_command:Invoked command in '/home/final/ROS_2_ANDROID/build/cpp_pubsub' returned '0': CMAKE_PREFIX_PATH=${CMAKE_PREFIX_PATH}:/opt/ros/dashing /usr/bin/cmake --build /home/final/ROS_2_ANDROID/build/cpp_pubsub -- -j1 -l1
[3.779s] DEBUG:colcon.colcon_core.event_handler.log_command:Invoking command in '/home/final/ROS_2_ANDROID/build/cpp_pubsub': CMAKE_PREFIX_PATH=${CMAKE_PREFIX_PATH}:/opt/ros/dashing /usr/bin/cmake --build /home/final/ROS_2_ANDROID/build/cpp_pubsub --target install -- -j1 -l1
[3.972s] Level 1:colcon.colcon_core.environment:create_environment_scripts_only(cpp_pubsub)
[3.980s] DEBUG:colcon.colcon_core.event_handler.log_command:Invoked command in '/home/final/ROS_2_ANDROID/build/cpp_pubsub' returned '0': CMAKE_PREFIX_PATH=${CMAKE_PREFIX_PATH}:/opt/ros/dashing /usr/bin/cmake --build /home/final/ROS_2_ANDROID/build/cpp_pubsub --target install -- -j1 -l1
[3.982s] Level 1:colcon.colcon_core.environment:checking '/home/final/ROS_2_ANDROID/install/cpp_pubsub' for CMake module files
[3.983s] Level 1:colcon.colcon_core.environment:checking '/home/final/ROS_2_ANDROID/install/cpp_pubsub' for CMake config files
[3.983s] Level 1:colcon.colcon_core.shell:create_environment_hook('cpp_pubsub', 'cmake_prefix_path')
[3.984s] INFO:colcon.colcon_core.shell:Creating environment hook '/home/final/ROS_2_ANDROID/install/cpp_pubsub/share/cpp_pubsub/hook/cmake_prefix_path.ps1'
[3.985s] INFO:colcon.colcon_core.shell:Creating environment descriptor '/home/final/ROS_2_ANDROID/install/cpp_pubsub/share/cpp_pubsub/hook/cmake_prefix_path.dsv'
[3.986s] INFO:colcon.colcon_core.shell:Creating environment hook '/home/final/ROS_2_ANDROID/install/cpp_pubsub/share/cpp_pubsub/hook/cmake_prefix_path.sh'
[3.989s] Level 1:colcon.colcon_core.environment:checking '/home/final/ROS_2_ANDROID/install/cpp_pubsub/lib'
[3.989s] Level 1:colcon.colcon_core.environment:checking '/home/final/ROS_2_ANDROID/install/cpp_pubsub/bin'
[3.989s] Level 1:colcon.colcon_core.environment:checking '/home/final/ROS_2_ANDROID/install/cpp_pubsub/lib/pkgconfig/cpp_pubsub.pc'
[3.989s] Level 1:colcon.colcon_core.environment:checking '/home/final/ROS_2_ANDROID/install/cpp_pubsub/lib/python3.6/site-packages'
[3.990s] INFO:colcon.colcon_core.shell:Creating package script '/home/final/ROS_2_ANDROID/install/cpp_pubsub/share/cpp_pubsub/package.ps1'
[3.992s] INFO:colcon.colcon_core.shell:Creating package descriptor '/home/final/ROS_2_ANDROID/install/cpp_pubsub/share/cpp_pubsub/package.dsv'
[3.994s] INFO:colcon.colcon_core.shell:Creating package script '/home/final/ROS_2_ANDROID/install/cpp_pubsub/share/cpp_pubsub/package.sh'
[3.995s] INFO:colcon.colcon_core.shell:Creating package script '/home/final/ROS_2_ANDROID/install/cpp_pubsub/share/cpp_pubsub/package.bash'
[3.997s] INFO:colcon.colcon_core.shell:Creating package script '/home/final/ROS_2_ANDROID/install/cpp_pubsub/share/cpp_pubsub/package.zsh'
[3.999s] Level 1:colcon.colcon_core.environment:create_file_with_runtime_dependencies(/home/final/ROS_2_ANDROID/install/cpp_pubsub/share/colcon-core/packages/cpp_pubsub)
[4.001s] DEBUG:colcon.colcon_parallel_executor.executor.parallel:closing loop
[4.002s] DEBUG:colcon.colcon_parallel_executor.executor.parallel:loop closed
[4.002s] DEBUG:colcon.colcon_parallel_executor.executor.parallel:run_until_complete finished with '0'
[4.002s] DEBUG:colcon.colcon_core.event_reactor:joining thread
[4.020s] INFO:colcon.colcon_core.plugin_system:Skipping extension 'colcon_notification.desktop_notification.terminal_notifier': Not used on non-Darwin systems
[4.024s] INFO:colcon.colcon_core.plugin_system:Skipping extension 'colcon_notification.desktop_notification.win32': Not used on non-Windows systems
[4.024s] INFO:colcon.colcon_notification.desktop_notification:Sending desktop notification using 'notify2'
[4.037s] DEBUG:colcon.colcon_core.event_reactor:joined thread
[4.039s] INFO:colcon.colcon_core.shell:Creating prefix script '/home/final/ROS_2_ANDROID/install/local_setup.ps1'
[4.042s] INFO:colcon.colcon_core.shell:Creating prefix util module '/home/final/ROS_2_ANDROID/install/_local_setup_util_ps1.py'
[4.049s] INFO:colcon.colcon_core.shell:Creating prefix chain script '/home/final/ROS_2_ANDROID/install/setup.ps1'
[4.096s] INFO:colcon.colcon_core.shell:Creating prefix script '/home/final/ROS_2_ANDROID/install/local_setup.sh'
[4.102s] INFO:colcon.colcon_core.shell:Creating prefix util module '/home/final/ROS_2_ANDROID/install/_local_setup_util_sh.py'
[4.103s] INFO:colcon.colcon_core.shell:Creating prefix chain script '/home/final/ROS_2_ANDROID/install/setup.sh'
[4.114s] INFO:colcon.colcon_core.shell:Creating prefix script '/home/final/ROS_2_ANDROID/install/local_setup.bash'
[4.115s] INFO:colcon.colcon_core.shell:Creating prefix chain script '/home/final/ROS_2_ANDROID/install/setup.bash'
[4.128s] INFO:colcon.colcon_core.shell:Creating prefix script '/home/final/ROS_2_ANDROID/install/local_setup.zsh'
[4.129s] INFO:colcon.colcon_core.shell:Creating prefix chain script '/home/final/ROS_2_ANDROID/install/setup.zsh'
