[0.018s] Invoking command in '/home/final/ROS_2_ANDROID/build/cpp_pubsub': CMAKE_PREFIX_PATH=${CMAKE_PREFIX_PATH}:/opt/ros/dashing /usr/bin/cmake --build /home/final/ROS_2_ANDROID/build/cpp_pubsub -- -j1 -l1
[0.092s] [35m[1mScanning dependencies of target talker[0m
[0.149s] [ 25%] [32mBuilding CXX object CMakeFiles/talker.dir/src/publisher_member_function.cpp.o[0m
[1.621s] [01m[K/home/final/ROS_2_ANDROID/src/publisher_member_function.cpp:[m[K In function ‘[01m[Kint main(int, char**)[m[K’:
[1.622s] [01m[K/home/final/ROS_2_ANDROID/src/publisher_member_function.cpp:113:30:[m[K [01;31m[Kerror: [m[Kexpected primary-expression before ‘[01m[K.[m[K’ token
[1.622s]   message.linear=geometry_msgs[01;31m[K.[m[Kmsg.Vector3(x=2.0, y=0.0, z=0.0);
[1.622s]                               [01;31m[K^[m[K
[1.622s] [01m[K/home/final/ROS_2_ANDROID/src/publisher_member_function.cpp:113:43:[m[K [01;31m[Kerror: [m[K‘[01m[Kx[m[K’ was not declared in this scope
[1.622s]   message.linear=geometry_msgs.msg.Vector3([01;31m[Kx[m[K=2.0, y=0.0, z=0.0);
[1.623s]                                            [01;31m[K^[m[K
[1.624s] [01m[K/home/final/ROS_2_ANDROID/src/publisher_member_function.cpp:113:50:[m[K [01;31m[Kerror: [m[K‘[01m[Ky[m[K’ was not declared in this scope
[1.624s]   message.linear=geometry_msgs.msg.Vector3(x=2.0, [01;31m[Ky[m[K=0.0, z=0.0);
[1.624s]                                                   [01;31m[K^[m[K
[1.626s] [01m[K/home/final/ROS_2_ANDROID/src/publisher_member_function.cpp:113:57:[m[K [01;31m[Kerror: [m[K‘[01m[Kz[m[K’ was not declared in this scope
[1.626s]   message.linear=geometry_msgs.msg.Vector3(x=2.0, y=0.0, [01;31m[Kz[m[K=0.0);
[1.626s]                                                          [01;31m[K^[m[K
[1.627s] [01m[K/home/final/ROS_2_ANDROID/src/publisher_member_function.cpp:114:31:[m[K [01;31m[Kerror: [m[Kexpected primary-expression before ‘[01m[K.[m[K’ token
[1.627s]   message.angular=geometry_msgs[01;31m[K.[m[Kmsg.Vector3(x=0.0, y=0.0, z=1.8);
[1.628s]                                [01;31m[K^[m[K
[1.629s] In file included from [01m[K/opt/ros/dashing/include/rclcpp/client.hpp:39:0[m[K,
[1.629s]                  from [01m[K/opt/ros/dashing/include/rclcpp/callback_group.hpp:23[m[K,
[1.629s]                  from [01m[K/opt/ros/dashing/include/rclcpp/any_executable.hpp:20[m[K,
[1.629s]                  from [01m[K/opt/ros/dashing/include/rclcpp/memory_strategy.hpp:24[m[K,
[1.630s]                  from [01m[K/opt/ros/dashing/include/rclcpp/memory_strategies.hpp:18[m[K,
[1.630s]                  from [01m[K/opt/ros/dashing/include/rclcpp/executor.hpp:33[m[K,
[1.630s]                  from [01m[K/opt/ros/dashing/include/rclcpp/executors/multi_threaded_executor.hpp:24[m[K,
[1.630s]                  from [01m[K/opt/ros/dashing/include/rclcpp/executors.hpp:21[m[K,
[1.630s]                  from [01m[K/opt/ros/dashing/include/rclcpp/rclcpp.hpp:144[m[K,
[1.631s]                  from [01m[K/home/final/ROS_2_ANDROID/src/publisher_member_function.cpp:18[m[K:
[1.631s] [01m[K/home/final/ROS_2_ANDROID/src/publisher_member_function.cpp:116:59:[m[K [01;31m[Kerror: [m[K‘[01m[Kmsg[m[K’ was not declared in this scope
[1.631s]   RCLCPP_INFO(node->get_logger(), "I heard: '%i, %i, %i'", [01;31m[Km[m[Ksg->linear.x, msg->linear.y, msg->linear.z);
[1.635s]                                                            [01;31m[K^[m[K
[1.635s] [01m[K/opt/ros/dashing/include/rcutils/logging_macros.h:72:64:[m[K [01;36m[Knote: [m[Kin definition of macro ‘[01m[KRCUTILS_LOG_COND_NAMED[m[K’
[1.636s]        rcutils_log(&__rcutils_logging_location, severity, name, [01;36m[K__VA_ARGS__[m[K); \
[1.636s]                                                                 [01;36m[K^~~~~~~~~~~[m[K
[1.636s] [01m[K/opt/ros/dashing/include/rclcpp/logging.hpp:218:5:[m[K [01;36m[Knote: [m[Kin expansion of macro ‘[01m[KRCUTILS_LOG_INFO_NAMED[m[K’
[1.637s]      [01;36m[KRCUTILS_LOG_INFO_NAMED[m[K( \
[1.637s]      [01;36m[K^~~~~~~~~~~~~~~~~~~~~~[m[K
[1.637s] [01m[K/opt/ros/dashing/include/rclcpp/logging.hpp:221:9:[m[K [01;36m[Knote: [m[Kin expansion of macro ‘[01m[KRCLCPP_ALL_BUT_FIRST_ARGS[m[K’
[1.638s]          [01;36m[KRCLCPP_ALL_BUT_FIRST_ARGS[m[K(__VA_ARGS__,"")); \
[1.638s]          [01;36m[K^~~~~~~~~~~~~~~~~~~~~~~~~[m[K
[1.638s] [01m[K/home/final/ROS_2_ANDROID/src/publisher_member_function.cpp:116:2:[m[K [01;36m[Knote: [m[Kin expansion of macro ‘[01m[KRCLCPP_INFO[m[K’
[1.638s]   [01;36m[KRCLCPP_INFO[m[K(node->get_logger(), "I heard: '%i, %i, %i'", msg->linear.x, msg->linear.y, msg->linear.z);
[1.639s]   [01;36m[K^~~~~~~~~~~[m[K
[1.639s] [01m[K/home/final/ROS_2_ANDROID/src/publisher_member_function.cpp:116:59:[m[K [01;36m[Knote: [m[Ksuggested alternatives:
[1.639s]   RCLCPP_INFO(node->get_logger(), "I heard: '%i, %i, %i'", [01;36m[Km[m[Ksg->linear.x, msg->linear.y, msg->linear.z);
[1.644s]                                                            [01;36m[K^[m[K
[1.644s] [01m[K/opt/ros/dashing/include/rcutils/logging_macros.h:72:64:[m[K [01;36m[Knote: [m[Kin definition of macro ‘[01m[KRCUTILS_LOG_COND_NAMED[m[K’
[1.644s]        rcutils_log(&__rcutils_logging_location, severity, name, [01;36m[K__VA_ARGS__[m[K); \
[1.645s]                                                                 [01;36m[K^~~~~~~~~~~[m[K
[1.645s] [01m[K/opt/ros/dashing/include/rclcpp/logging.hpp:218:5:[m[K [01;36m[Knote: [m[Kin expansion of macro ‘[01m[KRCUTILS_LOG_INFO_NAMED[m[K’
[1.645s]      [01;36m[KRCUTILS_LOG_INFO_NAMED[m[K( \
[1.645s]      [01;36m[K^~~~~~~~~~~~~~~~~~~~~~[m[K
[1.645s] [01m[K/opt/ros/dashing/include/rclcpp/logging.hpp:221:9:[m[K [01;36m[Knote: [m[Kin expansion of macro ‘[01m[KRCLCPP_ALL_BUT_FIRST_ARGS[m[K’
[1.645s]          [01;36m[KRCLCPP_ALL_BUT_FIRST_ARGS[m[K(__VA_ARGS__,"")); \
[1.645s]          [01;36m[K^~~~~~~~~~~~~~~~~~~~~~~~~[m[K
[1.646s] [01m[K/home/final/ROS_2_ANDROID/src/publisher_member_function.cpp:116:2:[m[K [01;36m[Knote: [m[Kin expansion of macro ‘[01m[KRCLCPP_INFO[m[K’
[1.646s]   [01;36m[KRCLCPP_INFO[m[K(node->get_logger(), "I heard: '%i, %i, %i'", msg->linear.x, msg->linear.y, msg->linear.z);
[1.646s]   [01;36m[K^~~~~~~~~~~[m[K
[1.646s] In file included from [01m[K/opt/ros/dashing/include/rcl_interfaces/msg/intra_process_message.hpp:7:0[m[K,
[1.646s]                  from [01m[K/opt/ros/dashing/include/rclcpp/publisher.hpp:31[m[K,
[1.647s]                  from [01m[K/opt/ros/dashing/include/rclcpp/callback_group.hpp:24[m[K,
[1.647s]                  from [01m[K/opt/ros/dashing/include/rclcpp/any_executable.hpp:20[m[K,
[1.651s]                  from [01m[K/opt/ros/dashing/include/rclcpp/memory_strategy.hpp:24[m[K,
[1.651s]                  from [01m[K/opt/ros/dashing/include/rclcpp/memory_strategies.hpp:18[m[K,
[1.651s]                  from [01m[K/opt/ros/dashing/include/rclcpp/executor.hpp:33[m[K,
[1.651s]                  from [01m[K/opt/ros/dashing/include/rclcpp/executors/multi_threaded_executor.hpp:24[m[K,
[1.651s]                  from [01m[K/opt/ros/dashing/include/rclcpp/executors.hpp:21[m[K,
[1.652s]                  from [01m[K/opt/ros/dashing/include/rclcpp/rclcpp.hpp:144[m[K,
[1.652s]                  from [01m[K/home/final/ROS_2_ANDROID/src/publisher_member_function.cpp:18[m[K:
[1.652s] [01m[K/opt/ros/dashing/include/rcl_interfaces/msg/intra_process_message__struct.hpp:36:11:[m[K [01;36m[Knote: [m[K  ‘[01m[Krcl_interfaces::msg[m[K’
[1.652s]  namespace [01;36m[Kmsg[m[K
[1.652s]            [01;36m[K^~~[m[K
[1.652s] In file included from [01m[K/opt/ros/dashing/include/builtin_interfaces/msg/time.hpp:7:0[m[K,
[1.652s]                  from [01m[K/opt/ros/dashing/include/rclcpp/time.hpp:18[m[K,
[1.652s]                  from [01m[K/opt/ros/dashing/include/rclcpp/clock.hpp:21[m[K,
[1.652s]                  from [01m[K/opt/ros/dashing/include/rclcpp/timer.hpp:26[m[K,
[1.653s]                  from [01m[K/opt/ros/dashing/include/rclcpp/callback_group.hpp:27[m[K,
[1.653s]                  from [01m[K/opt/ros/dashing/include/rclcpp/any_executable.hpp:20[m[K,
[1.653s]                  from [01m[K/opt/ros/dashing/include/rclcpp/memory_strategy.hpp:24[m[K,
[1.653s]                  from [01m[K/opt/ros/dashing/include/rclcpp/memory_strategies.hpp:18[m[K,
[1.653s]                  from [01m[K/opt/ros/dashing/include/rclcpp/executor.hpp:33[m[K,
[1.653s]                  from [01m[K/opt/ros/dashing/include/rclcpp/executors/multi_threaded_executor.hpp:24[m[K,
[1.653s]                  from [01m[K/opt/ros/dashing/include/rclcpp/executors.hpp:21[m[K,
[1.654s]                  from [01m[K/opt/ros/dashing/include/rclcpp/rclcpp.hpp:144[m[K,
[1.654s]                  from [01m[K/home/final/ROS_2_ANDROID/src/publisher_member_function.cpp:18[m[K:
[1.654s] [01m[K/opt/ros/dashing/include/builtin_interfaces/msg/time__struct.hpp:36:11:[m[K [01;36m[Knote: [m[K  ‘[01m[Kbuiltin_interfaces::msg[m[K’
[1.654s]  namespace [01;36m[Kmsg[m[K
[1.654s]            [01;36m[K^~~[m[K
[1.654s] In file included from [01m[K/opt/ros/dashing/include/std_msgs/msg/string.hpp:7:0[m[K,
[1.655s]                  from [01m[K/home/final/ROS_2_ANDROID/src/publisher_member_function.cpp:19[m[K:
[1.655s] [01m[K/opt/ros/dashing/include/std_msgs/msg/string__struct.hpp:36:11:[m[K [01;36m[Knote: [m[K  ‘[01m[Kstd_msgs::msg[m[K’
[1.655s]  namespace [01;36m[Kmsg[m[K
[1.655s]            [01;36m[K^~~[m[K
[1.659s] In file included from [01m[K/opt/ros/dashing/include/geometry_msgs/msg/twist__struct.hpp:30:0[m[K,
[1.659s]                  from [01m[K/opt/ros/dashing/include/geometry_msgs/msg/twist.hpp:7[m[K,
[1.659s]                  from [01m[K/home/final/ROS_2_ANDROID/src/publisher_member_function.cpp:20[m[K:
[1.660s] [01m[K/opt/ros/dashing/include/geometry_msgs/msg/vector3__struct.hpp:36:11:[m[K [01;36m[Knote: [m[K  ‘[01m[Kgeometry_msgs::msg[m[K’
[1.660s]  namespace [01;36m[Kmsg[m[K
[1.660s]            [01;36m[K^~~[m[K
[2.148s] CMakeFiles/talker.dir/build.make:62: recipe for target 'CMakeFiles/talker.dir/src/publisher_member_function.cpp.o' failed
[2.149s] make[2]: *** [CMakeFiles/talker.dir/src/publisher_member_function.cpp.o] Error 1
[2.150s] make[1]: *** [CMakeFiles/talker.dir/all] Error 2
[2.150s] make: *** [all] Error 2
[2.150s] CMakeFiles/Makefile2:67: recipe for target 'CMakeFiles/talker.dir/all' failed
[2.150s] Makefile:140: recipe for target 'all' failed
[2.150s] Invoked command in '/home/final/ROS_2_ANDROID/build/cpp_pubsub' returned '2': CMAKE_PREFIX_PATH=${CMAKE_PREFIX_PATH}:/opt/ros/dashing /usr/bin/cmake --build /home/final/ROS_2_ANDROID/build/cpp_pubsub -- -j1 -l1
