[0.024s] Invoking command in '/home/final/ROS_2_ANDROID/build/cpp_pubsub': CMAKE_PREFIX_PATH=${CMAKE_PREFIX_PATH}:/opt/ros/dashing /usr/bin/cmake --build /home/final/ROS_2_ANDROID/build/cpp_pubsub -- -j1 -l1
[0.101s] [35m[1mScanning dependencies of target talker[0m
[0.168s] [ 25%] [32mBuilding CXX object CMakeFiles/talker.dir/src/publisher_member_function.cpp.o[0m
[1.787s] [01m[K/home/final/ROS_2_ANDROID/src/publisher_member_function.cpp:[m[K In function ‘[01m[Kint main(int, char**)[m[K’:
[1.788s] [01m[K/home/final/ROS_2_ANDROID/src/publisher_member_function.cpp:113:19:[m[K [01;35m[Kwarning: [m[KISO C++ does not allow designated initializers [[01;35m[K-Wpedantic[m[K]
[1.788s]   message.linear = [01;35m[K{[m[Kx: 1.0,y: 0.0,z:0.0}
[1.788s]                    [01;35m[K^[m[K
[1.788s] [01m[K/home/final/ROS_2_ANDROID/src/publisher_member_function.cpp:113:26:[m[K [01;35m[Kwarning: [m[KISO C++ does not allow designated initializers [[01;35m[K-Wpedantic[m[K]
[1.788s]   message.linear = {x: 1.0[01;35m[K,[m[Ky: 0.0,z:0.0}
[1.789s]                           [01;35m[K^[m[K
[1.789s] [01m[K/home/final/ROS_2_ANDROID/src/publisher_member_function.cpp:113:33:[m[K [01;35m[Kwarning: [m[KISO C++ does not allow designated initializers [[01;35m[K-Wpedantic[m[K]
[1.789s]   message.linear = {x: 1.0,y: 0.0[01;35m[K,[m[Kz:0.0}
[1.789s]                                  [01;35m[K^[m[K
[1.789s] [01m[K/home/final/ROS_2_ANDROID/src/publisher_member_function.cpp:113:39:[m[K [01;31m[Kerror: [m[Kno match for ‘[01m[Koperator=[m[K’ (operand types are ‘[01m[Kgeometry_msgs::msg::Twist_<std::allocator<void> >::_linear_type {aka geometry_msgs::msg::Vector3_<std::allocator<void> >}[m[K’ and ‘[01m[K<brace-enclosed initializer list>[m[K’)
[1.790s]   message.linear = {x: 1.0,y: 0.0,z:0.0[01;31m[K}[m[K
[1.790s]                                        [01;31m[K^[m[K
[1.790s] In file included from [01m[K/opt/ros/dashing/include/geometry_msgs/msg/twist__struct.hpp:30:0[m[K,
[1.790s]                  from [01m[K/opt/ros/dashing/include/geometry_msgs/msg/twist.hpp:7[m[K,
[1.790s]                  from [01m[K/home/final/ROS_2_ANDROID/src/publisher_member_function.cpp:20[m[K:
[1.791s] [01m[K/opt/ros/dashing/include/geometry_msgs/msg/vector3__struct.hpp:41:8:[m[K [01;36m[Knote: [m[Kcandidate: constexpr geometry_msgs::msg::Vector3_<std::allocator<void> >& geometry_msgs::msg::Vector3_<std::allocator<void> >::operator=(const geometry_msgs::msg::Vector3_<std::allocator<void> >&)
[1.791s]  struct [01;36m[KVector3_[m[K
[1.791s]         [01;36m[K^~~~~~~~[m[K
[1.792s] [01m[K/opt/ros/dashing/include/geometry_msgs/msg/vector3__struct.hpp:41:8:[m[K [01;36m[Knote: [m[K  no known conversion for argument 1 from ‘[01m[K<brace-enclosed initializer list>[m[K’ to ‘[01m[Kconst geometry_msgs::msg::Vector3_<std::allocator<void> >&[m[K’
[1.795s] [01m[K/opt/ros/dashing/include/geometry_msgs/msg/vector3__struct.hpp:41:8:[m[K [01;36m[Knote: [m[Kcandidate: constexpr geometry_msgs::msg::Vector3_<std::allocator<void> >& geometry_msgs::msg::Vector3_<std::allocator<void> >::operator=(geometry_msgs::msg::Vector3_<std::allocator<void> >&&)
[1.795s] [01m[K/opt/ros/dashing/include/geometry_msgs/msg/vector3__struct.hpp:41:8:[m[K [01;36m[Knote: [m[K  no known conversion for argument 1 from ‘[01m[K<brace-enclosed initializer list>[m[K’ to ‘[01m[Kgeometry_msgs::msg::Vector3_<std::allocator<void> >&&[m[K’
[2.356s] CMakeFiles/talker.dir/build.make:62: recipe for target 'CMakeFiles/talker.dir/src/publisher_member_function.cpp.o' failed
[2.359s] make[2]: *** [CMakeFiles/talker.dir/src/publisher_member_function.cpp.o] Error 1
[2.359s] make[1]: *** [CMakeFiles/talker.dir/all] Error 2
[2.359s] make: *** [all] Error 2
[2.359s] CMakeFiles/Makefile2:67: recipe for target 'CMakeFiles/talker.dir/all' failed
[2.360s] Makefile:140: recipe for target 'all' failed
[2.360s] Invoked command in '/home/final/ROS_2_ANDROID/build/cpp_pubsub' returned '2': CMAKE_PREFIX_PATH=${CMAKE_PREFIX_PATH}:/opt/ros/dashing /usr/bin/cmake --build /home/final/ROS_2_ANDROID/build/cpp_pubsub -- -j1 -l1
