[0.019s] Invoking command in '/home/final/ROS_2_ANDROID/build/cpp_pubsub': CMAKE_PREFIX_PATH=${CMAKE_PREFIX_PATH}:/opt/ros/dashing /usr/bin/cmake --build /home/final/ROS_2_ANDROID/build/cpp_pubsub -- -j1 -l1
[0.095s] [35m[1mScanning dependencies of target talker[0m
[0.157s] [ 25%] [32mBuilding CXX object CMakeFiles/talker.dir/src/publisher_member_function.cpp.o[0m
[1.689s] [01m[K/home/final/ROS_2_ANDROID/src/publisher_member_function.cpp:[m[K In function ‘[01m[Kint main(int, char**)[m[K’:
[1.689s] [01m[K/home/final/ROS_2_ANDROID/src/publisher_member_function.cpp:113:12:[m[K [01;35m[Kwarning: [m[KISO C++ does not allow designated initializers [[01;35m[K-Wpedantic[m[K]
[1.689s]   message = [01;35m[K{[m[K
[1.689s]             [01;35m[K^[m[K
[1.690s] [01m[K/home/final/ROS_2_ANDROID/src/publisher_member_function.cpp:114:25:[m[K [01;35m[Kwarning: [m[KISO C++ does not allow designated initializers [[01;35m[K-Wpedantic[m[K]
[1.690s]                  linear: [01;35m[K{[m[K x: 1.0, y: 0.0, z: 0.0, },
[1.690s]                          [01;35m[K^[m[K
[1.692s] [01m[K/home/final/ROS_2_ANDROID/src/publisher_member_function.cpp:114:33:[m[K [01;35m[Kwarning: [m[KISO C++ does not allow designated initializers [[01;35m[K-Wpedantic[m[K]
[1.692s]                  linear: { x: 1.0[01;35m[K,[m[K y: 0.0, z: 0.0, },
[1.692s]                                  [01;35m[K^[m[K
[1.693s] [01m[K/home/final/ROS_2_ANDROID/src/publisher_member_function.cpp:114:41:[m[K [01;35m[Kwarning: [m[KISO C++ does not allow designated initializers [[01;35m[K-Wpedantic[m[K]
[1.693s]                  linear: { x: 1.0, y: 0.0[01;35m[K,[m[K z: 0.0, },
[1.693s]                                          [01;35m[K^[m[K
[1.693s] [01m[K/home/final/ROS_2_ANDROID/src/publisher_member_function.cpp:114:52:[m[K [01;35m[Kwarning: [m[KISO C++ does not allow designated initializers [[01;35m[K-Wpedantic[m[K]
[1.693s]                  linear: { x: 1.0, y: 0.0, z: 0.0, }[01;35m[K,[m[K
[1.694s]                                                     [01;35m[K^[m[K
[1.694s] [01m[K/home/final/ROS_2_ANDROID/src/publisher_member_function.cpp:115:19:[m[K [01;35m[Kwarning: [m[KISO C++ does not allow designated initializers [[01;35m[K-Wpedantic[m[K]
[1.694s]           angular: [01;35m[K{[m[K x: 0.0, y: 0.0, z: 0.0, },
[1.694s]                    [01;35m[K^[m[K
[1.694s] [01m[K/home/final/ROS_2_ANDROID/src/publisher_member_function.cpp:115:27:[m[K [01;35m[Kwarning: [m[KISO C++ does not allow designated initializers [[01;35m[K-Wpedantic[m[K]
[1.695s]           angular: { x: 0.0[01;35m[K,[m[K y: 0.0, z: 0.0, },
[1.695s]                            [01;35m[K^[m[K
[1.696s] [01m[K/home/final/ROS_2_ANDROID/src/publisher_member_function.cpp:115:35:[m[K [01;35m[Kwarning: [m[KISO C++ does not allow designated initializers [[01;35m[K-Wpedantic[m[K]
[1.696s]           angular: { x: 0.0, y: 0.0[01;35m[K,[m[K z: 0.0, },
[1.697s]                                    [01;35m[K^[m[K
[1.697s] [01m[K/home/final/ROS_2_ANDROID/src/publisher_member_function.cpp:116:9:[m[K [01;31m[Kerror: [m[Kno match for ‘[01m[Koperator=[m[K’ (operand types are ‘[01m[Kgeometry_msgs::msg::Twist_<std::allocator<void> >[m[K’ and ‘[01m[K<brace-enclosed initializer list>[m[K’)
[1.697s]          [01;31m[K}[m[K;
[1.697s]          [01;31m[K^[m[K
[1.697s] In file included from [01m[K/opt/ros/dashing/include/geometry_msgs/msg/twist.hpp:7:0[m[K,
[1.697s]                  from [01m[K/home/final/ROS_2_ANDROID/src/publisher_member_function.cpp:20[m[K:
[1.697s] [01m[K/opt/ros/dashing/include/geometry_msgs/msg/twist__struct.hpp:46:8:[m[K [01;36m[Knote: [m[Kcandidate: constexpr geometry_msgs::msg::Twist_<std::allocator<void> >& geometry_msgs::msg::Twist_<std::allocator<void> >::operator=(const geometry_msgs::msg::Twist_<std::allocator<void> >&)
[1.697s]  struct [01;36m[KTwist_[m[K
[1.698s]         [01;36m[K^~~~~~[m[K
[1.698s] [01m[K/opt/ros/dashing/include/geometry_msgs/msg/twist__struct.hpp:46:8:[m[K [01;36m[Knote: [m[K  no known conversion for argument 1 from ‘[01m[K<brace-enclosed initializer list>[m[K’ to ‘[01m[Kconst geometry_msgs::msg::Twist_<std::allocator<void> >&[m[K’
[1.698s] [01m[K/opt/ros/dashing/include/geometry_msgs/msg/twist__struct.hpp:46:8:[m[K [01;36m[Knote: [m[Kcandidate: constexpr geometry_msgs::msg::Twist_<std::allocator<void> >& geometry_msgs::msg::Twist_<std::allocator<void> >::operator=(geometry_msgs::msg::Twist_<std::allocator<void> >&&)
[1.708s] [01m[K/opt/ros/dashing/include/geometry_msgs/msg/twist__struct.hpp:46:8:[m[K [01;36m[Knote: [m[K  no known conversion for argument 1 from ‘[01m[K<brace-enclosed initializer list>[m[K’ to ‘[01m[Kgeometry_msgs::msg::Twist_<std::allocator<void> >&&[m[K’
[1.708s] In file included from [01m[K/opt/ros/dashing/include/rclcpp/client.hpp:39:0[m[K,
[1.708s]                  from [01m[K/opt/ros/dashing/include/rclcpp/callback_group.hpp:23[m[K,
[1.709s]                  from [01m[K/opt/ros/dashing/include/rclcpp/any_executable.hpp:20[m[K,
[1.709s]                  from [01m[K/opt/ros/dashing/include/rclcpp/memory_strategy.hpp:24[m[K,
[1.709s]                  from [01m[K/opt/ros/dashing/include/rclcpp/memory_strategies.hpp:18[m[K,
[1.709s]                  from [01m[K/opt/ros/dashing/include/rclcpp/executor.hpp:33[m[K,
[1.709s]                  from [01m[K/opt/ros/dashing/include/rclcpp/executors/multi_threaded_executor.hpp:24[m[K,
[1.709s]                  from [01m[K/opt/ros/dashing/include/rclcpp/executors.hpp:21[m[K,
[1.709s]                  from [01m[K/opt/ros/dashing/include/rclcpp/rclcpp.hpp:144[m[K,
[1.709s]                  from [01m[K/home/final/ROS_2_ANDROID/src/publisher_member_function.cpp:18[m[K:
[1.710s] [01m[K/home/final/ROS_2_ANDROID/src/publisher_member_function.cpp:118:59:[m[K [01;31m[Kerror: [m[K‘[01m[Kmsg[m[K’ was not declared in this scope
[1.710s]   RCLCPP_INFO(node->get_logger(), "I heard: '%i, %i, %i'", [01;31m[Km[m[Ksg->linear.x, msg->linear.y, msg->linear.z);
[1.710s]                                                            [01;31m[K^[m[K
[1.710s] [01m[K/opt/ros/dashing/include/rcutils/logging_macros.h:72:64:[m[K [01;36m[Knote: [m[Kin definition of macro ‘[01m[KRCUTILS_LOG_COND_NAMED[m[K’
[1.710s]        rcutils_log(&__rcutils_logging_location, severity, name, [01;36m[K__VA_ARGS__[m[K); \
[1.710s]                                                                 [01;36m[K^~~~~~~~~~~[m[K
[1.710s] [01m[K/opt/ros/dashing/include/rclcpp/logging.hpp:218:5:[m[K [01;36m[Knote: [m[Kin expansion of macro ‘[01m[KRCUTILS_LOG_INFO_NAMED[m[K’
[1.711s]      [01;36m[KRCUTILS_LOG_INFO_NAMED[m[K( \
[1.711s]      [01;36m[K^~~~~~~~~~~~~~~~~~~~~~[m[K
[1.711s] [01m[K/opt/ros/dashing/include/rclcpp/logging.hpp:221:9:[m[K [01;36m[Knote: [m[Kin expansion of macro ‘[01m[KRCLCPP_ALL_BUT_FIRST_ARGS[m[K’
[1.714s]          [01;36m[KRCLCPP_ALL_BUT_FIRST_ARGS[m[K(__VA_ARGS__,"")); \
[1.714s]          [01;36m[K^~~~~~~~~~~~~~~~~~~~~~~~~[m[K
[1.714s] [01m[K/home/final/ROS_2_ANDROID/src/publisher_member_function.cpp:118:2:[m[K [01;36m[Knote: [m[Kin expansion of macro ‘[01m[KRCLCPP_INFO[m[K’
[1.714s]   [01;36m[KRCLCPP_INFO[m[K(node->get_logger(), "I heard: '%i, %i, %i'", msg->linear.x, msg->linear.y, msg->linear.z);
[1.715s]   [01;36m[K^~~~~~~~~~~[m[K
[1.715s] [01m[K/home/final/ROS_2_ANDROID/src/publisher_member_function.cpp:118:59:[m[K [01;36m[Knote: [m[Ksuggested alternatives:
[1.715s]   RCLCPP_INFO(node->get_logger(), "I heard: '%i, %i, %i'", [01;36m[Km[m[Ksg->linear.x, msg->linear.y, msg->linear.z);
[1.716s]                                                            [01;36m[K^[m[K
[1.716s] [01m[K/opt/ros/dashing/include/rcutils/logging_macros.h:72:64:[m[K [01;36m[Knote: [m[Kin definition of macro ‘[01m[KRCUTILS_LOG_COND_NAMED[m[K’
[1.716s]        rcutils_log(&__rcutils_logging_location, severity, name, [01;36m[K__VA_ARGS__[m[K); \
[1.718s]                                                                 [01;36m[K^~~~~~~~~~~[m[K
[1.719s] [01m[K/opt/ros/dashing/include/rclcpp/logging.hpp:218:5:[m[K [01;36m[Knote: [m[Kin expansion of macro ‘[01m[KRCUTILS_LOG_INFO_NAMED[m[K’
[1.719s]      [01;36m[KRCUTILS_LOG_INFO_NAMED[m[K( \
[1.719s]      [01;36m[K^~~~~~~~~~~~~~~~~~~~~~[m[K
[1.719s] [01m[K/opt/ros/dashing/include/rclcpp/logging.hpp:221:9:[m[K [01;36m[Knote: [m[Kin expansion of macro ‘[01m[KRCLCPP_ALL_BUT_FIRST_ARGS[m[K’
[1.719s]          [01;36m[KRCLCPP_ALL_BUT_FIRST_ARGS[m[K(__VA_ARGS__,"")); \
[1.719s]          [01;36m[K^~~~~~~~~~~~~~~~~~~~~~~~~[m[K
[1.719s] [01m[K/home/final/ROS_2_ANDROID/src/publisher_member_function.cpp:118:2:[m[K [01;36m[Knote: [m[Kin expansion of macro ‘[01m[KRCLCPP_INFO[m[K’
[1.719s]   [01;36m[KRCLCPP_INFO[m[K(node->get_logger(), "I heard: '%i, %i, %i'", msg->linear.x, msg->linear.y, msg->linear.z);
[1.720s]   [01;36m[K^~~~~~~~~~~[m[K
[1.720s] In file included from [01m[K/opt/ros/dashing/include/rcl_interfaces/msg/intra_process_message.hpp:7:0[m[K,
[1.720s]                  from [01m[K/opt/ros/dashing/include/rclcpp/publisher.hpp:31[m[K,
[1.720s]                  from [01m[K/opt/ros/dashing/include/rclcpp/callback_group.hpp:24[m[K,
[1.720s]                  from [01m[K/opt/ros/dashing/include/rclcpp/any_executable.hpp:20[m[K,
[1.720s]                  from [01m[K/opt/ros/dashing/include/rclcpp/memory_strategy.hpp:24[m[K,
[1.720s]                  from [01m[K/opt/ros/dashing/include/rclcpp/memory_strategies.hpp:18[m[K,
[1.721s]                  from [01m[K/opt/ros/dashing/include/rclcpp/executor.hpp:33[m[K,
[1.721s]                  from [01m[K/opt/ros/dashing/include/rclcpp/executors/multi_threaded_executor.hpp:24[m[K,
[1.721s]                  from [01m[K/opt/ros/dashing/include/rclcpp/executors.hpp:21[m[K,
[1.721s]                  from [01m[K/opt/ros/dashing/include/rclcpp/rclcpp.hpp:144[m[K,
[1.721s]                  from [01m[K/home/final/ROS_2_ANDROID/src/publisher_member_function.cpp:18[m[K:
[1.721s] [01m[K/opt/ros/dashing/include/rcl_interfaces/msg/intra_process_message__struct.hpp:36:11:[m[K [01;36m[Knote: [m[K  ‘[01m[Krcl_interfaces::msg[m[K’
[1.721s]  namespace [01;36m[Kmsg[m[K
[1.722s]            [01;36m[K^~~[m[K
[1.722s] In file included from [01m[K/opt/ros/dashing/include/builtin_interfaces/msg/time.hpp:7:0[m[K,
[1.722s]                  from [01m[K/opt/ros/dashing/include/rclcpp/time.hpp:18[m[K,
[1.722s]                  from [01m[K/opt/ros/dashing/include/rclcpp/clock.hpp:21[m[K,
[1.731s]                  from [01m[K/opt/ros/dashing/include/rclcpp/timer.hpp:26[m[K,
[1.732s]                  from [01m[K/opt/ros/dashing/include/rclcpp/callback_group.hpp:27[m[K,
[1.732s]                  from [01m[K/opt/ros/dashing/include/rclcpp/any_executable.hpp:20[m[K,
[1.732s]                  from [01m[K/opt/ros/dashing/include/rclcpp/memory_strategy.hpp:24[m[K,
[1.732s]                  from [01m[K/opt/ros/dashing/include/rclcpp/memory_strategies.hpp:18[m[K,
[1.732s]                  from [01m[K/opt/ros/dashing/include/rclcpp/executor.hpp:33[m[K,
[1.732s]                  from [01m[K/opt/ros/dashing/include/rclcpp/executors/multi_threaded_executor.hpp:24[m[K,
[1.732s]                  from [01m[K/opt/ros/dashing/include/rclcpp/executors.hpp:21[m[K,
[1.733s]                  from [01m[K/opt/ros/dashing/include/rclcpp/rclcpp.hpp:144[m[K,
[1.733s]                  from [01m[K/home/final/ROS_2_ANDROID/src/publisher_member_function.cpp:18[m[K:
[1.733s] [01m[K/opt/ros/dashing/include/builtin_interfaces/msg/time__struct.hpp:36:11:[m[K [01;36m[Knote: [m[K  ‘[01m[Kbuiltin_interfaces::msg[m[K’
[1.733s]  namespace [01;36m[Kmsg[m[K
[1.733s]            [01;36m[K^~~[m[K
[1.733s] In file included from [01m[K/opt/ros/dashing/include/std_msgs/msg/string.hpp:7:0[m[K,
[1.733s]                  from [01m[K/home/final/ROS_2_ANDROID/src/publisher_member_function.cpp:19[m[K:
[1.734s] [01m[K/opt/ros/dashing/include/std_msgs/msg/string__struct.hpp:36:11:[m[K [01;36m[Knote: [m[K  ‘[01m[Kstd_msgs::msg[m[K’
[1.734s]  namespace [01;36m[Kmsg[m[K
[1.736s]            [01;36m[K^~~[m[K
[1.736s] In file included from [01m[K/opt/ros/dashing/include/geometry_msgs/msg/twist__struct.hpp:30:0[m[K,
[1.736s]                  from [01m[K/opt/ros/dashing/include/geometry_msgs/msg/twist.hpp:7[m[K,
[1.736s]                  from [01m[K/home/final/ROS_2_ANDROID/src/publisher_member_function.cpp:20[m[K:
[1.736s] [01m[K/opt/ros/dashing/include/geometry_msgs/msg/vector3__struct.hpp:36:11:[m[K [01;36m[Knote: [m[K  ‘[01m[Kgeometry_msgs::msg[m[K’
[1.736s]  namespace [01;36m[Kmsg[m[K
[1.736s]            [01;36m[K^~~[m[K
[2.350s] CMakeFiles/talker.dir/build.make:62: recipe for target 'CMakeFiles/talker.dir/src/publisher_member_function.cpp.o' failed
[2.356s] make[2]: *** [CMakeFiles/talker.dir/src/publisher_member_function.cpp.o] Error 1
[2.356s] CMakeFiles/Makefile2:67: recipe for target 'CMakeFiles/talker.dir/all' failed
[2.356s] make[1]: *** [CMakeFiles/talker.dir/all] Error 2
[2.356s] make: *** [all] Error 2
[2.356s] Makefile:140: recipe for target 'all' failed
[2.357s] Invoked command in '/home/final/ROS_2_ANDROID/build/cpp_pubsub' returned '2': CMAKE_PREFIX_PATH=${CMAKE_PREFIX_PATH}:/opt/ros/dashing /usr/bin/cmake --build /home/final/ROS_2_ANDROID/build/cpp_pubsub -- -j1 -l1
