[0.021s] Invoking command in '/home/final/ROS_2_ANDROID/build/cpp_pubsub': CMAKE_PREFIX_PATH=${CMAKE_PREFIX_PATH}:/opt/ros/dashing /usr/bin/cmake --build /home/final/ROS_2_ANDROID/build/cpp_pubsub -- -j1 -l1
[0.091s] [35m[1mScanning dependencies of target talker[0m
[0.146s] [ 25%] [32mBuilding CXX object CMakeFiles/talker.dir/src/publisher_member_function.cpp.o[0m
[1.667s] [01m[K/home/final/ROS_2_ANDROID/src/publisher_member_function.cpp:[m[K In function ‘[01m[Kint main(int, char**)[m[K’:
[1.667s] [01m[K/home/final/ROS_2_ANDROID/src/publisher_member_function.cpp:113:12:[m[K [01;35m[Kwarning: [m[KISO C++ forbids braced-groups within expressions [[01;35m[K-Wpedantic[m[K]
[1.667s]   message = [01;35m[K([m[K{
[1.667s]             [01;35m[K^[m[K
[1.668s] [01m[K/home/final/ROS_2_ANDROID/src/publisher_member_function.cpp:114:35:[m[K [01;31m[Kerror: [m[K‘[01m[Ky[m[K’ was not declared in this scope
[1.668s]                  linear: { x: 1.0, [01;31m[Ky[m[K: 0.0, z: 0.0, },
[1.668s]                                    [01;31m[K^[m[K
[1.669s] [01m[K/home/final/ROS_2_ANDROID/src/publisher_member_function.cpp:114:52:[m[K [01;31m[Kerror: [m[Kexpected primary-expression before ‘[01m[K,[m[K’ token
[1.669s]                  linear: { x: 1.0, y: 0.0, z: 0.0, }[01;31m[K,[m[K
[1.670s]                                                     [01;31m[K^[m[K
[1.670s] [01m[K/home/final/ROS_2_ANDROID/src/publisher_member_function.cpp:115:10:[m[K [01;31m[Kerror: [m[K‘[01m[Kangular[m[K’ was not declared in this scope
[1.670s]           [01;31m[Kangular[m[K: { x: 0.0, y: 0.0, z: 0.0, },
[1.670s]           [01;31m[K^~~~~~~[m[K
[1.672s] [01m[K/home/final/ROS_2_ANDROID/src/publisher_member_function.cpp:115:46:[m[K [01;31m[Kerror: [m[Kexpected primary-expression before ‘[01m[K,[m[K’ token
[1.672s]           angular: { x: 0.0, y: 0.0, z: 0.0, }[01;31m[K,[m[K
[1.672s]                                               [01;31m[K^[m[K
[1.672s] [01m[K/home/final/ROS_2_ANDROID/src/publisher_member_function.cpp:116:9:[m[K [01;31m[Kerror: [m[Kexpected primary-expression before ‘[01m[K}[m[K’ token
[1.672s]          [01;31m[K}[m[K);
[1.673s]          [01;31m[K^[m[K
[1.673s] [01m[K/home/final/ROS_2_ANDROID/src/publisher_member_function.cpp:116:10:[m[K [01;31m[Kerror: [m[Kno match for ‘[01m[Koperator=[m[K’ (operand types are ‘[01m[Kgeometry_msgs::msg::Twist_<std::allocator<void> >[m[K’ and ‘[01m[Kvoid[m[K’)
[1.673s]          }[01;31m[K)[m[K;
[1.673s]           [01;31m[K^[m[K
[1.673s] In file included from [01m[K/opt/ros/dashing/include/geometry_msgs/msg/twist.hpp:7:0[m[K,
[1.674s]                  from [01m[K/home/final/ROS_2_ANDROID/src/publisher_member_function.cpp:20[m[K:
[1.674s] [01m[K/opt/ros/dashing/include/geometry_msgs/msg/twist__struct.hpp:46:8:[m[K [01;36m[Knote: [m[Kcandidate: constexpr geometry_msgs::msg::Twist_<std::allocator<void> >& geometry_msgs::msg::Twist_<std::allocator<void> >::operator=(const geometry_msgs::msg::Twist_<std::allocator<void> >&)
[1.674s]  struct [01;36m[KTwist_[m[K
[1.674s]         [01;36m[K^~~~~~[m[K
[1.675s] [01m[K/opt/ros/dashing/include/geometry_msgs/msg/twist__struct.hpp:46:8:[m[K [01;36m[Knote: [m[K  no known conversion for argument 1 from ‘[01m[Kvoid[m[K’ to ‘[01m[Kconst geometry_msgs::msg::Twist_<std::allocator<void> >&[m[K’
[1.675s] [01m[K/opt/ros/dashing/include/geometry_msgs/msg/twist__struct.hpp:46:8:[m[K [01;36m[Knote: [m[Kcandidate: constexpr geometry_msgs::msg::Twist_<std::allocator<void> >& geometry_msgs::msg::Twist_<std::allocator<void> >::operator=(geometry_msgs::msg::Twist_<std::allocator<void> >&&)
[1.675s] [01m[K/opt/ros/dashing/include/geometry_msgs/msg/twist__struct.hpp:46:8:[m[K [01;36m[Knote: [m[K  no known conversion for argument 1 from ‘[01m[Kvoid[m[K’ to ‘[01m[Kgeometry_msgs::msg::Twist_<std::allocator<void> >&&[m[K’
[1.677s] In file included from [01m[K/opt/ros/dashing/include/rclcpp/client.hpp:39:0[m[K,
[1.677s]                  from [01m[K/opt/ros/dashing/include/rclcpp/callback_group.hpp:23[m[K,
[1.677s]                  from [01m[K/opt/ros/dashing/include/rclcpp/any_executable.hpp:20[m[K,
[1.677s]                  from [01m[K/opt/ros/dashing/include/rclcpp/memory_strategy.hpp:24[m[K,
[1.677s]                  from [01m[K/opt/ros/dashing/include/rclcpp/memory_strategies.hpp:18[m[K,
[1.677s]                  from [01m[K/opt/ros/dashing/include/rclcpp/executor.hpp:33[m[K,
[1.678s]                  from [01m[K/opt/ros/dashing/include/rclcpp/executors/multi_threaded_executor.hpp:24[m[K,
[1.678s]                  from [01m[K/opt/ros/dashing/include/rclcpp/executors.hpp:21[m[K,
[1.678s]                  from [01m[K/opt/ros/dashing/include/rclcpp/rclcpp.hpp:144[m[K,
[1.678s]                  from [01m[K/home/final/ROS_2_ANDROID/src/publisher_member_function.cpp:18[m[K:
[1.678s] [01m[K/home/final/ROS_2_ANDROID/src/publisher_member_function.cpp:118:59:[m[K [01;31m[Kerror: [m[K‘[01m[Kmsg[m[K’ was not declared in this scope
[1.679s]   RCLCPP_INFO(node->get_logger(), "I heard: '%i, %i, %i'", [01;31m[Km[m[Ksg->linear.x, msg->linear.y, msg->linear.z);
[1.680s]                                                            [01;31m[K^[m[K
[1.680s] [01m[K/opt/ros/dashing/include/rcutils/logging_macros.h:72:64:[m[K [01;36m[Knote: [m[Kin definition of macro ‘[01m[KRCUTILS_LOG_COND_NAMED[m[K’
[1.680s]        rcutils_log(&__rcutils_logging_location, severity, name, [01;36m[K__VA_ARGS__[m[K); \
[1.680s]                                                                 [01;36m[K^~~~~~~~~~~[m[K
[1.680s] [01m[K/opt/ros/dashing/include/rclcpp/logging.hpp:218:5:[m[K [01;36m[Knote: [m[Kin expansion of macro ‘[01m[KRCUTILS_LOG_INFO_NAMED[m[K’
[1.680s]      [01;36m[KRCUTILS_LOG_INFO_NAMED[m[K( \
[1.681s]      [01;36m[K^~~~~~~~~~~~~~~~~~~~~~[m[K
[1.681s] [01m[K/opt/ros/dashing/include/rclcpp/logging.hpp:221:9:[m[K [01;36m[Knote: [m[Kin expansion of macro ‘[01m[KRCLCPP_ALL_BUT_FIRST_ARGS[m[K’
[1.681s]          [01;36m[KRCLCPP_ALL_BUT_FIRST_ARGS[m[K(__VA_ARGS__,"")); \
[1.681s]          [01;36m[K^~~~~~~~~~~~~~~~~~~~~~~~~[m[K
[1.681s] [01m[K/home/final/ROS_2_ANDROID/src/publisher_member_function.cpp:118:2:[m[K [01;36m[Knote: [m[Kin expansion of macro ‘[01m[KRCLCPP_INFO[m[K’
[1.681s]   [01;36m[KRCLCPP_INFO[m[K(node->get_logger(), "I heard: '%i, %i, %i'", msg->linear.x, msg->linear.y, msg->linear.z);
[1.681s]   [01;36m[K^~~~~~~~~~~[m[K
[1.681s] [01m[K/home/final/ROS_2_ANDROID/src/publisher_member_function.cpp:118:59:[m[K [01;36m[Knote: [m[Ksuggested alternatives:
[1.681s]   RCLCPP_INFO(node->get_logger(), "I heard: '%i, %i, %i'", [01;36m[Km[m[Ksg->linear.x, msg->linear.y, msg->linear.z);
[1.682s]                                                            [01;36m[K^[m[K
[1.682s] [01m[K/opt/ros/dashing/include/rcutils/logging_macros.h:72:64:[m[K [01;36m[Knote: [m[Kin definition of macro ‘[01m[KRCUTILS_LOG_COND_NAMED[m[K’
[1.682s]        rcutils_log(&__rcutils_logging_location, severity, name, [01;36m[K__VA_ARGS__[m[K); \
[1.682s]                                                                 [01;36m[K^~~~~~~~~~~[m[K
[1.682s] [01m[K/opt/ros/dashing/include/rclcpp/logging.hpp:218:5:[m[K [01;36m[Knote: [m[Kin expansion of macro ‘[01m[KRCUTILS_LOG_INFO_NAMED[m[K’
[1.682s]      [01;36m[KRCUTILS_LOG_INFO_NAMED[m[K( \
[1.682s]      [01;36m[K^~~~~~~~~~~~~~~~~~~~~~[m[K
[1.682s] [01m[K/opt/ros/dashing/include/rclcpp/logging.hpp:221:9:[m[K [01;36m[Knote: [m[Kin expansion of macro ‘[01m[KRCLCPP_ALL_BUT_FIRST_ARGS[m[K’
[1.683s]          [01;36m[KRCLCPP_ALL_BUT_FIRST_ARGS[m[K(__VA_ARGS__,"")); \
[1.683s]          [01;36m[K^~~~~~~~~~~~~~~~~~~~~~~~~[m[K
[1.687s] [01m[K/home/final/ROS_2_ANDROID/src/publisher_member_function.cpp:118:2:[m[K [01;36m[Knote: [m[Kin expansion of macro ‘[01m[KRCLCPP_INFO[m[K’
[1.687s]   [01;36m[KRCLCPP_INFO[m[K(node->get_logger(), "I heard: '%i, %i, %i'", msg->linear.x, msg->linear.y, msg->linear.z);
[1.687s]   [01;36m[K^~~~~~~~~~~[m[K
[1.688s] In file included from [01m[K/opt/ros/dashing/include/rcl_interfaces/msg/intra_process_message.hpp:7:0[m[K,
[1.688s]                  from [01m[K/opt/ros/dashing/include/rclcpp/publisher.hpp:31[m[K,
[1.688s]                  from [01m[K/opt/ros/dashing/include/rclcpp/callback_group.hpp:24[m[K,
[1.688s]                  from [01m[K/opt/ros/dashing/include/rclcpp/any_executable.hpp:20[m[K,
[1.688s]                  from [01m[K/opt/ros/dashing/include/rclcpp/memory_strategy.hpp:24[m[K,
[1.688s]                  from [01m[K/opt/ros/dashing/include/rclcpp/memory_strategies.hpp:18[m[K,
[1.688s]                  from [01m[K/opt/ros/dashing/include/rclcpp/executor.hpp:33[m[K,
[1.688s]                  from [01m[K/opt/ros/dashing/include/rclcpp/executors/multi_threaded_executor.hpp:24[m[K,
[1.689s]                  from [01m[K/opt/ros/dashing/include/rclcpp/executors.hpp:21[m[K,
[1.689s]                  from [01m[K/opt/ros/dashing/include/rclcpp/rclcpp.hpp:144[m[K,
[1.689s]                  from [01m[K/home/final/ROS_2_ANDROID/src/publisher_member_function.cpp:18[m[K:
[1.689s] [01m[K/opt/ros/dashing/include/rcl_interfaces/msg/intra_process_message__struct.hpp:36:11:[m[K [01;36m[Knote: [m[K  ‘[01m[Krcl_interfaces::msg[m[K’
[1.689s]  namespace [01;36m[Kmsg[m[K
[1.689s]            [01;36m[K^~~[m[K
[1.689s] In file included from [01m[K/opt/ros/dashing/include/builtin_interfaces/msg/time.hpp:7:0[m[K,
[1.689s]                  from [01m[K/opt/ros/dashing/include/rclcpp/time.hpp:18[m[K,
[1.689s]                  from [01m[K/opt/ros/dashing/include/rclcpp/clock.hpp:21[m[K,
[1.690s]                  from [01m[K/opt/ros/dashing/include/rclcpp/timer.hpp:26[m[K,
[1.690s]                  from [01m[K/opt/ros/dashing/include/rclcpp/callback_group.hpp:27[m[K,
[1.690s]                  from [01m[K/opt/ros/dashing/include/rclcpp/any_executable.hpp:20[m[K,
[1.690s]                  from [01m[K/opt/ros/dashing/include/rclcpp/memory_strategy.hpp:24[m[K,
[1.690s]                  from [01m[K/opt/ros/dashing/include/rclcpp/memory_strategies.hpp:18[m[K,
[1.690s]                  from [01m[K/opt/ros/dashing/include/rclcpp/executor.hpp:33[m[K,
[1.690s]                  from [01m[K/opt/ros/dashing/include/rclcpp/executors/multi_threaded_executor.hpp:24[m[K,
[1.690s]                  from [01m[K/opt/ros/dashing/include/rclcpp/executors.hpp:21[m[K,
[1.691s]                  from [01m[K/opt/ros/dashing/include/rclcpp/rclcpp.hpp:144[m[K,
[1.695s]                  from [01m[K/home/final/ROS_2_ANDROID/src/publisher_member_function.cpp:18[m[K:
[1.695s] [01m[K/opt/ros/dashing/include/builtin_interfaces/msg/time__struct.hpp:36:11:[m[K [01;36m[Knote: [m[K  ‘[01m[Kbuiltin_interfaces::msg[m[K’
[1.695s]  namespace [01;36m[Kmsg[m[K
[1.695s]            [01;36m[K^~~[m[K
[1.695s] In file included from [01m[K/opt/ros/dashing/include/std_msgs/msg/string.hpp:7:0[m[K,
[1.696s]                  from [01m[K/home/final/ROS_2_ANDROID/src/publisher_member_function.cpp:19[m[K:
[1.696s] [01m[K/opt/ros/dashing/include/std_msgs/msg/string__struct.hpp:36:11:[m[K [01;36m[Knote: [m[K  ‘[01m[Kstd_msgs::msg[m[K’
[1.696s]  namespace [01;36m[Kmsg[m[K
[1.696s]            [01;36m[K^~~[m[K
[1.696s] In file included from [01m[K/opt/ros/dashing/include/geometry_msgs/msg/twist__struct.hpp:30:0[m[K,
[1.696s]                  from [01m[K/opt/ros/dashing/include/geometry_msgs/msg/twist.hpp:7[m[K,
[1.696s]                  from [01m[K/home/final/ROS_2_ANDROID/src/publisher_member_function.cpp:20[m[K:
[1.696s] [01m[K/opt/ros/dashing/include/geometry_msgs/msg/vector3__struct.hpp:36:11:[m[K [01;36m[Knote: [m[K  ‘[01m[Kgeometry_msgs::msg[m[K’
[1.697s]  namespace [01;36m[Kmsg[m[K
[1.697s]            [01;36m[K^~~[m[K
[1.702s] [01m[K/home/final/ROS_2_ANDROID/src/publisher_member_function.cpp:114:17:[m[K [01;35m[Kwarning: [m[Klabel ‘[01m[Klinear[m[K’ defined but not used [[01;35m[K-Wunused-label[m[K]
[1.702s]                  [01;35m[Klinear[m[K: { x: 1.0, y: 0.0, z: 0.0, },
[1.703s]                  [01;35m[K^~~~~~[m[K
[1.703s] [01m[K/home/final/ROS_2_ANDROID/src/publisher_member_function.cpp:114:27:[m[K [01;35m[Kwarning: [m[Klabel ‘[01m[Kx[m[K’ defined but not used [[01;35m[K-Wunused-label[m[K]
[1.703s]                  linear: { [01;35m[Kx[m[K: 1.0, y: 0.0, z: 0.0, },
[1.703s]                            [01;35m[K^[m[K
[2.187s] CMakeFiles/talker.dir/build.make:62: recipe for target 'CMakeFiles/talker.dir/src/publisher_member_function.cpp.o' failed
[2.189s] make[2]: *** [CMakeFiles/talker.dir/src/publisher_member_function.cpp.o] Error 1
[2.189s] make[1]: *** [CMakeFiles/talker.dir/all] Error 2
[2.189s] make: *** [all] Error 2
[2.189s] CMakeFiles/Makefile2:67: recipe for target 'CMakeFiles/talker.dir/all' failed
[2.190s] Makefile:140: recipe for target 'all' failed
[2.190s] Invoked command in '/home/final/ROS_2_ANDROID/build/cpp_pubsub' returned '2': CMAKE_PREFIX_PATH=${CMAKE_PREFIX_PATH}:/opt/ros/dashing /usr/bin/cmake --build /home/final/ROS_2_ANDROID/build/cpp_pubsub -- -j1 -l1
