[0.397s] DEBUG:colcon:Command line arguments: ['/usr/bin/colcon', 'build']
[0.397s] DEBUG:colcon:Parsed command line arguments: Namespace(ament_cmake_args=None, base_paths=['.'], build_base='build', catkin_cmake_args=None, catkin_skip_building_tests=False, cmake_args=None, cmake_clean_cache=False, cmake_clean_first=False, cmake_force_configure=False, cmake_target=None, cmake_target_skip_unavailable=False, continue_on_error=False, event_handlers=None, executor='parallel', ignore_user_meta=False, install_base='install', log_base=None, log_level=None, main=<bound method BuildVerb.main of <colcon_core.verb.build.BuildVerb object at 0x7fd3c3531dd8>>, merge_install=False, metas=['./colcon.meta'], packages_above=None, packages_above_and_dependencies=None, packages_above_depth=None, packages_end=None, packages_ignore=None, packages_ignore_regex=None, packages_select=None, packages_select_build_failed=False, packages_select_by_dep=None, packages_select_regex=None, packages_select_test_failures=False, packages_skip=None, packages_skip_build_finished=False, packages_skip_by_dep=None, packages_skip_regex=None, packages_skip_test_passed=False, packages_skip_up_to=None, packages_start=None, packages_up_to=None, packages_up_to_regex=None, parallel_workers=1, paths=None, symlink_install=False, test_result_base=None, verb_extension=<colcon_core.verb.build.BuildVerb object at 0x7fd3c3531dd8>, verb_name='build', verb_parser=<colcon_defaults.argument_parser.defaults.DefaultArgumentsDecorator object at 0x7fd3c34ba320>)
[0.493s] Level 1:colcon.colcon_core.package_discovery:discover_packages(colcon_meta) check parameters
[0.493s] Level 1:colcon.colcon_core.package_discovery:discover_packages(recursive) check parameters
[0.493s] Level 1:colcon.colcon_core.package_discovery:discover_packages(ignore) check parameters
[0.493s] Level 1:colcon.colcon_core.package_discovery:discover_packages(path) check parameters
[0.493s] Level 1:colcon.colcon_core.package_discovery:discover_packages(colcon_meta) discover
[0.494s] Level 1:colcon.colcon_core.package_discovery:discover_packages(recursive) discover
[0.494s] INFO:colcon.colcon_core.package_discovery:Crawling recursively for packages in '/home/final/ROS_2_ANDROID'
[0.494s] Level 1:colcon.colcon_core.package_identification:_identify(.) by extensions ['ignore', 'ignore_ament_install']
[0.494s] Level 1:colcon.colcon_core.package_identification:_identify(.) by extension 'ignore'
[0.495s] Level 1:colcon.colcon_core.package_identification:_identify(.) by extension 'ignore_ament_install'
[0.495s] Level 1:colcon.colcon_core.package_identification:_identify(.) by extensions ['colcon_pkg']
[0.495s] Level 1:colcon.colcon_core.package_identification:_identify(.) by extension 'colcon_pkg'
[0.495s] Level 1:colcon.colcon_core.package_identification:_identify(.) by extensions ['colcon_meta']
[0.495s] Level 1:colcon.colcon_core.package_identification:_identify(.) by extension 'colcon_meta'
[0.495s] Level 1:colcon.colcon_core.package_identification:_identify(.) by extensions ['ros']
[0.495s] Level 1:colcon.colcon_core.package_identification:_identify(.) by extension 'ros'
[0.526s] DEBUG:colcon.colcon_core.package_identification:Package '.' with type 'ros.ament_cmake' and name 'cpp_pubsub'
[0.527s] Level 1:colcon.colcon_core.package_discovery:discover_packages(recursive) using defaults
[0.527s] Level 1:colcon.colcon_core.package_discovery:discover_packages(ignore) discover
[0.527s] Level 1:colcon.colcon_core.package_discovery:discover_packages(ignore) using defaults
[0.527s] Level 1:colcon.colcon_core.package_discovery:discover_packages(path) discover
[0.528s] Level 1:colcon.colcon_core.package_discovery:discover_packages(path) using defaults
[0.542s] Level 5:colcon.colcon_core.verb:set package 'cpp_pubsub' build argument 'cmake_args' from command line to 'None'
[0.542s] Level 5:colcon.colcon_core.verb:set package 'cpp_pubsub' build argument 'cmake_target' from command line to 'None'
[0.542s] Level 5:colcon.colcon_core.verb:set package 'cpp_pubsub' build argument 'cmake_target_skip_unavailable' from command line to 'False'
[0.542s] Level 5:colcon.colcon_core.verb:set package 'cpp_pubsub' build argument 'cmake_clean_cache' from command line to 'False'
[0.542s] Level 5:colcon.colcon_core.verb:set package 'cpp_pubsub' build argument 'cmake_clean_first' from command line to 'False'
[0.542s] Level 5:colcon.colcon_core.verb:set package 'cpp_pubsub' build argument 'cmake_force_configure' from command line to 'False'
[0.542s] Level 5:colcon.colcon_core.verb:set package 'cpp_pubsub' build argument 'ament_cmake_args' from command line to 'None'
[0.542s] Level 5:colcon.colcon_core.verb:set package 'cpp_pubsub' build argument 'catkin_cmake_args' from command line to 'None'
[0.542s] Level 5:colcon.colcon_core.verb:set package 'cpp_pubsub' build argument 'catkin_skip_building_tests' from command line to 'False'
[0.542s] DEBUG:colcon.colcon_core.verb:Building package 'cpp_pubsub' with the following arguments: {'ament_cmake_args': None, 'build_base': '/home/final/ROS_2_ANDROID/build/cpp_pubsub', 'catkin_cmake_args': None, 'catkin_skip_building_tests': False, 'cmake_args': None, 'cmake_clean_cache': False, 'cmake_clean_first': False, 'cmake_force_configure': False, 'cmake_target': None, 'cmake_target_skip_unavailable': False, 'install_base': '/home/final/ROS_2_ANDROID/install/cpp_pubsub', 'merge_install': False, 'path': '/home/final/ROS_2_ANDROID', 'symlink_install': False, 'test_result_base': None}
[0.543s] INFO:colcon.colcon_core.executor:Executing jobs using 'parallel' executor
[0.547s] DEBUG:colcon.colcon_parallel_executor.executor.parallel:run_until_complete
[0.548s] INFO:colcon.colcon_ros.task.ament_cmake.build:Building ROS package in '/home/final/ROS_2_ANDROID' with build type 'ament_cmake'
[0.555s] INFO:colcon.colcon_core.plugin_system:Skipping extension 'colcon_core.shell.bat': Not used on non-Windows systems
[0.556s] INFO:colcon.colcon_cmake.task.cmake.build:Building CMake package in '/home/final/ROS_2_ANDROID'
[0.557s] INFO:colcon.colcon_core.shell:Skip shell extension 'powershell' for command environment: Not usable outside of PowerShell
[0.557s] DEBUG:colcon.colcon_core.shell:Skip shell extension 'dsv' for command environment
[0.563s] DEBUG:colcon.colcon_core.shell:Ignoring prefix path '/opt/ros/dashing'
[0.594s] DEBUG:colcon.colcon_core.event_handler.log_command:Invoking command in '/home/final/ROS_2_ANDROID/build/cpp_pubsub': CMAKE_PREFIX_PATH=${CMAKE_PREFIX_PATH}:/opt/ros/dashing /usr/bin/cmake --build /home/final/ROS_2_ANDROID/build/cpp_pubsub -- -j1 -l1
[5.586s] DEBUG:colcon.colcon_core.event_handler.log_command:Invoked command in '/home/final/ROS_2_ANDROID/build/cpp_pubsub' returned '0': CMAKE_PREFIX_PATH=${CMAKE_PREFIX_PATH}:/opt/ros/dashing /usr/bin/cmake --build /home/final/ROS_2_ANDROID/build/cpp_pubsub -- -j1 -l1
[5.654s] DEBUG:colcon.colcon_core.event_handler.log_command:Invoking command in '/home/final/ROS_2_ANDROID/build/cpp_pubsub': CMAKE_PREFIX_PATH=${CMAKE_PREFIX_PATH}:/opt/ros/dashing /usr/bin/cmake --build /home/final/ROS_2_ANDROID/build/cpp_pubsub --target install -- -j1 -l1
[5.900s] Level 1:colcon.colcon_core.environment:create_environment_scripts_only(cpp_pubsub)
[5.902s] DEBUG:colcon.colcon_core.event_handler.log_command:Invoked command in '/home/final/ROS_2_ANDROID/build/cpp_pubsub' returned '0': CMAKE_PREFIX_PATH=${CMAKE_PREFIX_PATH}:/opt/ros/dashing /usr/bin/cmake --build /home/final/ROS_2_ANDROID/build/cpp_pubsub --target install -- -j1 -l1
[5.909s] Level 1:colcon.colcon_core.environment:checking '/home/final/ROS_2_ANDROID/install/cpp_pubsub' for CMake module files
[5.910s] Level 1:colcon.colcon_core.environment:checking '/home/final/ROS_2_ANDROID/install/cpp_pubsub' for CMake config files
[5.911s] Level 1:colcon.colcon_core.shell:create_environment_hook('cpp_pubsub', 'cmake_prefix_path')
[5.912s] INFO:colcon.colcon_core.shell:Creating environment hook '/home/final/ROS_2_ANDROID/install/cpp_pubsub/share/cpp_pubsub/hook/cmake_prefix_path.ps1'
[5.914s] INFO:colcon.colcon_core.shell:Creating environment descriptor '/home/final/ROS_2_ANDROID/install/cpp_pubsub/share/cpp_pubsub/hook/cmake_prefix_path.dsv'
[5.915s] INFO:colcon.colcon_core.shell:Creating environment hook '/home/final/ROS_2_ANDROID/install/cpp_pubsub/share/cpp_pubsub/hook/cmake_prefix_path.sh'
[5.918s] Level 1:colcon.colcon_core.environment:checking '/home/final/ROS_2_ANDROID/install/cpp_pubsub/lib'
[5.918s] Level 1:colcon.colcon_core.environment:checking '/home/final/ROS_2_ANDROID/install/cpp_pubsub/bin'
[5.919s] Level 1:colcon.colcon_core.environment:checking '/home/final/ROS_2_ANDROID/install/cpp_pubsub/lib/pkgconfig/cpp_pubsub.pc'
[5.919s] Level 1:colcon.colcon_core.environment:checking '/home/final/ROS_2_ANDROID/install/cpp_pubsub/lib/python3.6/site-packages'
[5.920s] INFO:colcon.colcon_core.shell:Creating package script '/home/final/ROS_2_ANDROID/install/cpp_pubsub/share/cpp_pubsub/package.ps1'
[5.923s] INFO:colcon.colcon_core.shell:Creating package descriptor '/home/final/ROS_2_ANDROID/install/cpp_pubsub/share/cpp_pubsub/package.dsv'
[5.924s] INFO:colcon.colcon_core.shell:Creating package script '/home/final/ROS_2_ANDROID/install/cpp_pubsub/share/cpp_pubsub/package.sh'
[5.926s] INFO:colcon.colcon_core.shell:Creating package script '/home/final/ROS_2_ANDROID/install/cpp_pubsub/share/cpp_pubsub/package.bash'
[5.929s] INFO:colcon.colcon_core.shell:Creating package script '/home/final/ROS_2_ANDROID/install/cpp_pubsub/share/cpp_pubsub/package.zsh'
[5.931s] Level 1:colcon.colcon_core.environment:create_file_with_runtime_dependencies(/home/final/ROS_2_ANDROID/install/cpp_pubsub/share/colcon-core/packages/cpp_pubsub)
[5.933s] DEBUG:colcon.colcon_parallel_executor.executor.parallel:closing loop
[5.934s] DEBUG:colcon.colcon_parallel_executor.executor.parallel:loop closed
[5.934s] DEBUG:colcon.colcon_parallel_executor.executor.parallel:run_until_complete finished with '0'
[5.934s] DEBUG:colcon.colcon_core.event_reactor:joining thread
[5.956s] INFO:colcon.colcon_core.plugin_system:Skipping extension 'colcon_notification.desktop_notification.terminal_notifier': Not used on non-Darwin systems
[5.956s] INFO:colcon.colcon_core.plugin_system:Skipping extension 'colcon_notification.desktop_notification.win32': Not used on non-Windows systems
[5.956s] INFO:colcon.colcon_notification.desktop_notification:Sending desktop notification using 'notify2'
[5.964s] DEBUG:colcon.colcon_core.event_reactor:joined thread
[5.966s] INFO:colcon.colcon_core.shell:Creating prefix script '/home/final/ROS_2_ANDROID/install/local_setup.ps1'
[5.973s] INFO:colcon.colcon_core.shell:Creating prefix util module '/home/final/ROS_2_ANDROID/install/_local_setup_util_ps1.py'
[5.981s] INFO:colcon.colcon_core.shell:Creating prefix chain script '/home/final/ROS_2_ANDROID/install/setup.ps1'
[6.032s] INFO:colcon.colcon_core.shell:Creating prefix script '/home/final/ROS_2_ANDROID/install/local_setup.sh'
[6.038s] INFO:colcon.colcon_core.shell:Creating prefix util module '/home/final/ROS_2_ANDROID/install/_local_setup_util_sh.py'
[6.039s] INFO:colcon.colcon_core.shell:Creating prefix chain script '/home/final/ROS_2_ANDROID/install/setup.sh'
[6.054s] INFO:colcon.colcon_core.shell:Creating prefix script '/home/final/ROS_2_ANDROID/install/local_setup.bash'
[6.055s] INFO:colcon.colcon_core.shell:Creating prefix chain script '/home/final/ROS_2_ANDROID/install/setup.bash'
[6.070s] INFO:colcon.colcon_core.shell:Creating prefix script '/home/final/ROS_2_ANDROID/install/local_setup.zsh'
[6.072s] INFO:colcon.colcon_core.shell:Creating prefix chain script '/home/final/ROS_2_ANDROID/install/setup.zsh'
