[0.062s] Invoking command in '/home/final/ROS_2_ANDROID/build/cpp_pubsub': CMAKE_PREFIX_PATH=${CMAKE_PREFIX_PATH}:/opt/ros/dashing /usr/bin/cmake --build /home/final/ROS_2_ANDROID/build/cpp_pubsub -- -j1 -l1
[0.232s] [35m[1mScanning dependencies of target talker[0m
[0.300s] [ 25%] [32mBuilding CXX object CMakeFiles/talker.dir/src/publisher_member_function.cpp.o[0m
[3.331s] [01m[K/home/final/ROS_2_ANDROID/src/publisher_member_function.cpp:[m[K In function ‘[01m[Kint main(int, char**)[m[K’:
[3.331s] [01m[K/home/final/ROS_2_ANDROID/src/publisher_member_function.cpp:114:6:[m[K [01;31m[Kerror: [m[Kno match for ‘[01m[Koperator<<[m[K’ (operand types are ‘[01m[Kstd::ostream {aka std::basic_ostream<char>}[m[K’ and ‘[01m[Kconst std::type_info[m[K’)
[3.332s]   cout<<typeid(buf)<<endl;
[3.332s] In file included from [01m[K/usr/include/c++/7/iostream:39:0[m[K,
[3.332s]                  from [01m[K/opt/ros/dashing/include/rclcpp/executor.hpp:22[m[K,
[3.333s]                  from [01m[K/opt/ros/dashing/include/rclcpp/executors/multi_threaded_executor.hpp:24[m[K,
[3.333s]                  from [01m[K/opt/ros/dashing/include/rclcpp/executors.hpp:21[m[K,
[3.333s]                  from [01m[K/opt/ros/dashing/include/rclcpp/rclcpp.hpp:144[m[K,
[3.333s]                  from [01m[K/home/final/ROS_2_ANDROID/src/publisher_member_function.cpp:18[m[K:
[3.333s] [01m[K/usr/include/c++/7/ostream:108:7:[m[K [01;36m[Knote: [m[Kcandidate: std::basic_ostream<_CharT, _Traits>::__ostream_type& std::basic_ostream<_CharT, _Traits>::operator<<(std::basic_ostream<_CharT, _Traits>::__ostream_type& (*)(std::basic_ostream<_CharT, _Traits>::__ostream_type&)) [with _CharT = char; _Traits = std::char_traits<char>; std::basic_ostream<_CharT, _Traits>::__ostream_type = std::basic_ostream<char>]
[3.334s]        [01;36m[Koperator[m[K<<(__ostream_type& (*__pf)(__ostream_type&))
[3.334s]        [01;36m[K^~~~~~~~[m[K
[3.334s] [01m[K/usr/include/c++/7/ostream:108:7:[m[K [01;36m[Knote: [m[K  no known conversion for argument 1 from ‘[01m[Kconst std::type_info[m[K’ to ‘[01m[Kstd::basic_ostream<char>::__ostream_type& (*)(std::basic_ostream<char>::__ostream_type&) {aka std::basic_ostream<char>& (*)(std::basic_ostream<char>&)}[m[K’
[3.337s] [01m[K/usr/include/c++/7/ostream:117:7:[m[K [01;36m[Knote: [m[Kcandidate: std::basic_ostream<_CharT, _Traits>::__ostream_type& std::basic_ostream<_CharT, _Traits>::operator<<(std::basic_ostream<_CharT, _Traits>::__ios_type& (*)(std::basic_ostream<_CharT, _Traits>::__ios_type&)) [with _CharT = char; _Traits = std::char_traits<char>; std::basic_ostream<_CharT, _Traits>::__ostream_type = std::basic_ostream<char>; std::basic_ostream<_CharT, _Traits>::__ios_type = std::basic_ios<char>]
[3.337s]        [01;36m[Koperator[m[K<<(__ios_type& (*__pf)(__ios_type&))
[3.338s]        [01;36m[K^~~~~~~~[m[K
[3.338s] [01m[K/usr/include/c++/7/ostream:117:7:[m[K [01;36m[Knote: [m[K  no known conversion for argument 1 from ‘[01m[Kconst std::type_info[m[K’ to ‘[01m[Kstd::basic_ostream<char>::__ios_type& (*)(std::basic_ostream<char>::__ios_type&) {aka std::basic_ios<char>& (*)(std::basic_ios<char>&)}[m[K’
[3.340s] [01m[K/usr/include/c++/7/ostream:127:7:[m[K [01;36m[Knote: [m[Kcandidate: std::basic_ostream<_CharT, _Traits>::__ostream_type& std::basic_ostream<_CharT, _Traits>::operator<<(std::ios_base& (*)(std::ios_base&)) [with _CharT = char; _Traits = std::char_traits<char>; std::basic_ostream<_CharT, _Traits>::__ostream_type = std::basic_ostream<char>]
[3.340s]        [01;36m[Koperator[m[K<<(ios_base& (*__pf) (ios_base&))
[3.340s]        [01;36m[K^~~~~~~~[m[K
[3.341s] [01m[K/usr/include/c++/7/ostream:127:7:[m[K [01;36m[Knote: [m[K  no known conversion for argument 1 from ‘[01m[Kconst std::type_info[m[K’ to ‘[01m[Kstd::ios_base& (*)(std::ios_base&)[m[K’
[3.341s] [01m[K/usr/include/c++/7/ostream:166:7:[m[K [01;36m[Knote: [m[Kcandidate: std::basic_ostream<_CharT, _Traits>::__ostream_type& std::basic_ostream<_CharT, _Traits>::operator<<(long int) [with _CharT = char; _Traits = std::char_traits<char>; std::basic_ostream<_CharT, _Traits>::__ostream_type = std::basic_ostream<char>]
[3.342s]        [01;36m[Koperator[m[K<<(long __n)
[3.342s]        [01;36m[K^~~~~~~~[m[K
[3.342s] [01m[K/usr/include/c++/7/ostream:166:7:[m[K [01;36m[Knote: [m[K  no known conversion for argument 1 from ‘[01m[Kconst std::type_info[m[K’ to ‘[01m[Klong int[m[K’
[3.342s] [01m[K/usr/include/c++/7/ostream:170:7:[m[K [01;36m[Knote: [m[Kcandidate: std::basic_ostream<_CharT, _Traits>::__ostream_type& std::basic_ostream<_CharT, _Traits>::operator<<(long unsigned int) [with _CharT = char; _Traits = std::char_traits<char>; std::basic_ostream<_CharT, _Traits>::__ostream_type = std::basic_ostream<char>]
[3.342s]        [01;36m[Koperator[m[K<<(unsigned long __n)
[3.342s]        [01;36m[K^~~~~~~~[m[K
[3.342s] [01m[K/usr/include/c++/7/ostream:170:7:[m[K [01;36m[Knote: [m[K  no known conversion for argument 1 from ‘[01m[Kconst std::type_info[m[K’ to ‘[01m[Klong unsigned int[m[K’
[3.343s] [01m[K/usr/include/c++/7/ostream:174:7:[m[K [01;36m[Knote: [m[Kcandidate: std::basic_ostream<_CharT, _Traits>::__ostream_type& std::basic_ostream<_CharT, _Traits>::operator<<(bool) [with _CharT = char; _Traits = std::char_traits<char>; std::basic_ostream<_CharT, _Traits>::__ostream_type = std::basic_ostream<char>]
[3.350s]        [01;36m[Koperator[m[K<<(bool __n)
[3.350s]        [01;36m[K^~~~~~~~[m[K
[3.350s] [01m[K/usr/include/c++/7/ostream:174:7:[m[K [01;36m[Knote: [m[K  no known conversion for argument 1 from ‘[01m[Kconst std::type_info[m[K’ to ‘[01m[Kbool[m[K’
[3.350s] In file included from [01m[K/usr/include/c++/7/ostream:693:0[m[K,
[3.351s]                  from [01m[K/usr/include/c++/7/iostream:39[m[K,
[3.351s]                  from [01m[K/opt/ros/dashing/include/rclcpp/executor.hpp:22[m[K,
[3.351s]                  from [01m[K/opt/ros/dashing/include/rclcpp/executors/multi_threaded_executor.hpp:24[m[K,
[3.351s]                  from [01m[K/opt/ros/dashing/include/rclcpp/executors.hpp:21[m[K,
[3.351s]                  from [01m[K/opt/ros/dashing/include/rclcpp/rclcpp.hpp:144[m[K,
[3.351s]                  from [01m[K/home/final/ROS_2_ANDROID/src/publisher_member_function.cpp:18[m[K:
[3.351s] [01m[K/usr/include/c++/7/bits/ostream.tcc:91:5:[m[K [01;36m[Knote: [m[Kcandidate: std::basic_ostream<_CharT, _Traits>& std::basic_ostream<_CharT, _Traits>::operator<<(short int) [with _CharT = char; _Traits = std::char_traits<char>]
[3.351s]      [01;36m[Kbasic_ostream<_CharT, _Traits>[m[K::
[3.352s]      [01;36m[K^~~~~~~~~~~~~~~~~~~~~~~~~~~~~~[m[K
[3.352s] [01m[K/usr/include/c++/7/bits/ostream.tcc:91:5:[m[K [01;36m[Knote: [m[K  no known conversion for argument 1 from ‘[01m[Kconst std::type_info[m[K’ to ‘[01m[Kshort int[m[K’
[3.352s] In file included from [01m[K/usr/include/c++/7/iostream:39:0[m[K,
[3.352s]                  from [01m[K/opt/ros/dashing/include/rclcpp/executor.hpp:22[m[K,
[3.352s]                  from [01m[K/opt/ros/dashing/include/rclcpp/executors/multi_threaded_executor.hpp:24[m[K,
[3.352s]                  from [01m[K/opt/ros/dashing/include/rclcpp/executors.hpp:21[m[K,
[3.352s]                  from [01m[K/opt/ros/dashing/include/rclcpp/rclcpp.hpp:144[m[K,
[3.352s]                  from [01m[K/home/final/ROS_2_ANDROID/src/publisher_member_function.cpp:18[m[K:
[3.367s] [01m[K/usr/include/c++/7/ostream:181:7:[m[K [01;36m[Knote: [m[Kcandidate: std::basic_ostream<_CharT, _Traits>::__ostream_type& std::basic_ostream<_CharT, _Traits>::operator<<(short unsigned int) [with _CharT = char; _Traits = std::char_traits<char>; std::basic_ostream<_CharT, _Traits>::__ostream_type = std::basic_ostream<char>]
[3.367s]        [01;36m[Koperator[m[K<<(unsigned short __n)
[3.367s]        [01;36m[K^~~~~~~~[m[K
[3.367s] [01m[K/usr/include/c++/7/ostream:181:7:[m[K [01;36m[Knote: [m[K  no known conversion for argument 1 from ‘[01m[Kconst std::type_info[m[K’ to ‘[01m[Kshort unsigned int[m[K’
[3.368s] In file included from [01m[K/usr/include/c++/7/ostream:693:0[m[K,
[3.368s]                  from [01m[K/usr/include/c++/7/iostream:39[m[K,
[3.368s]                  from [01m[K/opt/ros/dashing/include/rclcpp/executor.hpp:22[m[K,
[3.368s]                  from [01m[K/opt/ros/dashing/include/rclcpp/executors/multi_threaded_executor.hpp:24[m[K,
[3.368s]                  from [01m[K/opt/ros/dashing/include/rclcpp/executors.hpp:21[m[K,
[3.368s]                  from [01m[K/opt/ros/dashing/include/rclcpp/rclcpp.hpp:144[m[K,
[3.368s]                  from [01m[K/home/final/ROS_2_ANDROID/src/publisher_member_function.cpp:18[m[K:
[3.368s] [01m[K/usr/include/c++/7/bits/ostream.tcc:105:5:[m[K [01;36m[Knote: [m[Kcandidate: std::basic_ostream<_CharT, _Traits>& std::basic_ostream<_CharT, _Traits>::operator<<(int) [with _CharT = char; _Traits = std::char_traits<char>]
[3.374s]      [01;36m[Kbasic_ostream<_CharT, _Traits>[m[K::
[3.374s]      [01;36m[K^~~~~~~~~~~~~~~~~~~~~~~~~~~~~~[m[K
[3.375s] [01m[K/usr/include/c++/7/bits/ostream.tcc:105:5:[m[K [01;36m[Knote: [m[K  no known conversion for argument 1 from ‘[01m[Kconst std::type_info[m[K’ to ‘[01m[Kint[m[K’
[3.375s] In file included from [01m[K/usr/include/c++/7/iostream:39:0[m[K,
[3.375s]                  from [01m[K/opt/ros/dashing/include/rclcpp/executor.hpp:22[m[K,
[3.375s]                  from [01m[K/opt/ros/dashing/include/rclcpp/executors/multi_threaded_executor.hpp:24[m[K,
[3.375s]                  from [01m[K/opt/ros/dashing/include/rclcpp/executors.hpp:21[m[K,
[3.375s]                  from [01m[K/opt/ros/dashing/include/rclcpp/rclcpp.hpp:144[m[K,
[3.376s]                  from [01m[K/home/final/ROS_2_ANDROID/src/publisher_member_function.cpp:18[m[K:
[3.376s] [01m[K/usr/include/c++/7/ostream:192:7:[m[K [01;36m[Knote: [m[Kcandidate: std::basic_ostream<_CharT, _Traits>::__ostream_type& std::basic_ostream<_CharT, _Traits>::operator<<(unsigned int) [with _CharT = char; _Traits = std::char_traits<char>; std::basic_ostream<_CharT, _Traits>::__ostream_type = std::basic_ostream<char>]
[3.379s]        [01;36m[Koperator[m[K<<(unsigned int __n)
[3.381s]        [01;36m[K^~~~~~~~[m[K
[3.381s] [01m[K/usr/include/c++/7/ostream:192:7:[m[K [01;36m[Knote: [m[K  no known conversion for argument 1 from ‘[01m[Kconst std::type_info[m[K’ to ‘[01m[Kunsigned int[m[K’
[3.381s] [01m[K/usr/include/c++/7/ostream:201:7:[m[K [01;36m[Knote: [m[Kcandidate: std::basic_ostream<_CharT, _Traits>::__ostream_type& std::basic_ostream<_CharT, _Traits>::operator<<(long long int) [with _CharT = char; _Traits = std::char_traits<char>; std::basic_ostream<_CharT, _Traits>::__ostream_type = std::basic_ostream<char>]
[3.382s]        [01;36m[Koperator[m[K<<(long long __n)
[3.382s]        [01;36m[K^~~~~~~~[m[K
[3.382s] [01m[K/usr/include/c++/7/ostream:201:7:[m[K [01;36m[Knote: [m[K  no known conversion for argument 1 from ‘[01m[Kconst std::type_info[m[K’ to ‘[01m[Klong long int[m[K’
[3.382s] [01m[K/usr/include/c++/7/ostream:205:7:[m[K [01;36m[Knote: [m[Kcandidate: std::basic_ostream<_CharT, _Traits>::__ostream_type& std::basic_ostream<_CharT, _Traits>::operator<<(long long unsigned int) [with _CharT = char; _Traits = std::char_traits<char>; std::basic_ostream<_CharT, _Traits>::__ostream_type = std::basic_ostream<char>]
[3.382s]        [01;36m[Koperator[m[K<<(unsigned long long __n)
[3.382s]        [01;36m[K^~~~~~~~[m[K
[3.382s] [01m[K/usr/include/c++/7/ostream:205:7:[m[K [01;36m[Knote: [m[K  no known conversion for argument 1 from ‘[01m[Kconst std::type_info[m[K’ to ‘[01m[Klong long unsigned int[m[K’
[3.382s] [01m[K/usr/include/c++/7/ostream:220:7:[m[K [01;36m[Knote: [m[Kcandidate: std::basic_ostream<_CharT, _Traits>::__ostream_type& std::basic_ostream<_CharT, _Traits>::operator<<(double) [with _CharT = char; _Traits = std::char_traits<char>; std::basic_ostream<_CharT, _Traits>::__ostream_type = std::basic_ostream<char>]
[3.383s]        [01;36m[Koperator[m[K<<(double __f)
[3.383s]        [01;36m[K^~~~~~~~[m[K
[3.383s] [01m[K/usr/include/c++/7/ostream:220:7:[m[K [01;36m[Knote: [m[K  no known conversion for argument 1 from ‘[01m[Kconst std::type_info[m[K’ to ‘[01m[Kdouble[m[K’
[3.383s] [01m[K/usr/include/c++/7/ostream:224:7:[m[K [01;36m[Knote: [m[Kcandidate: std::basic_ostream<_CharT, _Traits>::__ostream_type& std::basic_ostream<_CharT, _Traits>::operator<<(float) [with _CharT = char; _Traits = std::char_traits<char>; std::basic_ostream<_CharT, _Traits>::__ostream_type = std::basic_ostream<char>]
[3.383s]        [01;36m[Koperator[m[K<<(float __f)
[3.383s]        [01;36m[K^~~~~~~~[m[K
[3.383s] [01m[K/usr/include/c++/7/ostream:224:7:[m[K [01;36m[Knote: [m[K  no known conversion for argument 1 from ‘[01m[Kconst std::type_info[m[K’ to ‘[01m[Kfloat[m[K’
[3.383s] [01m[K/usr/include/c++/7/ostream:232:7:[m[K [01;36m[Knote: [m[Kcandidate: std::basic_ostream<_CharT, _Traits>::__ostream_type& std::basic_ostream<_CharT, _Traits>::operator<<(long double) [with _CharT = char; _Traits = std::char_traits<char>; std::basic_ostream<_CharT, _Traits>::__ostream_type = std::basic_ostream<char>]
[3.384s]        [01;36m[Koperator[m[K<<(long double __f)
[3.394s]        [01;36m[K^~~~~~~~[m[K
[3.394s] [01m[K/usr/include/c++/7/ostream:232:7:[m[K [01;36m[Knote: [m[K  no known conversion for argument 1 from ‘[01m[Kconst std::type_info[m[K’ to ‘[01m[Klong double[m[K’
[3.394s] [01m[K/usr/include/c++/7/ostream:245:7:[m[K [01;36m[Knote: [m[Kcandidate: std::basic_ostream<_CharT, _Traits>::__ostream_type& std::basic_ostream<_CharT, _Traits>::operator<<(const void*) [with _CharT = char; _Traits = std::char_traits<char>; std::basic_ostream<_CharT, _Traits>::__ostream_type = std::basic_ostream<char>]
[3.394s]        [01;36m[Koperator[m[K<<(const void* __p)
[3.394s]        [01;36m[K^~~~~~~~[m[K
[3.394s] [01m[K/usr/include/c++/7/ostream:245:7:[m[K [01;36m[Knote: [m[K  no known conversion for argument 1 from ‘[01m[Kconst std::type_info[m[K’ to ‘[01m[Kconst void*[m[K’
[3.394s] In file included from [01m[K/usr/include/c++/7/ostream:693:0[m[K,
[3.395s]                  from [01m[K/usr/include/c++/7/iostream:39[m[K,
[3.395s]                  from [01m[K/opt/ros/dashing/include/rclcpp/executor.hpp:22[m[K,
[3.395s]                  from [01m[K/opt/ros/dashing/include/rclcpp/executors/multi_threaded_executor.hpp:24[m[K,
[3.395s]                  from [01m[K/opt/ros/dashing/include/rclcpp/executors.hpp:21[m[K,
[3.395s]                  from [01m[K/opt/ros/dashing/include/rclcpp/rclcpp.hpp:144[m[K,
[3.395s]                  from [01m[K/home/final/ROS_2_ANDROID/src/publisher_member_function.cpp:18[m[K:
[3.396s] [01m[K/usr/include/c++/7/bits/ostream.tcc:119:5:[m[K [01;36m[Knote: [m[Kcandidate: std::basic_ostream<_CharT, _Traits>& std::basic_ostream<_CharT, _Traits>::operator<<(std::basic_ostream<_CharT, _Traits>::__streambuf_type*) [with _CharT = char; _Traits = std::char_traits<char>; std::basic_ostream<_CharT, _Traits>::__streambuf_type = std::basic_streambuf<char>]
[3.396s]      [01;36m[Kbasic_ostream<_CharT, _Traits>[m[K::
[3.396s]      [01;36m[K^~~~~~~~~~~~~~~~~~~~~~~~~~~~~~[m[K
[3.396s] [01m[K/usr/include/c++/7/bits/ostream.tcc:119:5:[m[K [01;36m[Knote: [m[K  no known conversion for argument 1 from ‘[01m[Kconst std::type_info[m[K’ to ‘[01m[Kstd::basic_ostream<char>::__streambuf_type* {aka std::basic_streambuf<char>*}[m[K’
[3.396s] In file included from [01m[K/usr/include/c++/7/string:52:0[m[K,
[3.411s]                  from [01m[K/usr/include/c++/7/stdexcept:39[m[K,
[3.411s]                  from [01m[K/usr/include/c++/7/array:39[m[K,
[3.412s]                  from [01m[K/usr/include/c++/7/tuple:39[m[K,
[3.412s]                  from [01m[K/usr/include/c++/7/bits/unique_ptr.h:37[m[K,
[3.412s]                  from [01m[K/usr/include/c++/7/memory:80[m[K,
[3.412s]                  from [01m[K/home/final/ROS_2_ANDROID/src/publisher_member_function.cpp:16[m[K:
[3.412s] [01m[K/usr/include/c++/7/bits/basic_string.h:6284:5:[m[K [01;36m[Knote: [m[Kcandidate: template<class _CharT, class _Traits, class _Alloc> std::basic_ostream<_CharT, _Traits>& std::operator<<(std::basic_ostream<_CharT, _Traits>&, const std::__cxx11::basic_string<_CharT, _Traits, _Alloc>&)
[3.412s]      [01;36m[Koperator[m[K<<(basic_ostream<_CharT, _Traits>& __os,
[3.412s]      [01;36m[K^~~~~~~~[m[K
[3.412s] [01m[K/usr/include/c++/7/bits/basic_string.h:6284:5:[m[K [01;36m[Knote: [m[K  template argument deduction/substitution failed:
[3.413s] [01m[K/home/final/ROS_2_ANDROID/src/publisher_member_function.cpp:114:18:[m[K [01;36m[Knote: [m[K  ‘[01m[Kconst std::type_info[m[K’ is not derived from ‘[01m[Kconst std::__cxx11::basic_string<_CharT, _Traits, _Alloc>[m[K’
[3.413s]   cout<<typeid(buf[01;36m[K)[m[K<<endl;
[3.413s]                   [01;36m[K^[m[K
[3.413s] In file included from [01m[K/usr/include/c++/7/memory:81:0[m[K,
[3.413s]                  from [01m[K/home/final/ROS_2_ANDROID/src/publisher_member_function.cpp:16[m[K:
[3.413s] [01m[K/usr/include/c++/7/bits/shared_ptr.h:66:5:[m[K [01;36m[Knote: [m[Kcandidate: template<class _Ch, class _Tr, class _Tp, __gnu_cxx::_Lock_policy _Lp> std::basic_ostream<_CharT, _Traits>& std::operator<<(std::basic_ostream<_CharT, _Traits>&, const std::__shared_ptr<_Tp, _Lp>&)
[3.413s]      [01;36m[Koperator[m[K<<(std::basic_ostream<_Ch, _Tr>& __os,
[3.413s]      [01;36m[K^~~~~~~~[m[K
[3.414s] [01m[K/usr/include/c++/7/bits/shared_ptr.h:66:5:[m[K [01;36m[Knote: [m[K  template argument deduction/substitution failed:
[3.414s] [01m[K/home/final/ROS_2_ANDROID/src/publisher_member_function.cpp:114:18:[m[K [01;36m[Knote: [m[K  ‘[01m[Kconst std::type_info[m[K’ is not derived from ‘[01m[Kconst std::__shared_ptr<_Tp, _Lp>[m[K’
[3.414s]   cout<<typeid(buf[01;36m[K)[m[K<<endl;
[3.414s]                   [01;36m[K^[m[K
[3.414s] In file included from [01m[K/usr/include/c++/7/mutex:42:0[m[K,
[3.414s]                  from [01m[K/usr/include/c++/7/future:38[m[K,
[3.414s]                  from [01m[K/opt/ros/dashing/include/rclcpp/executors.hpp:18[m[K,
[3.421s]                  from [01m[K/opt/ros/dashing/include/rclcpp/rclcpp.hpp:144[m[K,
[3.421s]                  from [01m[K/home/final/ROS_2_ANDROID/src/publisher_member_function.cpp:18[m[K:
[3.422s] [01m[K/usr/include/c++/7/system_error:217:5:[m[K [01;36m[Knote: [m[Kcandidate: template<class _CharT, class _Traits> std::basic_ostream<_CharT, _Traits>& std::operator<<(std::basic_ostream<_CharT, _Traits>&, const std::error_code&)
[3.422s]      [01;36m[Koperator[m[K<<(basic_ostream<_CharT, _Traits>& __os, const error_code& __e)
[3.422s]      [01;36m[K^~~~~~~~[m[K
[3.422s] [01m[K/usr/include/c++/7/system_error:217:5:[m[K [01;36m[Knote: [m[K  template argument deduction/substitution failed:
[3.422s] [01m[K/home/final/ROS_2_ANDROID/src/publisher_member_function.cpp:114:18:[m[K [01;36m[Knote: [m[K  cannot convert ‘[01m[K*(const std::type_info*)(& _ZTIA4096_c)[m[K’ (type ‘[01m[Kconst std::type_info[m[K’) to type ‘[01m[Kconst std::error_code&[m[K’
[3.422s]   cout<<typeid(buf[01;36m[K)[m[K<<endl;
[3.422s]                   [01;36m[K^[m[K
[3.423s] In file included from [01m[K/usr/include/c++/7/future:39:0[m[K,
[3.423s]                  from [01m[K/opt/ros/dashing/include/rclcpp/executors.hpp:18[m[K,
[3.423s]                  from [01m[K/opt/ros/dashing/include/rclcpp/rclcpp.hpp:144[m[K,
[3.423s]                  from [01m[K/home/final/ROS_2_ANDROID/src/publisher_member_function.cpp:18[m[K:
[3.423s] [01m[K/usr/include/c++/7/thread:313:5:[m[K [01;36m[Knote: [m[Kcandidate: template<class _CharT, class _Traits> std::basic_ostream<_CharT, _Traits>& std::operator<<(std::basic_ostream<_CharT, _Traits>&, std::thread::id)
[3.423s]      [01;36m[Koperator[m[K<<(basic_ostream<_CharT, _Traits>& __out, thread::id __id)
[3.423s]      [01;36m[K^~~~~~~~[m[K
[3.423s] [01m[K/usr/include/c++/7/thread:313:5:[m[K [01;36m[Knote: [m[K  template argument deduction/substitution failed:
[3.424s] [01m[K/home/final/ROS_2_ANDROID/src/publisher_member_function.cpp:114:18:[m[K [01;36m[Knote: [m[K  cannot convert ‘[01m[K*(const std::type_info*)(& _ZTIA4096_c)[m[K’ (type ‘[01m[Kconst std::type_info[m[K’) to type ‘[01m[Kstd::thread::id[m[K’
[3.440s]   cout<<typeid(buf[01;36m[K)[m[K<<endl;
[3.441s]                   [01;36m[K^[m[K
[3.441s] In file included from [01m[K/usr/include/c++/7/iostream:39:0[m[K,
[3.441s]                  from [01m[K/opt/ros/dashing/include/rclcpp/executor.hpp:22[m[K,
[3.441s]                  from [01m[K/opt/ros/dashing/include/rclcpp/executors/multi_threaded_executor.hpp:24[m[K,
[3.441s]                  from [01m[K/opt/ros/dashing/include/rclcpp/executors.hpp:21[m[K,
[3.441s]                  from [01m[K/opt/ros/dashing/include/rclcpp/rclcpp.hpp:144[m[K,
[3.441s]                  from [01m[K/home/final/ROS_2_ANDROID/src/publisher_member_function.cpp:18[m[K:
[3.442s] [01m[K/usr/include/c++/7/ostream:497:5:[m[K [01;36m[Knote: [m[Kcandidate: template<class _CharT, class _Traits> std::basic_ostream<_CharT, _Traits>& std::operator<<(std::basic_ostream<_CharT, _Traits>&, _CharT)
[3.442s]      [01;36m[Koperator[m[K<<(basic_ostream<_CharT, _Traits>& __out, _CharT __c)
[3.442s]      [01;36m[K^~~~~~~~[m[K
[3.442s] [01m[K/usr/include/c++/7/ostream:497:5:[m[K [01;36m[Knote: [m[K  template argument deduction/substitution failed:
[3.442s] [01m[K/home/final/ROS_2_ANDROID/src/publisher_member_function.cpp:114:18:[m[K [01;36m[Knote: [m[K  deduced conflicting types for parameter ‘[01m[K_CharT[m[K’ (‘[01m[Kchar[m[K’ and ‘[01m[Kstd::type_info[m[K’)
[3.442s]   cout<<typeid(buf[01;36m[K)[m[K<<endl;
[3.442s]                   [01;36m[K^[m[K
[3.442s] In file included from [01m[K/usr/include/c++/7/iostream:39:0[m[K,
[3.443s]                  from [01m[K/opt/ros/dashing/include/rclcpp/executor.hpp:22[m[K,
[3.443s]                  from [01m[K/opt/ros/dashing/include/rclcpp/executors/multi_threaded_executor.hpp:24[m[K,
[3.443s]                  from [01m[K/opt/ros/dashing/include/rclcpp/executors.hpp:21[m[K,
[3.443s]                  from [01m[K/opt/ros/dashing/include/rclcpp/rclcpp.hpp:144[m[K,
[3.443s]                  from [01m[K/home/final/ROS_2_ANDROID/src/publisher_member_function.cpp:18[m[K:
[3.443s] [01m[K/usr/include/c++/7/ostream:502:5:[m[K [01;36m[Knote: [m[Kcandidate: template<class _CharT, class _Traits> std::basic_ostream<_CharT, _Traits>& std::operator<<(std::basic_ostream<_CharT, _Traits>&, char)
[3.443s]      [01;36m[Koperator[m[K<<(basic_ostream<_CharT, _Traits>& __out, char __c)
[3.443s]      [01;36m[K^~~~~~~~[m[K
[3.444s] [01m[K/usr/include/c++/7/ostream:502:5:[m[K [01;36m[Knote: [m[K  template argument deduction/substitution failed:
[3.448s] [01m[K/home/final/ROS_2_ANDROID/src/publisher_member_function.cpp:114:18:[m[K [01;36m[Knote: [m[K  cannot convert ‘[01m[K*(const std::type_info*)(& _ZTIA4096_c)[m[K’ (type ‘[01m[Kconst std::type_info[m[K’) to type ‘[01m[Kchar[m[K’
[3.448s]   cout<<typeid(buf[01;36m[K)[m[K<<endl;
[3.448s]                   [01;36m[K^[m[K
[3.448s] In file included from [01m[K/usr/include/c++/7/iostream:39:0[m[K,
[3.449s]                  from [01m[K/opt/ros/dashing/include/rclcpp/executor.hpp:22[m[K,
[3.449s]                  from [01m[K/opt/ros/dashing/include/rclcpp/executors/multi_threaded_executor.hpp:24[m[K,
[3.449s]                  from [01m[K/opt/ros/dashing/include/rclcpp/executors.hpp:21[m[K,
[3.449s]                  from [01m[K/opt/ros/dashing/include/rclcpp/rclcpp.hpp:144[m[K,
[3.449s]                  from [01m[K/home/final/ROS_2_ANDROID/src/publisher_member_function.cpp:18[m[K:
[3.449s] [01m[K/usr/include/c++/7/ostream:508:5:[m[K [01;36m[Knote: [m[Kcandidate: template<class _Traits> std::basic_ostream<char, _Traits>& std::operator<<(std::basic_ostream<char, _Traits>&, char)
[3.449s]      [01;36m[Koperator[m[K<<(basic_ostream<char, _Traits>& __out, char __c)
[3.449s]      [01;36m[K^~~~~~~~[m[K
[3.450s] [01m[K/usr/include/c++/7/ostream:508:5:[m[K [01;36m[Knote: [m[K  template argument deduction/substitution failed:
[3.450s] [01m[K/home/final/ROS_2_ANDROID/src/publisher_member_function.cpp:114:18:[m[K [01;36m[Knote: [m[K  cannot convert ‘[01m[K*(const std::type_info*)(& _ZTIA4096_c)[m[K’ (type ‘[01m[Kconst std::type_info[m[K’) to type ‘[01m[Kchar[m[K’
[3.450s]   cout<<typeid(buf[01;36m[K)[m[K<<endl;
[3.450s]                   [01;36m[K^[m[K
[3.450s] In file included from [01m[K/usr/include/c++/7/iostream:39:0[m[K,
[3.450s]                  from [01m[K/opt/ros/dashing/include/rclcpp/executor.hpp:22[m[K,
[3.450s]                  from [01m[K/opt/ros/dashing/include/rclcpp/executors/multi_threaded_executor.hpp:24[m[K,
[3.450s]                  from [01m[K/opt/ros/dashing/include/rclcpp/executors.hpp:21[m[K,
[3.451s]                  from [01m[K/opt/ros/dashing/include/rclcpp/rclcpp.hpp:144[m[K,
[3.451s]                  from [01m[K/home/final/ROS_2_ANDROID/src/publisher_member_function.cpp:18[m[K:
[3.451s] [01m[K/usr/include/c++/7/ostream:514:5:[m[K [01;36m[Knote: [m[Kcandidate: template<class _Traits> std::basic_ostream<char, _Traits>& std::operator<<(std::basic_ostream<char, _Traits>&, signed char)
[3.451s]      [01;36m[Koperator[m[K<<(basic_ostream<char, _Traits>& __out, signed char __c)
[3.451s]      [01;36m[K^~~~~~~~[m[K
[3.451s] [01m[K/usr/include/c++/7/ostream:514:5:[m[K [01;36m[Knote: [m[K  template argument deduction/substitution failed:
[3.451s] [01m[K/home/final/ROS_2_ANDROID/src/publisher_member_function.cpp:114:18:[m[K [01;36m[Knote: [m[K  cannot convert ‘[01m[K*(const std::type_info*)(& _ZTIA4096_c)[m[K’ (type ‘[01m[Kconst std::type_info[m[K’) to type ‘[01m[Ksigned char[m[K’
[3.451s]   cout<<typeid(buf[01;36m[K)[m[K<<endl;
[3.452s]                   [01;36m[K^[m[K
[3.452s] In file included from [01m[K/usr/include/c++/7/iostream:39:0[m[K,
[3.452s]                  from [01m[K/opt/ros/dashing/include/rclcpp/executor.hpp:22[m[K,
[3.452s]                  from [01m[K/opt/ros/dashing/include/rclcpp/executors/multi_threaded_executor.hpp:24[m[K,
[3.465s]                  from [01m[K/opt/ros/dashing/include/rclcpp/executors.hpp:21[m[K,
[3.465s]                  from [01m[K/opt/ros/dashing/include/rclcpp/rclcpp.hpp:144[m[K,
[3.466s]                  from [01m[K/home/final/ROS_2_ANDROID/src/publisher_member_function.cpp:18[m[K:
[3.466s] [01m[K/usr/include/c++/7/ostream:519:5:[m[K [01;36m[Knote: [m[Kcandidate: template<class _Traits> std::basic_ostream<char, _Traits>& std::operator<<(std::basic_ostream<char, _Traits>&, unsigned char)
[3.466s]      [01;36m[Koperator[m[K<<(basic_ostream<char, _Traits>& __out, unsigned char __c)
[3.466s]      [01;36m[K^~~~~~~~[m[K
[3.466s] [01m[K/usr/include/c++/7/ostream:519:5:[m[K [01;36m[Knote: [m[K  template argument deduction/substitution failed:
[3.466s] [01m[K/home/final/ROS_2_ANDROID/src/publisher_member_function.cpp:114:18:[m[K [01;36m[Knote: [m[K  cannot convert ‘[01m[K*(const std::type_info*)(& _ZTIA4096_c)[m[K’ (type ‘[01m[Kconst std::type_info[m[K’) to type ‘[01m[Kunsigned char[m[K’
[3.466s]   cout<<typeid(buf[01;36m[K)[m[K<<endl;
[3.467s]                   [01;36m[K^[m[K
[3.467s] In file included from [01m[K/usr/include/c++/7/iostream:39:0[m[K,
[3.467s]                  from [01m[K/opt/ros/dashing/include/rclcpp/executor.hpp:22[m[K,
[3.467s]                  from [01m[K/opt/ros/dashing/include/rclcpp/executors/multi_threaded_executor.hpp:24[m[K,
[3.467s]                  from [01m[K/opt/ros/dashing/include/rclcpp/executors.hpp:21[m[K,
[3.467s]                  from [01m[K/opt/ros/dashing/include/rclcpp/rclcpp.hpp:144[m[K,
[3.467s]                  from [01m[K/home/final/ROS_2_ANDROID/src/publisher_member_function.cpp:18[m[K:
[3.467s] [01m[K/usr/include/c++/7/ostream:539:5:[m[K [01;36m[Knote: [m[Kcandidate: template<class _CharT, class _Traits> std::basic_ostream<_CharT, _Traits>& std::operator<<(std::basic_ostream<_CharT, _Traits>&, const _CharT*)
[3.468s]      [01;36m[Koperator[m[K<<(basic_ostream<_CharT, _Traits>& __out, const _CharT* __s)
[3.476s]      [01;36m[K^~~~~~~~[m[K
[3.476s] [01m[K/usr/include/c++/7/ostream:539:5:[m[K [01;36m[Knote: [m[K  template argument deduction/substitution failed:
[3.476s] [01m[K/home/final/ROS_2_ANDROID/src/publisher_member_function.cpp:114:18:[m[K [01;36m[Knote: [m[K  mismatched types ‘[01m[Kconst _CharT*[m[K’ and ‘[01m[Kstd::type_info[m[K’
[3.477s]   cout<<typeid(buf[01;36m[K)[m[K<<endl;
[3.477s]                   [01;36m[K^[m[K
[3.477s] In file included from [01m[K/usr/include/c++/7/ostream:693:0[m[K,
[3.477s]                  from [01m[K/usr/include/c++/7/iostream:39[m[K,
[3.477s]                  from [01m[K/opt/ros/dashing/include/rclcpp/executor.hpp:22[m[K,
[3.477s]                  from [01m[K/opt/ros/dashing/include/rclcpp/executors/multi_threaded_executor.hpp:24[m[K,
[3.477s]                  from [01m[K/opt/ros/dashing/include/rclcpp/executors.hpp:21[m[K,
[3.477s]                  from [01m[K/opt/ros/dashing/include/rclcpp/rclcpp.hpp:144[m[K,
[3.478s]                  from [01m[K/home/final/ROS_2_ANDROID/src/publisher_member_function.cpp:18[m[K:
[3.478s] [01m[K/usr/include/c++/7/bits/ostream.tcc:321:5:[m[K [01;36m[Knote: [m[Kcandidate: template<class _CharT, class _Traits> std::basic_ostream<_CharT, _Traits>& std::operator<<(std::basic_ostream<_CharT, _Traits>&, const char*)
[3.478s]      [01;36m[Koperator[m[K<<(basic_ostream<_CharT, _Traits>& __out, const char* __s)
[3.478s]      [01;36m[K^~~~~~~~[m[K
[3.478s] [01m[K/usr/include/c++/7/bits/ostream.tcc:321:5:[m[K [01;36m[Knote: [m[K  template argument deduction/substitution failed:
[3.478s] [01m[K/home/final/ROS_2_ANDROID/src/publisher_member_function.cpp:114:18:[m[K [01;36m[Knote: [m[K  cannot convert ‘[01m[K*(const std::type_info*)(& _ZTIA4096_c)[m[K’ (type ‘[01m[Kconst std::type_info[m[K’) to type ‘[01m[Kconst char*[m[K’
[3.478s]   cout<<typeid(buf[01;36m[K)[m[K<<endl;
[3.487s]                   [01;36m[K^[m[K
[3.488s] In file included from [01m[K/usr/include/c++/7/iostream:39:0[m[K,
[3.488s]                  from [01m[K/opt/ros/dashing/include/rclcpp/executor.hpp:22[m[K,
[3.488s]                  from [01m[K/opt/ros/dashing/include/rclcpp/executors/multi_threaded_executor.hpp:24[m[K,
[3.488s]                  from [01m[K/opt/ros/dashing/include/rclcpp/executors.hpp:21[m[K,
[3.488s]                  from [01m[K/opt/ros/dashing/include/rclcpp/rclcpp.hpp:144[m[K,
[3.488s]                  from [01m[K/home/final/ROS_2_ANDROID/src/publisher_member_function.cpp:18[m[K:
[3.489s] [01m[K/usr/include/c++/7/ostream:556:5:[m[K [01;36m[Knote: [m[Kcandidate: template<class _Traits> std::basic_ostream<char, _Traits>& std::operator<<(std::basic_ostream<char, _Traits>&, const char*)
[3.489s]      [01;36m[Koperator[m[K<<(basic_ostream<char, _Traits>& __out, const char* __s)
[3.489s]      [01;36m[K^~~~~~~~[m[K
[3.489s] [01m[K/usr/include/c++/7/ostream:556:5:[m[K [01;36m[Knote: [m[K  template argument deduction/substitution failed:
[3.489s] [01m[K/home/final/ROS_2_ANDROID/src/publisher_member_function.cpp:114:18:[m[K [01;36m[Knote: [m[K  cannot convert ‘[01m[K*(const std::type_info*)(& _ZTIA4096_c)[m[K’ (type ‘[01m[Kconst std::type_info[m[K’) to type ‘[01m[Kconst char*[m[K’
[3.489s]   cout<<typeid(buf[01;36m[K)[m[K<<endl;
[3.489s]                   [01;36m[K^[m[K
[3.489s] In file included from [01m[K/usr/include/c++/7/iostream:39:0[m[K,
[3.490s]                  from [01m[K/opt/ros/dashing/include/rclcpp/executor.hpp:22[m[K,
[3.490s]                  from [01m[K/opt/ros/dashing/include/rclcpp/executors/multi_threaded_executor.hpp:24[m[K,
[3.490s]                  from [01m[K/opt/ros/dashing/include/rclcpp/executors.hpp:21[m[K,
[3.490s]                  from [01m[K/opt/ros/dashing/include/rclcpp/rclcpp.hpp:144[m[K,
[3.490s]                  from [01m[K/home/final/ROS_2_ANDROID/src/publisher_member_function.cpp:18[m[K:
[3.490s] [01m[K/usr/include/c++/7/ostream:569:5:[m[K [01;36m[Knote: [m[Kcandidate: template<class _Traits> std::basic_ostream<char, _Traits>& std::operator<<(std::basic_ostream<char, _Traits>&, const signed char*)
[3.490s]      [01;36m[Koperator[m[K<<(basic_ostream<char, _Traits>& __out, const signed char* __s)
[3.490s]      [01;36m[K^~~~~~~~[m[K
[3.490s] [01m[K/usr/include/c++/7/ostream:569:5:[m[K [01;36m[Knote: [m[K  template argument deduction/substitution failed:
[3.491s] [01m[K/home/final/ROS_2_ANDROID/src/publisher_member_function.cpp:114:18:[m[K [01;36m[Knote: [m[K  cannot convert ‘[01m[K*(const std::type_info*)(& _ZTIA4096_c)[m[K’ (type ‘[01m[Kconst std::type_info[m[K’) to type ‘[01m[Kconst signed char*[m[K’
[3.491s]   cout<<typeid(buf[01;36m[K)[m[K<<endl;
[3.491s]                   [01;36m[K^[m[K
[3.491s] In file included from [01m[K/usr/include/c++/7/iostream:39:0[m[K,
[3.491s]                  from [01m[K/opt/ros/dashing/include/rclcpp/executor.hpp:22[m[K,
[3.491s]                  from [01m[K/opt/ros/dashing/include/rclcpp/executors/multi_threaded_executor.hpp:24[m[K,
[3.491s]                  from [01m[K/opt/ros/dashing/include/rclcpp/executors.hpp:21[m[K,
[3.492s]                  from [01m[K/opt/ros/dashing/include/rclcpp/rclcpp.hpp:144[m[K,
[3.506s]                  from [01m[K/home/final/ROS_2_ANDROID/src/publisher_member_function.cpp:18[m[K:
[3.506s] [01m[K/usr/include/c++/7/ostream:574:5:[m[K [01;36m[Knote: [m[Kcandidate: template<class _Traits> std::basic_ostream<char, _Traits>& std::operator<<(std::basic_ostream<char, _Traits>&, const unsigned char*)
[3.506s]      [01;36m[Koperator[m[K<<(basic_ostream<char, _Traits>& __out, const unsigned char* __s)
[3.506s]      [01;36m[K^~~~~~~~[m[K
[3.507s] [01m[K/usr/include/c++/7/ostream:574:5:[m[K [01;36m[Knote: [m[K  template argument deduction/substitution failed:
[3.507s] [01m[K/home/final/ROS_2_ANDROID/src/publisher_member_function.cpp:114:18:[m[K [01;36m[Knote: [m[K  cannot convert ‘[01m[K*(const std::type_info*)(& _ZTIA4096_c)[m[K’ (type ‘[01m[Kconst std::type_info[m[K’) to type ‘[01m[Kconst unsigned char*[m[K’
[3.507s]   cout<<typeid(buf[01;36m[K)[m[K<<endl;
[3.507s]                   [01;36m[K^[m[K
[3.507s] In file included from [01m[K/usr/include/c++/7/iostream:39:0[m[K,
[3.507s]                  from [01m[K/opt/ros/dashing/include/rclcpp/executor.hpp:22[m[K,
[3.507s]                  from [01m[K/opt/ros/dashing/include/rclcpp/executors/multi_threaded_executor.hpp:24[m[K,
[3.507s]                  from [01m[K/opt/ros/dashing/include/rclcpp/executors.hpp:21[m[K,
[3.508s]                  from [01m[K/opt/ros/dashing/include/rclcpp/rclcpp.hpp:144[m[K,
[3.518s]                  from [01m[K/home/final/ROS_2_ANDROID/src/publisher_member_function.cpp:18[m[K:
[3.518s] [01m[K/usr/include/c++/7/ostream:682:5:[m[K [01;36m[Knote: [m[Kcandidate: template<class _Ostream, class _Tp> typename std::enable_if<std::__and_<std::__not_<std::is_lvalue_reference<_Tp> >, std::__is_convertible_to_basic_ostream<_Ostream>, std::__is_insertable<typename std::__is_convertible_to_basic_ostream<_Tp>::__ostream_type, const _Tp&, void> >::value, typename std::__is_convertible_to_basic_ostream<_Tp>::__ostream_type>::type std::operator<<(_Ostream&&, const _Tp&)
[3.518s]      [01;36m[Koperator[m[K<<(_Ostream&& __os, const _Tp& __x)
[3.518s]      [01;36m[K^~~~~~~~[m[K
[3.518s] [01m[K/usr/include/c++/7/ostream:682:5:[m[K [01;36m[Knote: [m[K  template argument deduction/substitution failed:
[3.519s] /usr/include/c++/7/ostream: In substitution of ‘[01m[Ktemplate<class _Ostream, class _Tp> typename std::enable_if<std::__and_<std::__not_<std::is_lvalue_reference<_Tp> >, std::__is_convertible_to_basic_ostream<_Ostream>, std::__is_insertable<typename std::__is_convertible_to_basic_ostream<_Tp>::__ostream_type, const _Tp&, void> >::value, typename std::__is_convertible_to_basic_ostream<_Tp>::__ostream_type>::type std::operator<<(_Ostream&&, const _Tp&) [with _Ostream = std::basic_ostream<char>&; _Tp = std::type_info][m[K’:
[3.519s] [01m[K/home/final/ROS_2_ANDROID/src/publisher_member_function.cpp:114:18:[m[K   required from here
[3.519s] [01m[K/usr/include/c++/7/ostream:682:5:[m[K [01;31m[Kerror: [m[Kno type named ‘[01m[Ktype[m[K’ in ‘[01m[Kstruct std::enable_if<false, std::basic_ostream<char>&>[m[K’
[3.519s] [01m[K/home/final/ROS_2_ANDROID/src/publisher_member_function.cpp:115:13:[m[K [01;35m[Kwarning: [m[Kcomparison with string literal results in unspecified behavior [[01;35m[K-Waddress[m[K]
[3.519s]   if (buf == [01;35m[K"1"[m[K) {
[3.519s]              [01;35m[K^~~[m[K
[3.520s] [01m[K/home/final/ROS_2_ANDROID/src/publisher_member_function.cpp:121:13:[m[K [01;35m[Kwarning: [m[Kcomparison with string literal results in unspecified behavior [[01;35m[K-Waddress[m[K]
[3.520s]   if (buf == [01;35m[K"2"[m[K) {
[3.526s]              [01;35m[K^~~[m[K
[3.527s] [01m[K/home/final/ROS_2_ANDROID/src/publisher_member_function.cpp:127:13:[m[K [01;35m[Kwarning: [m[Kcomparison with string literal results in unspecified behavior [[01;35m[K-Waddress[m[K]
[3.527s]   if (buf == [01;35m[K"3"[m[K) {
[3.527s]              [01;35m[K^~~[m[K
[3.527s] [01m[K/home/final/ROS_2_ANDROID/src/publisher_member_function.cpp:136:13:[m[K [01;35m[Kwarning: [m[Kcomparison with string literal results in unspecified behavior [[01;35m[K-Waddress[m[K]
[3.527s]   if (buf == [01;35m[K"4"[m[K) {
[3.527s]              [01;35m[K^~~[m[K
[3.527s] [01m[K/home/final/ROS_2_ANDROID/src/publisher_member_function.cpp:142:13:[m[K [01;35m[Kwarning: [m[Kcomparison with string literal results in unspecified behavior [[01;35m[K-Waddress[m[K]
[3.528s]   if (buf == [01;35m[K"5"[m[K) {
[3.528s]              [01;35m[K^~~[m[K
[4.497s] CMakeFiles/talker.dir/build.make:62: recipe for target 'CMakeFiles/talker.dir/src/publisher_member_function.cpp.o' failed
[4.504s] make[2]: *** [CMakeFiles/talker.dir/src/publisher_member_function.cpp.o] Error 1
[4.504s] make[1]: *** [CMakeFiles/talker.dir/all] Error 2
[4.505s] make: *** [all] Error 2
[4.505s] CMakeFiles/Makefile2:67: recipe for target 'CMakeFiles/talker.dir/all' failed
[4.505s] Makefile:140: recipe for target 'all' failed
[4.508s] Invoked command in '/home/final/ROS_2_ANDROID/build/cpp_pubsub' returned '2': CMAKE_PREFIX_PATH=${CMAKE_PREFIX_PATH}:/opt/ros/dashing /usr/bin/cmake --build /home/final/ROS_2_ANDROID/build/cpp_pubsub -- -j1 -l1
