[0.815s] DEBUG:colcon:Command line arguments: ['/usr/bin/colcon', 'build']
[0.815s] DEBUG:colcon:Parsed command line arguments: Namespace(ament_cmake_args=None, base_paths=['.'], build_base='build', catkin_cmake_args=None, catkin_skip_building_tests=False, cmake_args=None, cmake_clean_cache=False, cmake_clean_first=False, cmake_force_configure=False, cmake_target=None, cmake_target_skip_unavailable=False, continue_on_error=False, event_handlers=None, executor='parallel', ignore_user_meta=False, install_base='install', log_base=None, log_level=None, main=<bound method BuildVerb.main of <colcon_core.verb.build.BuildVerb object at 0x7f1ee47a7dd8>>, merge_install=False, metas=['./colcon.meta'], packages_above=None, packages_above_and_dependencies=None, packages_above_depth=None, packages_end=None, packages_ignore=None, packages_ignore_regex=None, packages_select=None, packages_select_build_failed=False, packages_select_by_dep=None, packages_select_regex=None, packages_select_test_failures=False, packages_skip=None, packages_skip_build_finished=False, packages_skip_by_dep=None, packages_skip_regex=None, packages_skip_test_passed=False, packages_skip_up_to=None, packages_start=None, packages_up_to=None, packages_up_to_regex=None, parallel_workers=1, paths=None, symlink_install=False, test_result_base=None, verb_extension=<colcon_core.verb.build.BuildVerb object at 0x7f1ee47a7dd8>, verb_name='build', verb_parser=<colcon_defaults.argument_parser.defaults.DefaultArgumentsDecorator object at 0x7f1ee4730320>)
[1.037s] Level 1:colcon.colcon_core.package_discovery:discover_packages(colcon_meta) check parameters
[1.044s] Level 1:colcon.colcon_core.package_discovery:discover_packages(recursive) check parameters
[1.044s] Level 1:colcon.colcon_core.package_discovery:discover_packages(ignore) check parameters
[1.044s] Level 1:colcon.colcon_core.package_discovery:discover_packages(path) check parameters
[1.044s] Level 1:colcon.colcon_core.package_discovery:discover_packages(colcon_meta) discover
[1.045s] Level 1:colcon.colcon_core.package_discovery:discover_packages(recursive) discover
[1.045s] INFO:colcon.colcon_core.package_discovery:Crawling recursively for packages in '/home/final/ROS_2_ANDROID'
[1.047s] Level 1:colcon.colcon_core.package_identification:_identify(.) by extensions ['ignore', 'ignore_ament_install']
[1.048s] Level 1:colcon.colcon_core.package_identification:_identify(.) by extension 'ignore'
[1.048s] Level 1:colcon.colcon_core.package_identification:_identify(.) by extension 'ignore_ament_install'
[1.048s] Level 1:colcon.colcon_core.package_identification:_identify(.) by extensions ['colcon_pkg']
[1.048s] Level 1:colcon.colcon_core.package_identification:_identify(.) by extension 'colcon_pkg'
[1.048s] Level 1:colcon.colcon_core.package_identification:_identify(.) by extensions ['colcon_meta']
[1.048s] Level 1:colcon.colcon_core.package_identification:_identify(.) by extension 'colcon_meta'
[1.048s] Level 1:colcon.colcon_core.package_identification:_identify(.) by extensions ['ros']
[1.048s] Level 1:colcon.colcon_core.package_identification:_identify(.) by extension 'ros'
[1.130s] DEBUG:colcon.colcon_core.package_identification:Package '.' with type 'ros.ament_cmake' and name 'cpp_pubsub'
[1.130s] Level 1:colcon.colcon_core.package_discovery:discover_packages(recursive) using defaults
[1.131s] Level 1:colcon.colcon_core.package_discovery:discover_packages(ignore) discover
[1.131s] Level 1:colcon.colcon_core.package_discovery:discover_packages(ignore) using defaults
[1.131s] Level 1:colcon.colcon_core.package_discovery:discover_packages(path) discover
[1.131s] Level 1:colcon.colcon_core.package_discovery:discover_packages(path) using defaults
[1.167s] Level 5:colcon.colcon_core.verb:set package 'cpp_pubsub' build argument 'cmake_args' from command line to 'None'
[1.174s] Level 5:colcon.colcon_core.verb:set package 'cpp_pubsub' build argument 'cmake_target' from command line to 'None'
[1.174s] Level 5:colcon.colcon_core.verb:set package 'cpp_pubsub' build argument 'cmake_target_skip_unavailable' from command line to 'False'
[1.174s] Level 5:colcon.colcon_core.verb:set package 'cpp_pubsub' build argument 'cmake_clean_cache' from command line to 'False'
[1.174s] Level 5:colcon.colcon_core.verb:set package 'cpp_pubsub' build argument 'cmake_clean_first' from command line to 'False'
[1.174s] Level 5:colcon.colcon_core.verb:set package 'cpp_pubsub' build argument 'cmake_force_configure' from command line to 'False'
[1.174s] Level 5:colcon.colcon_core.verb:set package 'cpp_pubsub' build argument 'ament_cmake_args' from command line to 'None'
[1.175s] Level 5:colcon.colcon_core.verb:set package 'cpp_pubsub' build argument 'catkin_cmake_args' from command line to 'None'
[1.175s] Level 5:colcon.colcon_core.verb:set package 'cpp_pubsub' build argument 'catkin_skip_building_tests' from command line to 'False'
[1.175s] DEBUG:colcon.colcon_core.verb:Building package 'cpp_pubsub' with the following arguments: {'ament_cmake_args': None, 'build_base': '/home/final/ROS_2_ANDROID/build/cpp_pubsub', 'catkin_cmake_args': None, 'catkin_skip_building_tests': False, 'cmake_args': None, 'cmake_clean_cache': False, 'cmake_clean_first': False, 'cmake_force_configure': False, 'cmake_target': None, 'cmake_target_skip_unavailable': False, 'install_base': '/home/final/ROS_2_ANDROID/install/cpp_pubsub', 'merge_install': False, 'path': '/home/final/ROS_2_ANDROID', 'symlink_install': False, 'test_result_base': None}
[1.176s] INFO:colcon.colcon_core.executor:Executing jobs using 'parallel' executor
[1.185s] DEBUG:colcon.colcon_parallel_executor.executor.parallel:run_until_complete
[1.186s] INFO:colcon.colcon_ros.task.ament_cmake.build:Building ROS package in '/home/final/ROS_2_ANDROID' with build type 'ament_cmake'
[1.219s] INFO:colcon.colcon_core.plugin_system:Skipping extension 'colcon_core.shell.bat': Not used on non-Windows systems
[1.220s] INFO:colcon.colcon_cmake.task.cmake.build:Building CMake package in '/home/final/ROS_2_ANDROID'
[1.225s] INFO:colcon.colcon_core.shell:Skip shell extension 'powershell' for command environment: Not usable outside of PowerShell
[1.225s] DEBUG:colcon.colcon_core.shell:Skip shell extension 'dsv' for command environment
[1.242s] DEBUG:colcon.colcon_core.shell:Ignoring prefix path '/opt/ros/dashing'
[1.283s] DEBUG:colcon.colcon_core.event_handler.log_command:Invoking command in '/home/final/ROS_2_ANDROID/build/cpp_pubsub': CMAKE_PREFIX_PATH=${CMAKE_PREFIX_PATH}:/opt/ros/dashing /usr/bin/cmake --build /home/final/ROS_2_ANDROID/build/cpp_pubsub -- -j1 -l1
[9.173s] DEBUG:colcon.colcon_core.event_handler.log_command:Invoked command in '/home/final/ROS_2_ANDROID/build/cpp_pubsub' returned '0': CMAKE_PREFIX_PATH=${CMAKE_PREFIX_PATH}:/opt/ros/dashing /usr/bin/cmake --build /home/final/ROS_2_ANDROID/build/cpp_pubsub -- -j1 -l1
[9.311s] DEBUG:colcon.colcon_core.event_handler.log_command:Invoking command in '/home/final/ROS_2_ANDROID/build/cpp_pubsub': CMAKE_PREFIX_PATH=${CMAKE_PREFIX_PATH}:/opt/ros/dashing /usr/bin/cmake --build /home/final/ROS_2_ANDROID/build/cpp_pubsub --target install -- -j1 -l1
[9.748s] Level 1:colcon.colcon_core.environment:create_environment_scripts_only(cpp_pubsub)
[9.753s] DEBUG:colcon.colcon_core.event_handler.log_command:Invoked command in '/home/final/ROS_2_ANDROID/build/cpp_pubsub' returned '0': CMAKE_PREFIX_PATH=${CMAKE_PREFIX_PATH}:/opt/ros/dashing /usr/bin/cmake --build /home/final/ROS_2_ANDROID/build/cpp_pubsub --target install -- -j1 -l1
[9.770s] Level 1:colcon.colcon_core.environment:checking '/home/final/ROS_2_ANDROID/install/cpp_pubsub' for CMake module files
[9.771s] Level 1:colcon.colcon_core.environment:checking '/home/final/ROS_2_ANDROID/install/cpp_pubsub' for CMake config files
[9.771s] Level 1:colcon.colcon_core.shell:create_environment_hook('cpp_pubsub', 'cmake_prefix_path')
[9.773s] INFO:colcon.colcon_core.shell:Creating environment hook '/home/final/ROS_2_ANDROID/install/cpp_pubsub/share/cpp_pubsub/hook/cmake_prefix_path.ps1'
[9.779s] INFO:colcon.colcon_core.shell:Creating environment descriptor '/home/final/ROS_2_ANDROID/install/cpp_pubsub/share/cpp_pubsub/hook/cmake_prefix_path.dsv'
[9.780s] INFO:colcon.colcon_core.shell:Creating environment hook '/home/final/ROS_2_ANDROID/install/cpp_pubsub/share/cpp_pubsub/hook/cmake_prefix_path.sh'
[9.786s] Level 1:colcon.colcon_core.environment:checking '/home/final/ROS_2_ANDROID/install/cpp_pubsub/lib'
[9.786s] Level 1:colcon.colcon_core.environment:checking '/home/final/ROS_2_ANDROID/install/cpp_pubsub/bin'
[9.786s] Level 1:colcon.colcon_core.environment:checking '/home/final/ROS_2_ANDROID/install/cpp_pubsub/lib/pkgconfig/cpp_pubsub.pc'
[9.786s] Level 1:colcon.colcon_core.environment:checking '/home/final/ROS_2_ANDROID/install/cpp_pubsub/lib/python3.6/site-packages'
[9.788s] INFO:colcon.colcon_core.shell:Creating package script '/home/final/ROS_2_ANDROID/install/cpp_pubsub/share/cpp_pubsub/package.ps1'
[9.792s] INFO:colcon.colcon_core.shell:Creating package descriptor '/home/final/ROS_2_ANDROID/install/cpp_pubsub/share/cpp_pubsub/package.dsv'
[9.795s] INFO:colcon.colcon_core.shell:Creating package script '/home/final/ROS_2_ANDROID/install/cpp_pubsub/share/cpp_pubsub/package.sh'
[9.799s] INFO:colcon.colcon_core.shell:Creating package script '/home/final/ROS_2_ANDROID/install/cpp_pubsub/share/cpp_pubsub/package.bash'
[9.811s] INFO:colcon.colcon_core.shell:Creating package script '/home/final/ROS_2_ANDROID/install/cpp_pubsub/share/cpp_pubsub/package.zsh'
[9.815s] Level 1:colcon.colcon_core.environment:create_file_with_runtime_dependencies(/home/final/ROS_2_ANDROID/install/cpp_pubsub/share/colcon-core/packages/cpp_pubsub)
[9.823s] DEBUG:colcon.colcon_parallel_executor.executor.parallel:closing loop
[9.827s] DEBUG:colcon.colcon_parallel_executor.executor.parallel:loop closed
[9.827s] DEBUG:colcon.colcon_parallel_executor.executor.parallel:run_until_complete finished with '0'
[9.827s] DEBUG:colcon.colcon_core.event_reactor:joining thread
[9.883s] INFO:colcon.colcon_core.plugin_system:Skipping extension 'colcon_notification.desktop_notification.terminal_notifier': Not used on non-Darwin systems
[9.889s] INFO:colcon.colcon_core.plugin_system:Skipping extension 'colcon_notification.desktop_notification.win32': Not used on non-Windows systems
[9.889s] INFO:colcon.colcon_notification.desktop_notification:Sending desktop notification using 'notify2'
[9.912s] DEBUG:colcon.colcon_core.event_reactor:joined thread
[9.913s] INFO:colcon.colcon_core.shell:Creating prefix script '/home/final/ROS_2_ANDROID/install/local_setup.ps1'
[9.918s] INFO:colcon.colcon_core.shell:Creating prefix util module '/home/final/ROS_2_ANDROID/install/_local_setup_util_ps1.py'
[9.932s] INFO:colcon.colcon_core.shell:Creating prefix chain script '/home/final/ROS_2_ANDROID/install/setup.ps1'
[9.999s] INFO:colcon.colcon_core.shell:Creating prefix script '/home/final/ROS_2_ANDROID/install/local_setup.sh'
[10.009s] INFO:colcon.colcon_core.shell:Creating prefix util module '/home/final/ROS_2_ANDROID/install/_local_setup_util_sh.py'
[10.010s] INFO:colcon.colcon_core.shell:Creating prefix chain script '/home/final/ROS_2_ANDROID/install/setup.sh'
[10.033s] INFO:colcon.colcon_core.shell:Creating prefix script '/home/final/ROS_2_ANDROID/install/local_setup.bash'
[10.035s] INFO:colcon.colcon_core.shell:Creating prefix chain script '/home/final/ROS_2_ANDROID/install/setup.bash'
[10.054s] INFO:colcon.colcon_core.shell:Creating prefix script '/home/final/ROS_2_ANDROID/install/local_setup.zsh'
[10.057s] INFO:colcon.colcon_core.shell:Creating prefix chain script '/home/final/ROS_2_ANDROID/install/setup.zsh'
