[0.041s] Invoking command in '/home/final/ROS_2_ANDROID/build/cpp_pubsub': CMAKE_PREFIX_PATH=${CMAKE_PREFIX_PATH}:/home/final/turtlebot3_ws/install/turtlebot3_teleop:/home/final/turtlebot3_ws/install/turtlebot3_example:/opt/ros/dashing /usr/bin/cmake --build /home/final/ROS_2_ANDROID/build/cpp_pubsub -- -j1 -l1
[0.144s] [35m[1mScanning dependencies of target talker[0m
[0.192s] [ 25%] [32mBuilding CXX object CMakeFiles/talker.dir/src/publisher_member_function.cpp.o[0m
[3.493s] [ 50%] [32m[1mLinking CXX executable talker[0m
[3.762s] [ 50%] Built target talker
[3.824s] [100%] Built target listener
[3.846s] Invoked command in '/home/final/ROS_2_ANDROID/build/cpp_pubsub' returned '0': CMAKE_PREFIX_PATH=${CMAKE_PREFIX_PATH}:/home/final/turtlebot3_ws/install/turtlebot3_teleop:/home/final/turtlebot3_ws/install/turtlebot3_example:/opt/ros/dashing /usr/bin/cmake --build /home/final/ROS_2_ANDROID/build/cpp_pubsub -- -j1 -l1
[3.929s] Invoking command in '/home/final/ROS_2_ANDROID/build/cpp_pubsub': CMAKE_PREFIX_PATH=${CMAKE_PREFIX_PATH}:/home/final/turtlebot3_ws/install/turtlebot3_teleop:/home/final/turtlebot3_ws/install/turtlebot3_example:/opt/ros/dashing /usr/bin/cmake --build /home/final/ROS_2_ANDROID/build/cpp_pubsub --target install -- -j1 -l1
[4.047s] [ 50%] Built target talker
[4.106s] [100%] Built target listener
[4.141s] [36mInstall the project...[0m
[4.157s] -- Install configuration: ""
[4.158s] -- Installing: /home/final/ROS_2_ANDROID/install/cpp_pubsub/lib/cpp_pubsub/talker
[4.160s] -- Set runtime path of "/home/final/ROS_2_ANDROID/install/cpp_pubsub/lib/cpp_pubsub/talker" to ""
[4.161s] -- Up-to-date: /home/final/ROS_2_ANDROID/install/cpp_pubsub/lib/cpp_pubsub/listener
[4.162s] -- Up-to-date: /home/final/ROS_2_ANDROID/install/cpp_pubsub/share/ament_index/resource_index/package_run_dependencies/cpp_pubsub
[4.163s] -- Up-to-date: /home/final/ROS_2_ANDROID/install/cpp_pubsub/share/ament_index/resource_index/parent_prefix_path/cpp_pubsub
[4.164s] -- Up-to-date: /home/final/ROS_2_ANDROID/install/cpp_pubsub/share/cpp_pubsub/environment/ament_prefix_path.sh
[4.164s] -- Up-to-date: /home/final/ROS_2_ANDROID/install/cpp_pubsub/share/cpp_pubsub/environment/path.sh
[4.165s] -- Up-to-date: /home/final/ROS_2_ANDROID/install/cpp_pubsub/share/cpp_pubsub/local_setup.bash
[4.165s] -- Up-to-date: /home/final/ROS_2_ANDROID/install/cpp_pubsub/share/cpp_pubsub/local_setup.sh
[4.165s] -- Up-to-date: /home/final/ROS_2_ANDROID/install/cpp_pubsub/share/cpp_pubsub/local_setup.zsh
[4.166s] -- Up-to-date: /home/final/ROS_2_ANDROID/install/cpp_pubsub/share/ament_index/resource_index/packages/cpp_pubsub
[4.166s] -- Up-to-date: /home/final/ROS_2_ANDROID/install/cpp_pubsub/share/cpp_pubsub/cmake/cpp_pubsubConfig.cmake
[4.166s] -- Up-to-date: /home/final/ROS_2_ANDROID/install/cpp_pubsub/share/cpp_pubsub/cmake/cpp_pubsubConfig-version.cmake
[4.167s] -- Up-to-date: /home/final/ROS_2_ANDROID/install/cpp_pubsub/share/cpp_pubsub/package.xml
[4.180s] Invoked command in '/home/final/ROS_2_ANDROID/build/cpp_pubsub' returned '0': CMAKE_PREFIX_PATH=${CMAKE_PREFIX_PATH}:/home/final/turtlebot3_ws/install/turtlebot3_teleop:/home/final/turtlebot3_ws/install/turtlebot3_example:/opt/ros/dashing /usr/bin/cmake --build /home/final/ROS_2_ANDROID/build/cpp_pubsub --target install -- -j1 -l1
