[0.022s] Invoking command in '/home/final/ROS_2_ANDROID/build/cpp_pubsub': CMAKE_PREFIX_PATH=${CMAKE_PREFIX_PATH}:/opt/ros/dashing /usr/bin/cmake --build /home/final/ROS_2_ANDROID/build/cpp_pubsub -- -j1 -l1
[0.095s] [35m[1mScanning dependencies of target talker[0m
[0.156s] [ 25%] [32mBuilding CXX object CMakeFiles/talker.dir/src/publisher_member_function.cpp.o[0m
[0.341s] [01m[K/home/final/ROS_2_ANDROID/src/publisher_member_function.cpp:113:13:[m[K [01;35m[Kwarning: [m[Kcharacter constant too long for its type
[0.342s]   message = {[01;35m[K'[2.0, 0.0, 0.0]'[m[K '[0.0, 0.0, 1.8]'};
[0.342s]              [01;35m[K^~~~~~~~~~~~~~~~~[m[K
[0.343s] [01m[K/home/final/ROS_2_ANDROID/src/publisher_member_function.cpp:113:31:[m[K [01;35m[Kwarning: [m[Kcharacter constant too long for its type
[0.343s]   message = {'[2.0, 0.0, 0.0]' [01;35m[K'[0.0, 0.0, 1.8]'[m[K};
[0.343s]                                [01;35m[K^~~~~~~~~~~~~~~~~[m[K
[1.765s] [01m[K/home/final/ROS_2_ANDROID/src/publisher_member_function.cpp:[m[K In function ‘[01m[Kint main(int, char**)[m[K’:
[1.765s] [01m[K/home/final/ROS_2_ANDROID/src/publisher_member_function.cpp:113:31:[m[K [01;31m[Kerror: [m[Kexpected ‘[01m[K}[m[K’ before '\x312e385d'
[1.766s] [01m[K/home/final/ROS_2_ANDROID/src/publisher_member_function.cpp:113:31:[m[K [01;31m[Kerror: [m[Kno match for ‘[01m[Koperator=[m[K’ (operand types are ‘[01m[Kgeometry_msgs::msg::Twist_<std::allocator<void> >[m[K’ and ‘[01m[K<brace-enclosed initializer list>[m[K’)
[1.766s] In file included from [01m[K/opt/ros/dashing/include/geometry_msgs/msg/twist.hpp:7:0[m[K,
[1.766s]                  from [01m[K/home/final/ROS_2_ANDROID/src/publisher_member_function.cpp:20[m[K:
[1.767s] [01m[K/opt/ros/dashing/include/geometry_msgs/msg/twist__struct.hpp:46:8:[m[K [01;36m[Knote: [m[Kcandidate: constexpr geometry_msgs::msg::Twist_<std::allocator<void> >& geometry_msgs::msg::Twist_<std::allocator<void> >::operator=(const geometry_msgs::msg::Twist_<std::allocator<void> >&)
[1.767s]  struct [01;36m[KTwist_[m[K
[1.767s]         [01;36m[K^~~~~~[m[K
[1.767s] [01m[K/opt/ros/dashing/include/geometry_msgs/msg/twist__struct.hpp:46:8:[m[K [01;36m[Knote: [m[K  no known conversion for argument 1 from ‘[01m[K<brace-enclosed initializer list>[m[K’ to ‘[01m[Kconst geometry_msgs::msg::Twist_<std::allocator<void> >&[m[K’
[1.768s] [01m[K/opt/ros/dashing/include/geometry_msgs/msg/twist__struct.hpp:46:8:[m[K [01;36m[Knote: [m[Kcandidate: constexpr geometry_msgs::msg::Twist_<std::allocator<void> >& geometry_msgs::msg::Twist_<std::allocator<void> >::operator=(geometry_msgs::msg::Twist_<std::allocator<void> >&&)
[1.768s] [01m[K/opt/ros/dashing/include/geometry_msgs/msg/twist__struct.hpp:46:8:[m[K [01;36m[Knote: [m[K  no known conversion for argument 1 from ‘[01m[K<brace-enclosed initializer list>[m[K’ to ‘[01m[Kgeometry_msgs::msg::Twist_<std::allocator<void> >&&[m[K’
[1.769s] In file included from [01m[K/opt/ros/dashing/include/rclcpp/client.hpp:39:0[m[K,
[1.769s]                  from [01m[K/opt/ros/dashing/include/rclcpp/callback_group.hpp:23[m[K,
[1.769s]                  from [01m[K/opt/ros/dashing/include/rclcpp/any_executable.hpp:20[m[K,
[1.769s]                  from [01m[K/opt/ros/dashing/include/rclcpp/memory_strategy.hpp:24[m[K,
[1.770s]                  from [01m[K/opt/ros/dashing/include/rclcpp/memory_strategies.hpp:18[m[K,
[1.770s]                  from [01m[K/opt/ros/dashing/include/rclcpp/executor.hpp:33[m[K,
[1.770s]                  from [01m[K/opt/ros/dashing/include/rclcpp/executors/multi_threaded_executor.hpp:24[m[K,
[1.770s]                  from [01m[K/opt/ros/dashing/include/rclcpp/executors.hpp:21[m[K,
[1.770s]                  from [01m[K/opt/ros/dashing/include/rclcpp/rclcpp.hpp:144[m[K,
[1.771s]                  from [01m[K/home/final/ROS_2_ANDROID/src/publisher_member_function.cpp:18[m[K:
[1.771s] [01m[K/home/final/ROS_2_ANDROID/src/publisher_member_function.cpp:115:59:[m[K [01;31m[Kerror: [m[K‘[01m[Kmsg[m[K’ was not declared in this scope
[1.771s]   RCLCPP_INFO(node->get_logger(), "I heard: '%i, %i, %i'", [01;31m[Km[m[Ksg->linear.x, msg->linear.y, msg->linear.z);
[1.771s]                                                            [01;31m[K^[m[K
[1.771s] [01m[K/opt/ros/dashing/include/rcutils/logging_macros.h:72:64:[m[K [01;36m[Knote: [m[Kin definition of macro ‘[01m[KRCUTILS_LOG_COND_NAMED[m[K’
[1.771s]        rcutils_log(&__rcutils_logging_location, severity, name, [01;36m[K__VA_ARGS__[m[K); \
[1.772s]                                                                 [01;36m[K^~~~~~~~~~~[m[K
[1.772s] [01m[K/opt/ros/dashing/include/rclcpp/logging.hpp:218:5:[m[K [01;36m[Knote: [m[Kin expansion of macro ‘[01m[KRCUTILS_LOG_INFO_NAMED[m[K’
[1.772s]      [01;36m[KRCUTILS_LOG_INFO_NAMED[m[K( \
[1.772s]      [01;36m[K^~~~~~~~~~~~~~~~~~~~~~[m[K
[1.772s] [01m[K/opt/ros/dashing/include/rclcpp/logging.hpp:221:9:[m[K [01;36m[Knote: [m[Kin expansion of macro ‘[01m[KRCLCPP_ALL_BUT_FIRST_ARGS[m[K’
[1.772s]          [01;36m[KRCLCPP_ALL_BUT_FIRST_ARGS[m[K(__VA_ARGS__,"")); \
[1.772s]          [01;36m[K^~~~~~~~~~~~~~~~~~~~~~~~~[m[K
[1.778s] [01m[K/home/final/ROS_2_ANDROID/src/publisher_member_function.cpp:115:2:[m[K [01;36m[Knote: [m[Kin expansion of macro ‘[01m[KRCLCPP_INFO[m[K’
[1.778s]   [01;36m[KRCLCPP_INFO[m[K(node->get_logger(), "I heard: '%i, %i, %i'", msg->linear.x, msg->linear.y, msg->linear.z);
[1.778s]   [01;36m[K^~~~~~~~~~~[m[K
[1.779s] [01m[K/home/final/ROS_2_ANDROID/src/publisher_member_function.cpp:115:59:[m[K [01;36m[Knote: [m[Ksuggested alternatives:
[1.779s]   RCLCPP_INFO(node->get_logger(), "I heard: '%i, %i, %i'", [01;36m[Km[m[Ksg->linear.x, msg->linear.y, msg->linear.z);
[1.779s]                                                            [01;36m[K^[m[K
[1.779s] [01m[K/opt/ros/dashing/include/rcutils/logging_macros.h:72:64:[m[K [01;36m[Knote: [m[Kin definition of macro ‘[01m[KRCUTILS_LOG_COND_NAMED[m[K’
[1.779s]        rcutils_log(&__rcutils_logging_location, severity, name, [01;36m[K__VA_ARGS__[m[K); \
[1.779s]                                                                 [01;36m[K^~~~~~~~~~~[m[K
[1.779s] [01m[K/opt/ros/dashing/include/rclcpp/logging.hpp:218:5:[m[K [01;36m[Knote: [m[Kin expansion of macro ‘[01m[KRCUTILS_LOG_INFO_NAMED[m[K’
[1.779s]      [01;36m[KRCUTILS_LOG_INFO_NAMED[m[K( \
[1.780s]      [01;36m[K^~~~~~~~~~~~~~~~~~~~~~[m[K
[1.780s] [01m[K/opt/ros/dashing/include/rclcpp/logging.hpp:221:9:[m[K [01;36m[Knote: [m[Kin expansion of macro ‘[01m[KRCLCPP_ALL_BUT_FIRST_ARGS[m[K’
[1.780s]          [01;36m[KRCLCPP_ALL_BUT_FIRST_ARGS[m[K(__VA_ARGS__,"")); \
[1.780s]          [01;36m[K^~~~~~~~~~~~~~~~~~~~~~~~~[m[K
[1.780s] [01m[K/home/final/ROS_2_ANDROID/src/publisher_member_function.cpp:115:2:[m[K [01;36m[Knote: [m[Kin expansion of macro ‘[01m[KRCLCPP_INFO[m[K’
[1.780s]   [01;36m[KRCLCPP_INFO[m[K(node->get_logger(), "I heard: '%i, %i, %i'", msg->linear.x, msg->linear.y, msg->linear.z);
[1.780s]   [01;36m[K^~~~~~~~~~~[m[K
[1.781s] In file included from [01m[K/opt/ros/dashing/include/rcl_interfaces/msg/intra_process_message.hpp:7:0[m[K,
[1.781s]                  from [01m[K/opt/ros/dashing/include/rclcpp/publisher.hpp:31[m[K,
[1.781s]                  from [01m[K/opt/ros/dashing/include/rclcpp/callback_group.hpp:24[m[K,
[1.781s]                  from [01m[K/opt/ros/dashing/include/rclcpp/any_executable.hpp:20[m[K,
[1.781s]                  from [01m[K/opt/ros/dashing/include/rclcpp/memory_strategy.hpp:24[m[K,
[1.781s]                  from [01m[K/opt/ros/dashing/include/rclcpp/memory_strategies.hpp:18[m[K,
[1.781s]                  from [01m[K/opt/ros/dashing/include/rclcpp/executor.hpp:33[m[K,
[1.781s]                  from [01m[K/opt/ros/dashing/include/rclcpp/executors/multi_threaded_executor.hpp:24[m[K,
[1.781s]                  from [01m[K/opt/ros/dashing/include/rclcpp/executors.hpp:21[m[K,
[1.782s]                  from [01m[K/opt/ros/dashing/include/rclcpp/rclcpp.hpp:144[m[K,
[1.782s]                  from [01m[K/home/final/ROS_2_ANDROID/src/publisher_member_function.cpp:18[m[K:
[1.782s] [01m[K/opt/ros/dashing/include/rcl_interfaces/msg/intra_process_message__struct.hpp:36:11:[m[K [01;36m[Knote: [m[K  ‘[01m[Krcl_interfaces::msg[m[K’
[1.782s]  namespace [01;36m[Kmsg[m[K
[1.782s]            [01;36m[K^~~[m[K
[1.782s] In file included from [01m[K/opt/ros/dashing/include/builtin_interfaces/msg/time.hpp:7:0[m[K,
[1.782s]                  from [01m[K/opt/ros/dashing/include/rclcpp/time.hpp:18[m[K,
[1.786s]                  from [01m[K/opt/ros/dashing/include/rclcpp/clock.hpp:21[m[K,
[1.787s]                  from [01m[K/opt/ros/dashing/include/rclcpp/timer.hpp:26[m[K,
[1.787s]                  from [01m[K/opt/ros/dashing/include/rclcpp/callback_group.hpp:27[m[K,
[1.787s]                  from [01m[K/opt/ros/dashing/include/rclcpp/any_executable.hpp:20[m[K,
[1.787s]                  from [01m[K/opt/ros/dashing/include/rclcpp/memory_strategy.hpp:24[m[K,
[1.787s]                  from [01m[K/opt/ros/dashing/include/rclcpp/memory_strategies.hpp:18[m[K,
[1.787s]                  from [01m[K/opt/ros/dashing/include/rclcpp/executor.hpp:33[m[K,
[1.787s]                  from [01m[K/opt/ros/dashing/include/rclcpp/executors/multi_threaded_executor.hpp:24[m[K,
[1.788s]                  from [01m[K/opt/ros/dashing/include/rclcpp/executors.hpp:21[m[K,
[1.788s]                  from [01m[K/opt/ros/dashing/include/rclcpp/rclcpp.hpp:144[m[K,
[1.788s]                  from [01m[K/home/final/ROS_2_ANDROID/src/publisher_member_function.cpp:18[m[K:
[1.788s] [01m[K/opt/ros/dashing/include/builtin_interfaces/msg/time__struct.hpp:36:11:[m[K [01;36m[Knote: [m[K  ‘[01m[Kbuiltin_interfaces::msg[m[K’
[1.788s]  namespace [01;36m[Kmsg[m[K
[1.788s]            [01;36m[K^~~[m[K
[1.788s] In file included from [01m[K/opt/ros/dashing/include/std_msgs/msg/string.hpp:7:0[m[K,
[1.788s]                  from [01m[K/home/final/ROS_2_ANDROID/src/publisher_member_function.cpp:19[m[K:
[1.789s] [01m[K/opt/ros/dashing/include/std_msgs/msg/string__struct.hpp:36:11:[m[K [01;36m[Knote: [m[K  ‘[01m[Kstd_msgs::msg[m[K’
[1.789s]  namespace [01;36m[Kmsg[m[K
[1.789s]            [01;36m[K^~~[m[K
[1.789s] In file included from [01m[K/opt/ros/dashing/include/geometry_msgs/msg/twist__struct.hpp:30:0[m[K,
[1.789s]                  from [01m[K/opt/ros/dashing/include/geometry_msgs/msg/twist.hpp:7[m[K,
[1.789s]                  from [01m[K/home/final/ROS_2_ANDROID/src/publisher_member_function.cpp:20[m[K:
[1.789s] [01m[K/opt/ros/dashing/include/geometry_msgs/msg/vector3__struct.hpp:36:11:[m[K [01;36m[Knote: [m[K  ‘[01m[Kgeometry_msgs::msg[m[K’
[1.789s]  namespace [01;36m[Kmsg[m[K
[1.789s]            [01;36m[K^~~[m[K
[1.796s] [01m[K/home/final/ROS_2_ANDROID/src/publisher_member_function.cpp:[m[K At global scope:
[1.796s] [01m[K/home/final/ROS_2_ANDROID/src/publisher_member_function.cpp:124:21:[m[K [01;31m[Kerror: [m[Kexpected constructor, destructor, or type conversion before ‘[01m[K;[m[K’ token
[1.796s]    rclcpp::shutdown()[01;31m[K;[m[K
[1.797s]                      [01;31m[K^[m[K
[1.797s] [01m[K/home/final/ROS_2_ANDROID/src/publisher_member_function.cpp:125:3:[m[K [01;31m[Kerror: [m[Kexpected unqualified-id before ‘[01m[Kreturn[m[K’
[1.797s]    [01;31m[Kreturn[m[K 0;
[1.797s]    [01;31m[K^~~~~~[m[K
[1.797s] [01m[K/home/final/ROS_2_ANDROID/src/publisher_member_function.cpp:126:1:[m[K [01;31m[Kerror: [m[Kexpected declaration before ‘[01m[K}[m[K’ token
[1.798s]  [01;31m[K}[m[K
[1.798s]  [01;31m[K^[m[K
[2.277s] CMakeFiles/talker.dir/build.make:62: recipe for target 'CMakeFiles/talker.dir/src/publisher_member_function.cpp.o' failed
[2.280s] make[2]: *** [CMakeFiles/talker.dir/src/publisher_member_function.cpp.o] Error 1
[2.280s] make[1]: *** [CMakeFiles/talker.dir/all] Error 2
[2.280s] make: *** [all] Error 2
[2.280s] CMakeFiles/Makefile2:67: recipe for target 'CMakeFiles/talker.dir/all' failed
[2.281s] Makefile:140: recipe for target 'all' failed
[2.281s] Invoked command in '/home/final/ROS_2_ANDROID/build/cpp_pubsub' returned '2': CMAKE_PREFIX_PATH=${CMAKE_PREFIX_PATH}:/opt/ros/dashing /usr/bin/cmake --build /home/final/ROS_2_ANDROID/build/cpp_pubsub -- -j1 -l1
