[0.018s] Invoking command in '/home/final/ROS_2_ANDROID/build/cpp_pubsub': CMAKE_PREFIX_PATH=${CMAKE_PREFIX_PATH}:/opt/ros/dashing /usr/bin/cmake --build /home/final/ROS_2_ANDROID/build/cpp_pubsub -- -j1 -l1
[0.085s] [35m[1mScanning dependencies of target talker[0m
[0.132s] [ 25%] [32mBuilding CXX object CMakeFiles/talker.dir/src/publisher_member_function.cpp.o[0m
[2.792s] [ 50%] [32m[1mLinking CXX executable talker[0m
[2.998s] [ 50%] Built target talker
[3.038s] [100%] Built target listener
[3.056s] Invoked command in '/home/final/ROS_2_ANDROID/build/cpp_pubsub' returned '0': CMAKE_PREFIX_PATH=${CMAKE_PREFIX_PATH}:/opt/ros/dashing /usr/bin/cmake --build /home/final/ROS_2_ANDROID/build/cpp_pubsub -- -j1 -l1
[3.115s] Invoking command in '/home/final/ROS_2_ANDROID/build/cpp_pubsub': CMAKE_PREFIX_PATH=${CMAKE_PREFIX_PATH}:/opt/ros/dashing /usr/bin/cmake --build /home/final/ROS_2_ANDROID/build/cpp_pubsub --target install -- -j1 -l1
[3.207s] [ 50%] Built target talker
[3.246s] [100%] Built target listener
[3.278s] [36mInstall the project...[0m
[3.292s] -- Install configuration: ""
[3.293s] -- Installing: /home/final/ROS_2_ANDROID/install/cpp_pubsub/lib/cpp_pubsub/talker
[3.294s] -- Set runtime path of "/home/final/ROS_2_ANDROID/install/cpp_pubsub/lib/cpp_pubsub/talker" to ""
[3.295s] -- Up-to-date: /home/final/ROS_2_ANDROID/install/cpp_pubsub/lib/cpp_pubsub/listener
[3.295s] -- Up-to-date: /home/final/ROS_2_ANDROID/install/cpp_pubsub/share/ament_index/resource_index/package_run_dependencies/cpp_pubsub
[3.296s] -- Up-to-date: /home/final/ROS_2_ANDROID/install/cpp_pubsub/share/ament_index/resource_index/parent_prefix_path/cpp_pubsub
[3.296s] -- Up-to-date: /home/final/ROS_2_ANDROID/install/cpp_pubsub/share/cpp_pubsub/environment/ament_prefix_path.sh
[3.297s] -- Up-to-date: /home/final/ROS_2_ANDROID/install/cpp_pubsub/share/cpp_pubsub/environment/path.sh
[3.297s] -- Up-to-date: /home/final/ROS_2_ANDROID/install/cpp_pubsub/share/cpp_pubsub/local_setup.bash
[3.298s] -- Up-to-date: /home/final/ROS_2_ANDROID/install/cpp_pubsub/share/cpp_pubsub/local_setup.sh
[3.298s] -- Up-to-date: /home/final/ROS_2_ANDROID/install/cpp_pubsub/share/cpp_pubsub/local_setup.zsh
[3.298s] -- Up-to-date: /home/final/ROS_2_ANDROID/install/cpp_pubsub/share/ament_index/resource_index/packages/cpp_pubsub
[3.299s] -- Up-to-date: /home/final/ROS_2_ANDROID/install/cpp_pubsub/share/cpp_pubsub/cmake/cpp_pubsubConfig.cmake
[3.299s] -- Up-to-date: /home/final/ROS_2_ANDROID/install/cpp_pubsub/share/cpp_pubsub/cmake/cpp_pubsubConfig-version.cmake
[3.299s] -- Up-to-date: /home/final/ROS_2_ANDROID/install/cpp_pubsub/share/cpp_pubsub/package.xml
[3.304s] Invoked command in '/home/final/ROS_2_ANDROID/build/cpp_pubsub' returned '0': CMAKE_PREFIX_PATH=${CMAKE_PREFIX_PATH}:/opt/ros/dashing /usr/bin/cmake --build /home/final/ROS_2_ANDROID/build/cpp_pubsub --target install -- -j1 -l1
