[0.021s] Invoking command in '/home/final/ROS_2_ANDROID/build/cpp_pubsub': CMAKE_PREFIX_PATH=${CMAKE_PREFIX_PATH}:/opt/ros/dashing /usr/bin/cmake --build /home/final/ROS_2_ANDROID/build/cpp_pubsub -- -j1 -l1
[0.094s] [35m[1mScanning dependencies of target talker[0m
[0.145s] [ 25%] [32mBuilding CXX object CMakeFiles/talker.dir/src/publisher_member_function.cpp.o[0m
[1.478s] In file included from [01m[K/opt/ros/dashing/include/rclcpp/service.hpp:33:0[m[K,
[1.479s]                  from [01m[K/opt/ros/dashing/include/rclcpp/callback_group.hpp:25[m[K,
[1.479s]                  from [01m[K/opt/ros/dashing/include/rclcpp/any_executable.hpp:20[m[K,
[1.479s]                  from [01m[K/opt/ros/dashing/include/rclcpp/memory_strategy.hpp:24[m[K,
[1.479s]                  from [01m[K/opt/ros/dashing/include/rclcpp/memory_strategies.hpp:18[m[K,
[1.479s]                  from [01m[K/opt/ros/dashing/include/rclcpp/executor.hpp:33[m[K,
[1.480s]                  from [01m[K/opt/ros/dashing/include/rclcpp/executors/multi_threaded_executor.hpp:24[m[K,
[1.480s]                  from [01m[K/opt/ros/dashing/include/rclcpp/executors.hpp:21[m[K,
[1.480s]                  from [01m[K/opt/ros/dashing/include/rclcpp/rclcpp.hpp:144[m[K,
[1.480s]                  from [01m[K/home/final/ROS_2_ANDROID/src/publisher_member_function.cpp:18[m[K:
[1.481s] [01m[K/home/final/ROS_2_ANDROID/src/publisher_member_function.cpp:[m[K In function ‘[01m[Kint main(int, char**)[m[K’:
[1.481s] [01m[K/home/final/ROS_2_ANDROID/src/publisher_member_function.cpp:114:14:[m[K [01;31m[Kerror: [m[Kinvalid use of ‘[01m[Kthis[m[K’ in non-member function
[1.481s]   RCLCPP_INFO([01;31m[Kt[m[Khis->get_logger(), "I heard: '%i, %i, %i'", msg->linear.x, msg->linear.y, msg->linear.z);
[1.481s]               [01;31m[K^[m[K
[1.481s] [01m[K/opt/ros/dashing/include/rclcpp/logging.hpp:215:86:[m[K [01;36m[Knote: [m[Kin definition of macro ‘[01m[KRCLCPP_INFO[m[K’
[1.481s]  ame<typename std::remove_reference<typename std::remove_cv<decltype([01;36m[Klogger[m[K)>::type>::type, \
[1.482s]                                                                      [01;36m[K^~~~~~[m[K
[1.482s] [01m[K/home/final/ROS_2_ANDROID/src/publisher_member_function.cpp:114:14:[m[K [01;31m[Kerror: [m[Kinvalid use of ‘[01m[Kthis[m[K’ in non-member function
[1.482s]   RCLCPP_INFO([01;31m[Kt[m[Khis->get_logger(), "I heard: '%i, %i, %i'", msg->linear.x, msg->linear.y, msg->linear.z);
[1.482s]               [01;31m[K^[m[K
[1.483s] [01m[K/opt/ros/dashing/include/rclcpp/logging.hpp:215:86:[m[K [01;36m[Knote: [m[Kin definition of macro ‘[01m[KRCLCPP_INFO[m[K’
[1.483s]  ame<typename std::remove_reference<typename std::remove_cv<decltype([01;36m[Klogger[m[K)>::type>::type, \
[1.483s]                                                                      [01;36m[K^~~~~~[m[K
[1.484s] [01m[K/opt/ros/dashing/include/rclcpp/logging.hpp:215:93:[m[K [01;31m[Kerror: [m[Ktemplate argument 1 is invalid
[1.484s]  ename std::remove_reference<typename std::remove_cv<decltype(logger)[01;31m[K>[m[K::type>::type, \
[1.484s]                                                                      [01;31m[K^[m[K
[1.485s] [01m[K/home/final/ROS_2_ANDROID/src/publisher_member_function.cpp:114:2:[m[K [01;36m[Knote: [m[Kin expansion of macro ‘[01m[KRCLCPP_INFO[m[K’
[1.485s]   [01;36m[KRCLCPP_INFO[m[K(this->get_logger(), "I heard: '%i, %i, %i'", msg->linear.x, msg->linear.y, msg->linear.z);
[1.485s]   [01;36m[K^~~~~~~~~~~[m[K
[1.485s] [01m[K/opt/ros/dashing/include/rclcpp/logging.hpp:215:100:[m[K [01;31m[Kerror: [m[Ktemplate argument 1 is invalid
[1.485s]  std::remove_reference<typename std::remove_cv<decltype(logger)>::type[01;31m[K>[m[K::type, \
[1.485s]                                                                       [01;31m[K^[m[K
[1.485s] [01m[K/home/final/ROS_2_ANDROID/src/publisher_member_function.cpp:114:2:[m[K [01;36m[Knote: [m[Kin expansion of macro ‘[01m[KRCLCPP_INFO[m[K’
[1.485s]   [01;36m[KRCLCPP_INFO[m[K(this->get_logger(), "I heard: '%i, %i, %i'", msg->linear.x, msg->linear.y, msg->linear.z);
[1.486s]   [01;36m[K^~~~~~~~~~~[m[K
[1.486s] [01m[K/opt/ros/dashing/include/rclcpp/logging.hpp:216:32:[m[K [01;31m[Kerror: [m[Ktemplate argument 1 is invalid
[1.486s]        typename ::rclcpp::Logger[01;31m[K>[m[K::value, \
[1.486s]                                 [01;31m[K^[m[K
[1.486s] [01m[K/home/final/ROS_2_ANDROID/src/publisher_member_function.cpp:114:2:[m[K [01;36m[Knote: [m[Kin expansion of macro ‘[01m[KRCLCPP_INFO[m[K’
[1.486s]   [01;36m[KRCLCPP_INFO[m[K(this->get_logger(), "I heard: '%i, %i, %i'", msg->linear.x, msg->linear.y, msg->linear.z);
[1.486s]   [01;36m[K^~~~~~~~~~~[m[K
[1.491s] In file included from [01m[K/opt/ros/dashing/include/rclcpp/client.hpp:39:0[m[K,
[1.491s]                  from [01m[K/opt/ros/dashing/include/rclcpp/callback_group.hpp:23[m[K,
[1.491s]                  from [01m[K/opt/ros/dashing/include/rclcpp/any_executable.hpp:20[m[K,
[1.492s]                  from [01m[K/opt/ros/dashing/include/rclcpp/memory_strategy.hpp:24[m[K,
[1.492s]                  from [01m[K/opt/ros/dashing/include/rclcpp/memory_strategies.hpp:18[m[K,
[1.492s]                  from [01m[K/opt/ros/dashing/include/rclcpp/executor.hpp:33[m[K,
[1.492s]                  from [01m[K/opt/ros/dashing/include/rclcpp/executors/multi_threaded_executor.hpp:24[m[K,
[1.492s]                  from [01m[K/opt/ros/dashing/include/rclcpp/executors.hpp:21[m[K,
[1.492s]                  from [01m[K/opt/ros/dashing/include/rclcpp/rclcpp.hpp:144[m[K,
[1.492s]                  from [01m[K/home/final/ROS_2_ANDROID/src/publisher_member_function.cpp:18[m[K:
[1.492s] [01m[K/home/final/ROS_2_ANDROID/src/publisher_member_function.cpp:114:14:[m[K [01;31m[Kerror: [m[Kinvalid use of ‘[01m[Kthis[m[K’ in non-member function
[1.493s]   RCLCPP_INFO([01;31m[Kt[m[Khis->get_logger(), "I heard: '%i, %i, %i'", msg->linear.x, msg->linear.y, msg->linear.z);
[1.493s]               [01;31m[K^[m[K
[1.493s] [01m[K/opt/ros/dashing/include/rcutils/logging_macros.h:70:47:[m[K [01;36m[Knote: [m[Kin definition of macro ‘[01m[KRCUTILS_LOG_COND_NAMED[m[K’
[1.493s]      if (rcutils_logging_logger_is_enabled_for([01;36m[Kname[m[K, severity)) { \
[1.493s]                                                [01;36m[K^~~~[m[K
[1.493s] [01m[K/opt/ros/dashing/include/rclcpp/logging.hpp:218:5:[m[K [01;36m[Knote: [m[Kin expansion of macro ‘[01m[KRCUTILS_LOG_INFO_NAMED[m[K’
[1.493s]      [01;36m[KRCUTILS_LOG_INFO_NAMED[m[K( \
[1.493s]      [01;36m[K^~~~~~~~~~~~~~~~~~~~~~[m[K
[1.494s] [01m[K/home/final/ROS_2_ANDROID/src/publisher_member_function.cpp:114:2:[m[K [01;36m[Knote: [m[Kin expansion of macro ‘[01m[KRCLCPP_INFO[m[K’
[1.494s]   [01;36m[KRCLCPP_INFO[m[K(this->get_logger(), "I heard: '%i, %i, %i'", msg->linear.x, msg->linear.y, msg->linear.z);
[1.494s]   [01;36m[K^~~~~~~~~~~[m[K
[1.494s] [01m[K/home/final/ROS_2_ANDROID/src/publisher_member_function.cpp:114:14:[m[K [01;31m[Kerror: [m[Kinvalid use of ‘[01m[Kthis[m[K’ in non-member function
[1.494s]   RCLCPP_INFO([01;31m[Kt[m[Khis->get_logger(), "I heard: '%i, %i, %i'", msg->linear.x, msg->linear.y, msg->linear.z);
[1.494s]               [01;31m[K^[m[K
[1.494s] [01m[K/opt/ros/dashing/include/rcutils/logging_macros.h:72:58:[m[K [01;36m[Knote: [m[Kin definition of macro ‘[01m[KRCUTILS_LOG_COND_NAMED[m[K’
[1.494s]        rcutils_log(&__rcutils_logging_location, severity, [01;36m[Kname[m[K, __VA_ARGS__); \
[1.495s]                                                           [01;36m[K^~~~[m[K
[1.495s] [01m[K/opt/ros/dashing/include/rclcpp/logging.hpp:218:5:[m[K [01;36m[Knote: [m[Kin expansion of macro ‘[01m[KRCUTILS_LOG_INFO_NAMED[m[K’
[1.495s]      [01;36m[KRCUTILS_LOG_INFO_NAMED[m[K( \
[1.495s]      [01;36m[K^~~~~~~~~~~~~~~~~~~~~~[m[K
[1.500s] [01m[K/home/final/ROS_2_ANDROID/src/publisher_member_function.cpp:114:2:[m[K [01;36m[Knote: [m[Kin expansion of macro ‘[01m[KRCLCPP_INFO[m[K’
[1.500s]   [01;36m[KRCLCPP_INFO[m[K(this->get_logger(), "I heard: '%i, %i, %i'", msg->linear.x, msg->linear.y, msg->linear.z);
[1.500s]   [01;36m[K^~~~~~~~~~~[m[K
[1.500s] [01m[K/home/final/ROS_2_ANDROID/src/publisher_member_function.cpp:114:59:[m[K [01;31m[Kerror: [m[K‘[01m[Kmsg[m[K’ was not declared in this scope
[1.500s]   RCLCPP_INFO(this->get_logger(), "I heard: '%i, %i, %i'", [01;31m[Km[m[Ksg->linear.x, msg->linear.y, msg->linear.z);
[1.500s]                                                            [01;31m[K^[m[K
[1.500s] [01m[K/opt/ros/dashing/include/rcutils/logging_macros.h:72:64:[m[K [01;36m[Knote: [m[Kin definition of macro ‘[01m[KRCUTILS_LOG_COND_NAMED[m[K’
[1.500s]        rcutils_log(&__rcutils_logging_location, severity, name, [01;36m[K__VA_ARGS__[m[K); \
[1.501s]                                                                 [01;36m[K^~~~~~~~~~~[m[K
[1.501s] [01m[K/opt/ros/dashing/include/rclcpp/logging.hpp:218:5:[m[K [01;36m[Knote: [m[Kin expansion of macro ‘[01m[KRCUTILS_LOG_INFO_NAMED[m[K’
[1.501s]      [01;36m[KRCUTILS_LOG_INFO_NAMED[m[K( \
[1.501s]      [01;36m[K^~~~~~~~~~~~~~~~~~~~~~[m[K
[1.501s] [01m[K/opt/ros/dashing/include/rclcpp/logging.hpp:221:9:[m[K [01;36m[Knote: [m[Kin expansion of macro ‘[01m[KRCLCPP_ALL_BUT_FIRST_ARGS[m[K’
[1.501s]          [01;36m[KRCLCPP_ALL_BUT_FIRST_ARGS[m[K(__VA_ARGS__,"")); \
[1.501s]          [01;36m[K^~~~~~~~~~~~~~~~~~~~~~~~~[m[K
[1.501s] [01m[K/home/final/ROS_2_ANDROID/src/publisher_member_function.cpp:114:2:[m[K [01;36m[Knote: [m[Kin expansion of macro ‘[01m[KRCLCPP_INFO[m[K’
[1.501s]   [01;36m[KRCLCPP_INFO[m[K(this->get_logger(), "I heard: '%i, %i, %i'", msg->linear.x, msg->linear.y, msg->linear.z);
[1.502s]   [01;36m[K^~~~~~~~~~~[m[K
[1.502s] [01m[K/home/final/ROS_2_ANDROID/src/publisher_member_function.cpp:114:59:[m[K [01;36m[Knote: [m[Ksuggested alternatives:
[1.507s]   RCLCPP_INFO(this->get_logger(), "I heard: '%i, %i, %i'", [01;36m[Km[m[Ksg->linear.x, msg->linear.y, msg->linear.z);
[1.508s]                                                            [01;36m[K^[m[K
[1.508s] [01m[K/opt/ros/dashing/include/rcutils/logging_macros.h:72:64:[m[K [01;36m[Knote: [m[Kin definition of macro ‘[01m[KRCUTILS_LOG_COND_NAMED[m[K’
[1.508s]        rcutils_log(&__rcutils_logging_location, severity, name, [01;36m[K__VA_ARGS__[m[K); \
[1.508s]                                                                 [01;36m[K^~~~~~~~~~~[m[K
[1.508s] [01m[K/opt/ros/dashing/include/rclcpp/logging.hpp:218:5:[m[K [01;36m[Knote: [m[Kin expansion of macro ‘[01m[KRCUTILS_LOG_INFO_NAMED[m[K’
[1.508s]      [01;36m[KRCUTILS_LOG_INFO_NAMED[m[K( \
[1.508s]      [01;36m[K^~~~~~~~~~~~~~~~~~~~~~[m[K
[1.509s] [01m[K/opt/ros/dashing/include/rclcpp/logging.hpp:221:9:[m[K [01;36m[Knote: [m[Kin expansion of macro ‘[01m[KRCLCPP_ALL_BUT_FIRST_ARGS[m[K’
[1.509s]          [01;36m[KRCLCPP_ALL_BUT_FIRST_ARGS[m[K(__VA_ARGS__,"")); \
[1.509s]          [01;36m[K^~~~~~~~~~~~~~~~~~~~~~~~~[m[K
[1.509s] [01m[K/home/final/ROS_2_ANDROID/src/publisher_member_function.cpp:114:2:[m[K [01;36m[Knote: [m[Kin expansion of macro ‘[01m[KRCLCPP_INFO[m[K’
[1.509s]   [01;36m[KRCLCPP_INFO[m[K(this->get_logger(), "I heard: '%i, %i, %i'", msg->linear.x, msg->linear.y, msg->linear.z);
[1.509s]   [01;36m[K^~~~~~~~~~~[m[K
[1.509s] In file included from [01m[K/opt/ros/dashing/include/rcl_interfaces/msg/intra_process_message.hpp:7:0[m[K,
[1.509s]                  from [01m[K/opt/ros/dashing/include/rclcpp/publisher.hpp:31[m[K,
[1.510s]                  from [01m[K/opt/ros/dashing/include/rclcpp/callback_group.hpp:24[m[K,
[1.510s]                  from [01m[K/opt/ros/dashing/include/rclcpp/any_executable.hpp:20[m[K,
[1.510s]                  from [01m[K/opt/ros/dashing/include/rclcpp/memory_strategy.hpp:24[m[K,
[1.510s]                  from [01m[K/opt/ros/dashing/include/rclcpp/memory_strategies.hpp:18[m[K,
[1.510s]                  from [01m[K/opt/ros/dashing/include/rclcpp/executor.hpp:33[m[K,
[1.510s]                  from [01m[K/opt/ros/dashing/include/rclcpp/executors/multi_threaded_executor.hpp:24[m[K,
[1.510s]                  from [01m[K/opt/ros/dashing/include/rclcpp/executors.hpp:21[m[K,
[1.510s]                  from [01m[K/opt/ros/dashing/include/rclcpp/rclcpp.hpp:144[m[K,
[1.511s]                  from [01m[K/home/final/ROS_2_ANDROID/src/publisher_member_function.cpp:18[m[K:
[1.511s] [01m[K/opt/ros/dashing/include/rcl_interfaces/msg/intra_process_message__struct.hpp:36:11:[m[K [01;36m[Knote: [m[K  ‘[01m[Krcl_interfaces::msg[m[K’
[1.511s]  namespace [01;36m[Kmsg[m[K
[1.511s]            [01;36m[K^~~[m[K
[1.515s] In file included from [01m[K/opt/ros/dashing/include/builtin_interfaces/msg/time.hpp:7:0[m[K,
[1.515s]                  from [01m[K/opt/ros/dashing/include/rclcpp/time.hpp:18[m[K,
[1.515s]                  from [01m[K/opt/ros/dashing/include/rclcpp/clock.hpp:21[m[K,
[1.515s]                  from [01m[K/opt/ros/dashing/include/rclcpp/timer.hpp:26[m[K,
[1.516s]                  from [01m[K/opt/ros/dashing/include/rclcpp/callback_group.hpp:27[m[K,
[1.516s]                  from [01m[K/opt/ros/dashing/include/rclcpp/any_executable.hpp:20[m[K,
[1.516s]                  from [01m[K/opt/ros/dashing/include/rclcpp/memory_strategy.hpp:24[m[K,
[1.516s]                  from [01m[K/opt/ros/dashing/include/rclcpp/memory_strategies.hpp:18[m[K,
[1.516s]                  from [01m[K/opt/ros/dashing/include/rclcpp/executor.hpp:33[m[K,
[1.516s]                  from [01m[K/opt/ros/dashing/include/rclcpp/executors/multi_threaded_executor.hpp:24[m[K,
[1.516s]                  from [01m[K/opt/ros/dashing/include/rclcpp/executors.hpp:21[m[K,
[1.516s]                  from [01m[K/opt/ros/dashing/include/rclcpp/rclcpp.hpp:144[m[K,
[1.517s]                  from [01m[K/home/final/ROS_2_ANDROID/src/publisher_member_function.cpp:18[m[K:
[1.517s] [01m[K/opt/ros/dashing/include/builtin_interfaces/msg/time__struct.hpp:36:11:[m[K [01;36m[Knote: [m[K  ‘[01m[Kbuiltin_interfaces::msg[m[K’
[1.517s]  namespace [01;36m[Kmsg[m[K
[1.517s]            [01;36m[K^~~[m[K
[1.517s] In file included from [01m[K/opt/ros/dashing/include/std_msgs/msg/string.hpp:7:0[m[K,
[1.517s]                  from [01m[K/home/final/ROS_2_ANDROID/src/publisher_member_function.cpp:19[m[K:
[1.517s] [01m[K/opt/ros/dashing/include/std_msgs/msg/string__struct.hpp:36:11:[m[K [01;36m[Knote: [m[K  ‘[01m[Kstd_msgs::msg[m[K’
[1.517s]  namespace [01;36m[Kmsg[m[K
[1.518s]            [01;36m[K^~~[m[K
[1.518s] In file included from [01m[K/opt/ros/dashing/include/geometry_msgs/msg/twist__struct.hpp:30:0[m[K,
[1.518s]                  from [01m[K/opt/ros/dashing/include/geometry_msgs/msg/twist.hpp:7[m[K,
[1.518s]                  from [01m[K/home/final/ROS_2_ANDROID/src/publisher_member_function.cpp:20[m[K:
[1.518s] [01m[K/opt/ros/dashing/include/geometry_msgs/msg/vector3__struct.hpp:36:11:[m[K [01;36m[Knote: [m[K  ‘[01m[Kgeometry_msgs::msg[m[K’
[1.518s]  namespace [01;36m[Kmsg[m[K
[1.518s]            [01;36m[K^~~[m[K
[1.983s] CMakeFiles/talker.dir/build.make:62: recipe for target 'CMakeFiles/talker.dir/src/publisher_member_function.cpp.o' failed
[1.985s] make[2]: *** [CMakeFiles/talker.dir/src/publisher_member_function.cpp.o] Error 1
[1.985s] make[1]: *** [CMakeFiles/talker.dir/all] Error 2
[1.985s] make: *** [all] Error 2
[1.985s] CMakeFiles/Makefile2:67: recipe for target 'CMakeFiles/talker.dir/all' failed
[1.985s] Makefile:140: recipe for target 'all' failed
[1.987s] Invoked command in '/home/final/ROS_2_ANDROID/build/cpp_pubsub' returned '2': CMAKE_PREFIX_PATH=${CMAKE_PREFIX_PATH}:/opt/ros/dashing /usr/bin/cmake --build /home/final/ROS_2_ANDROID/build/cpp_pubsub -- -j1 -l1
