Determining if the pthread_create exist failed with the following output:
Change Dir: /home/e0325555/Desktop/Micron/gazebo_workspace/build/CMakeFiles/CMakeTmp

Run Build Command:"/usr/bin/make" "cmTC_cc383/fast"
/usr/bin/make -f CMakeFiles/cmTC_cc383.dir/build.make CMakeFiles/cmTC_cc383.dir/build
make[1]: Entering directory '/home/e0325555/Desktop/Micron/gazebo_workspace/build/CMakeFiles/CMakeTmp'
Building C object CMakeFiles/cmTC_cc383.dir/CheckSymbolExists.c.o
/usr/bin/cc     -o CMakeFiles/cmTC_cc383.dir/CheckSymbolExists.c.o   -c /home/e0325555/Desktop/Micron/gazebo_workspace/build/CMakeFiles/CMakeTmp/CheckSymbolExists.c
Linking C executable cmTC_cc383
/usr/bin/cmake -E cmake_link_script CMakeFiles/cmTC_cc383.dir/link.txt --verbose=1
/usr/bin/cc       CMakeFiles/cmTC_cc383.dir/CheckSymbolExists.c.o  -o cmTC_cc383 -rdynamic 
CMakeFiles/cmTC_cc383.dir/CheckSymbolExists.c.o: In function `main':
CheckSymbolExists.c:(.text+0x16): undefined reference to `pthread_create'
collect2: error: ld returned 1 exit status
CMakeFiles/cmTC_cc383.dir/build.make:97: recipe for target 'cmTC_cc383' failed
make[1]: *** [cmTC_cc383] Error 1
make[1]: Leaving directory '/home/e0325555/Desktop/Micron/gazebo_workspace/build/CMakeFiles/CMakeTmp'
Makefile:126: recipe for target 'cmTC_cc383/fast' failed
make: *** [cmTC_cc383/fast] Error 2

File /home/e0325555/Desktop/Micron/gazebo_workspace/build/CMakeFiles/CMakeTmp/CheckSymbolExists.c:
/* */
#include <pthread.h>

int main(int argc, char** argv)
{
  (void)argv;
#ifndef pthread_create
  return ((int*)(&pthread_create))[argc];
#else
  (void)argc;
  return 0;
#endif
}

Determining if the function pthread_create exists in the pthreads failed with the following output:
Change Dir: /home/e0325555/Desktop/Micron/gazebo_workspace/build/CMakeFiles/CMakeTmp

Run Build Command:"/usr/bin/make" "cmTC_02cb4/fast"
/usr/bin/make -f CMakeFiles/cmTC_02cb4.dir/build.make CMakeFiles/cmTC_02cb4.dir/build
make[1]: Entering directory '/home/e0325555/Desktop/Micron/gazebo_workspace/build/CMakeFiles/CMakeTmp'
Building C object CMakeFiles/cmTC_02cb4.dir/CheckFunctionExists.c.o
/usr/bin/cc    -DCHECK_FUNCTION_EXISTS=pthread_create   -o CMakeFiles/cmTC_02cb4.dir/CheckFunctionExists.c.o   -c /usr/share/cmake-3.5/Modules/CheckFunctionExists.c
Linking C executable cmTC_02cb4
/usr/bin/cmake -E cmake_link_script CMakeFiles/cmTC_02cb4.dir/link.txt --verbose=1
/usr/bin/cc   -DCHECK_FUNCTION_EXISTS=pthread_create    CMakeFiles/cmTC_02cb4.dir/CheckFunctionExists.c.o  -o cmTC_02cb4 -rdynamic -lpthreads 
/usr/bin/ld: cannot find -lpthreads
collect2: error: ld returned 1 exit status
CMakeFiles/cmTC_02cb4.dir/build.make:97: recipe for target 'cmTC_02cb4' failed
make[1]: *** [cmTC_02cb4] Error 1
make[1]: Leaving directory '/home/e0325555/Desktop/Micron/gazebo_workspace/build/CMakeFiles/CMakeTmp'
Makefile:126: recipe for target 'cmTC_02cb4/fast' failed
make: *** [cmTC_02cb4/fast] Error 2


