[35m[1mScanning dependencies of target talker[0m
[ 25%] [32mBuilding CXX object CMakeFiles/talker.dir/src/publisher_member_function.cpp.o[0m
[01m[K/home/final/ROS_2_ANDROID/src/publisher_member_function.cpp:[m[K In function ‘[01m[Kint main(int, char**)[m[K’:
[01m[K/home/final/ROS_2_ANDROID/src/publisher_member_function.cpp:114:8:[m[K [01;31m[Kerror: [m[Kexpected primary-expression before ‘[01m[Ktypeof[m[K’
  cout<<[01;31m[Ktypeof[m[K(buf)<<endl;
        [01;31m[K^~~~~~[m[K
[01m[K/home/final/ROS_2_ANDROID/src/publisher_member_function.cpp:115:13:[m[K [01;35m[Kwarning: [m[Kcomparison with string literal results in unspecified behavior [[01;35m[K-Waddress[m[K]
  if (buf == [01;35m[K"1"[m[K) {
             [01;35m[K^~~[m[K
[01m[K/home/final/ROS_2_ANDROID/src/publisher_member_function.cpp:121:13:[m[K [01;35m[Kwarning: [m[Kcomparison with string literal results in unspecified behavior [[01;35m[K-Waddress[m[K]
  if (buf == [01;35m[K"2"[m[K) {
             [01;35m[K^~~[m[K
[01m[K/home/final/ROS_2_ANDROID/src/publisher_member_function.cpp:127:13:[m[K [01;35m[Kwarning: [m[Kcomparison with string literal results in unspecified behavior [[01;35m[K-Waddress[m[K]
  if (buf == [01;35m[K"3"[m[K) {
             [01;35m[K^~~[m[K
[01m[K/home/final/ROS_2_ANDROID/src/publisher_member_function.cpp:136:13:[m[K [01;35m[Kwarning: [m[Kcomparison with string literal results in unspecified behavior [[01;35m[K-Waddress[m[K]
  if (buf == [01;35m[K"4"[m[K) {
             [01;35m[K^~~[m[K
[01m[K/home/final/ROS_2_ANDROID/src/publisher_member_function.cpp:142:13:[m[K [01;35m[Kwarning: [m[Kcomparison with string literal results in unspecified behavior [[01;35m[K-Waddress[m[K]
  if (buf == [01;35m[K"5"[m[K) {
             [01;35m[K^~~[m[K
CMakeFiles/talker.dir/build.make:62: recipe for target 'CMakeFiles/talker.dir/src/publisher_member_function.cpp.o' failed
make[2]: *** [CMakeFiles/talker.dir/src/publisher_member_function.cpp.o] Error 1
make[1]: *** [CMakeFiles/talker.dir/all] Error 2
make: *** [all] Error 2
CMakeFiles/Makefile2:67: recipe for target 'CMakeFiles/talker.dir/all' failed
Makefile:140: recipe for target 'all' failed
