[0.025s] Invoking command in '/home/final/ROS_2_ANDROID/build/cpp_pubsub': CMAKE_PREFIX_PATH=/opt/ros/dashing /usr/bin/cmake /home/final/ROS_2_ANDROID -DCMAKE_INSTALL_PREFIX=/home/final/ROS_2_ANDROID/install/cpp_pubsub
[0.427s] -- The C compiler identification is GNU 7.5.0
[0.707s] -- The CXX compiler identification is GNU 7.5.0
[0.731s] -- Check for working C compiler: /usr/bin/cc
[0.869s] -- Check for working C compiler: /usr/bin/cc -- works
[0.872s] -- Detecting C compiler ABI info
[0.984s] -- Detecting C compiler ABI info - done
[0.996s] -- Detecting C compile features
[1.363s] -- Detecting C compile features - done
[1.374s] -- Check for working CXX compiler: /usr/bin/c++
[1.530s] -- Check for working CXX compiler: /usr/bin/c++ -- works
[1.532s] -- Detecting CXX compiler ABI info
[1.681s] -- Detecting CXX compiler ABI info - done
[1.693s] -- Detecting CXX compile features
[2.251s] -- Detecting CXX compile features - done
[2.268s] -- Found ament_cmake: 0.7.4 (/opt/ros/dashing/share/ament_cmake/cmake)
[2.348s] -- Found PythonInterp: /usr/bin/python3 (found suitable version "3.6.9", minimum required is "3") 
[2.349s] -- Using PYTHON_EXECUTABLE: /usr/bin/python3
[2.888s] -- Found rclcpp: 0.7.13 (/opt/ros/dashing/share/rclcpp/cmake)
[2.977s] -- Found rosidl_adapter: 0.7.9 (/opt/ros/dashing/share/rosidl_adapter/cmake)
[3.129s] -- Found rmw_implementation_cmake: 0.7.2 (/opt/ros/dashing/share/rmw_implementation_cmake/cmake)
[3.140s] -- Using RMW implementation 'rmw_fastrtps_cpp' as default
[3.153s] -- Looking for pthread.h
[3.324s] -- Looking for pthread.h - found
[3.326s] -- Looking for pthread_create
[3.469s] -- Looking for pthread_create - not found
[3.470s] -- Looking for pthread_create in pthreads
[3.587s] -- Looking for pthread_create in pthreads - not found
[3.588s] -- Looking for pthread_create in pthread
[3.736s] -- Looking for pthread_create in pthread - found
[3.738s] -- Found Threads: TRUE  
[3.855s] -- Found std_msgs: 0.7.0 (/opt/ros/dashing/share/std_msgs/cmake)
[4.053s] -- Configuring done
[4.121s] -- Generating done
[4.127s] -- Build files have been written to: /home/final/ROS_2_ANDROID/build/cpp_pubsub
[4.136s] Invoked command in '/home/final/ROS_2_ANDROID/build/cpp_pubsub' returned '0': CMAKE_PREFIX_PATH=/opt/ros/dashing /usr/bin/cmake /home/final/ROS_2_ANDROID -DCMAKE_INSTALL_PREFIX=/home/final/ROS_2_ANDROID/install/cpp_pubsub
[4.137s] Invoking command in '/home/final/ROS_2_ANDROID/build/cpp_pubsub': CMAKE_PREFIX_PATH=/opt/ros/dashing /usr/bin/cmake --build /home/final/ROS_2_ANDROID/build/cpp_pubsub -- -j1 -l1
[4.211s] [35m[1mScanning dependencies of target talker[0m
[4.473s] [ 25%] [32mBuilding CXX object CMakeFiles/talker.dir/src/publisher_member_function.cpp.o[0m
[7.712s] [ 50%] [32m[1mLinking CXX executable talker[0m
[7.950s] [ 50%] Built target talker
[7.970s] [35m[1mScanning dependencies of target listener[0m
[8.027s] [ 75%] [32mBuilding CXX object CMakeFiles/listener.dir/src/subscriber_member_function.cpp.o[0m
[12.531s] [100%] [32m[1mLinking CXX executable listener[0m
[12.846s] [100%] Built target listener
[12.870s] Invoked command in '/home/final/ROS_2_ANDROID/build/cpp_pubsub' returned '0': CMAKE_PREFIX_PATH=/opt/ros/dashing /usr/bin/cmake --build /home/final/ROS_2_ANDROID/build/cpp_pubsub -- -j1 -l1
[12.932s] Invoking command in '/home/final/ROS_2_ANDROID/build/cpp_pubsub': CMAKE_PREFIX_PATH=/opt/ros/dashing /usr/bin/cmake --build /home/final/ROS_2_ANDROID/build/cpp_pubsub --target install -- -j1 -l1
[13.022s] [ 50%] Built target talker
[13.068s] [100%] Built target listener
[13.096s] [36mInstall the project...[0m
[13.109s] -- Install configuration: ""
[13.110s] -- Installing: /home/final/ROS_2_ANDROID/install/cpp_pubsub/lib/cpp_pubsub/talker
[13.111s] -- Set runtime path of "/home/final/ROS_2_ANDROID/install/cpp_pubsub/lib/cpp_pubsub/talker" to ""
[13.112s] -- Installing: /home/final/ROS_2_ANDROID/install/cpp_pubsub/lib/cpp_pubsub/listener
[13.113s] -- Set runtime path of "/home/final/ROS_2_ANDROID/install/cpp_pubsub/lib/cpp_pubsub/listener" to ""
[13.114s] -- Installing: /home/final/ROS_2_ANDROID/install/cpp_pubsub/share/ament_index/resource_index/package_run_dependencies/cpp_pubsub
[13.114s] -- Installing: /home/final/ROS_2_ANDROID/install/cpp_pubsub/share/ament_index/resource_index/parent_prefix_path/cpp_pubsub
[13.114s] -- Installing: /home/final/ROS_2_ANDROID/install/cpp_pubsub/share/cpp_pubsub/environment/ament_prefix_path.sh
[13.115s] -- Installing: /home/final/ROS_2_ANDROID/install/cpp_pubsub/share/cpp_pubsub/environment/path.sh
[13.115s] -- Installing: /home/final/ROS_2_ANDROID/install/cpp_pubsub/share/cpp_pubsub/local_setup.bash
[13.116s] -- Installing: /home/final/ROS_2_ANDROID/install/cpp_pubsub/share/cpp_pubsub/local_setup.sh
[13.116s] -- Installing: /home/final/ROS_2_ANDROID/install/cpp_pubsub/share/cpp_pubsub/local_setup.zsh
[13.117s] -- Installing: /home/final/ROS_2_ANDROID/install/cpp_pubsub/share/ament_index/resource_index/packages/cpp_pubsub
[13.117s] -- Installing: /home/final/ROS_2_ANDROID/install/cpp_pubsub/share/cpp_pubsub/cmake/cpp_pubsubConfig.cmake
[13.117s] -- Installing: /home/final/ROS_2_ANDROID/install/cpp_pubsub/share/cpp_pubsub/cmake/cpp_pubsubConfig-version.cmake
[13.118s] -- Installing: /home/final/ROS_2_ANDROID/install/cpp_pubsub/share/cpp_pubsub/package.xml
[13.124s] Invoked command in '/home/final/ROS_2_ANDROID/build/cpp_pubsub' returned '0': CMAKE_PREFIX_PATH=/opt/ros/dashing /usr/bin/cmake --build /home/final/ROS_2_ANDROID/build/cpp_pubsub --target install -- -j1 -l1
