[0.913s] DEBUG:colcon:Command line arguments: ['/usr/bin/colcon', 'build']
[0.913s] DEBUG:colcon:Parsed command line arguments: Namespace(ament_cmake_args=None, base_paths=['.'], build_base='build', catkin_cmake_args=None, catkin_skip_building_tests=False, cmake_args=None, cmake_clean_cache=False, cmake_clean_first=False, cmake_force_configure=False, cmake_target=None, cmake_target_skip_unavailable=False, continue_on_error=False, event_handlers=None, executor='parallel', ignore_user_meta=False, install_base='install', log_base=None, log_level=None, main=<bound method BuildVerb.main of <colcon_core.verb.build.BuildVerb object at 0x7f7b58d55198>>, merge_install=False, metas=['./colcon.meta'], packages_above=None, packages_above_and_dependencies=None, packages_above_depth=None, packages_end=None, packages_ignore=None, packages_ignore_regex=None, packages_select=None, packages_select_build_failed=False, packages_select_by_dep=None, packages_select_regex=None, packages_select_test_failures=False, packages_skip=None, packages_skip_build_finished=False, packages_skip_by_dep=None, packages_skip_regex=None, packages_skip_test_passed=False, packages_skip_up_to=None, packages_start=None, packages_up_to=None, packages_up_to_regex=None, parallel_workers=1, paths=None, symlink_install=False, test_result_base=None, verb_extension=<colcon_core.verb.build.BuildVerb object at 0x7f7b58d55198>, verb_name='build', verb_parser=<colcon_defaults.argument_parser.defaults.DefaultArgumentsDecorator object at 0x7f7b58d55400>)
[1.123s] Level 1:colcon.colcon_core.package_discovery:discover_packages(colcon_meta) check parameters
[1.123s] Level 1:colcon.colcon_core.package_discovery:discover_packages(recursive) check parameters
[1.123s] Level 1:colcon.colcon_core.package_discovery:discover_packages(ignore) check parameters
[1.123s] Level 1:colcon.colcon_core.package_discovery:discover_packages(path) check parameters
[1.123s] Level 1:colcon.colcon_core.package_discovery:discover_packages(colcon_meta) discover
[1.127s] Level 1:colcon.colcon_core.package_discovery:discover_packages(recursive) discover
[1.127s] INFO:colcon.colcon_core.package_discovery:Crawling recursively for packages in '/home/final/ROS_2_ANDROID'
[1.127s] Level 1:colcon.colcon_core.package_identification:_identify(.) by extensions ['ignore', 'ignore_ament_install']
[1.127s] Level 1:colcon.colcon_core.package_identification:_identify(.) by extension 'ignore'
[1.128s] Level 1:colcon.colcon_core.package_identification:_identify(.) by extension 'ignore_ament_install'
[1.128s] Level 1:colcon.colcon_core.package_identification:_identify(.) by extensions ['colcon_pkg']
[1.128s] Level 1:colcon.colcon_core.package_identification:_identify(.) by extension 'colcon_pkg'
[1.128s] Level 1:colcon.colcon_core.package_identification:_identify(.) by extensions ['colcon_meta']
[1.130s] Level 1:colcon.colcon_core.package_identification:_identify(.) by extension 'colcon_meta'
[1.130s] Level 1:colcon.colcon_core.package_identification:_identify(.) by extensions ['ros']
[1.130s] Level 1:colcon.colcon_core.package_identification:_identify(.) by extension 'ros'
[1.198s] DEBUG:colcon.colcon_core.package_identification:Package '.' with type 'ros.ament_cmake' and name 'cpp_pubsub'
[1.198s] Level 1:colcon.colcon_core.package_discovery:discover_packages(recursive) using defaults
[1.199s] Level 1:colcon.colcon_core.package_discovery:discover_packages(ignore) discover
[1.199s] Level 1:colcon.colcon_core.package_discovery:discover_packages(ignore) using defaults
[1.199s] Level 1:colcon.colcon_core.package_discovery:discover_packages(path) discover
[1.199s] Level 1:colcon.colcon_core.package_discovery:discover_packages(path) using defaults
[1.237s] Level 5:colcon.colcon_core.verb:set package 'cpp_pubsub' build argument 'cmake_args' from command line to 'None'
[1.240s] Level 5:colcon.colcon_core.verb:set package 'cpp_pubsub' build argument 'cmake_target' from command line to 'None'
[1.240s] Level 5:colcon.colcon_core.verb:set package 'cpp_pubsub' build argument 'cmake_target_skip_unavailable' from command line to 'False'
[1.240s] Level 5:colcon.colcon_core.verb:set package 'cpp_pubsub' build argument 'cmake_clean_cache' from command line to 'False'
[1.240s] Level 5:colcon.colcon_core.verb:set package 'cpp_pubsub' build argument 'cmake_clean_first' from command line to 'False'
[1.240s] Level 5:colcon.colcon_core.verb:set package 'cpp_pubsub' build argument 'cmake_force_configure' from command line to 'False'
[1.240s] Level 5:colcon.colcon_core.verb:set package 'cpp_pubsub' build argument 'ament_cmake_args' from command line to 'None'
[1.240s] Level 5:colcon.colcon_core.verb:set package 'cpp_pubsub' build argument 'catkin_cmake_args' from command line to 'None'
[1.240s] Level 5:colcon.colcon_core.verb:set package 'cpp_pubsub' build argument 'catkin_skip_building_tests' from command line to 'False'
[1.240s] DEBUG:colcon.colcon_core.verb:Building package 'cpp_pubsub' with the following arguments: {'ament_cmake_args': None, 'build_base': '/home/final/ROS_2_ANDROID/build/cpp_pubsub', 'catkin_cmake_args': None, 'catkin_skip_building_tests': False, 'cmake_args': None, 'cmake_clean_cache': False, 'cmake_clean_first': False, 'cmake_force_configure': False, 'cmake_target': None, 'cmake_target_skip_unavailable': False, 'install_base': '/home/final/ROS_2_ANDROID/install/cpp_pubsub', 'merge_install': False, 'path': '/home/final/ROS_2_ANDROID', 'symlink_install': False, 'test_result_base': None}
[1.241s] INFO:colcon.colcon_core.executor:Executing jobs using 'parallel' executor
[1.252s] DEBUG:colcon.colcon_parallel_executor.executor.parallel:run_until_complete
[1.253s] INFO:colcon.colcon_ros.task.ament_cmake.build:Building ROS package in '/home/final/ROS_2_ANDROID' with build type 'ament_cmake'
[1.287s] INFO:colcon.colcon_core.plugin_system:Skipping extension 'colcon_core.shell.bat': Not used on non-Windows systems
[1.288s] INFO:colcon.colcon_cmake.task.cmake.build:Building CMake package in '/home/final/ROS_2_ANDROID'
[1.289s] INFO:colcon.colcon_core.shell:Skip shell extension 'powershell' for command environment: Not usable outside of PowerShell
[1.290s] DEBUG:colcon.colcon_core.shell:Skip shell extension 'dsv' for command environment
[1.311s] DEBUG:colcon.colcon_core.shell:Ignoring prefix path '/opt/ros/dashing'
[1.338s] DEBUG:colcon.colcon_core.event_handler.log_command:Invoking command in '/home/final/ROS_2_ANDROID/build/cpp_pubsub': CMAKE_PREFIX_PATH=${CMAKE_PREFIX_PATH}:/home/final/turtlebot3_ws/install/turtlebot3_teleop:/home/final/turtlebot3_ws/install/turtlebot3_example:/opt/ros/dashing /usr/bin/cmake --build /home/final/ROS_2_ANDROID/build/cpp_pubsub -- -j1 -l1
[10.979s] DEBUG:colcon.colcon_core.event_handler.log_command:Invoked command in '/home/final/ROS_2_ANDROID/build/cpp_pubsub' returned '0': CMAKE_PREFIX_PATH=${CMAKE_PREFIX_PATH}:/home/final/turtlebot3_ws/install/turtlebot3_teleop:/home/final/turtlebot3_ws/install/turtlebot3_example:/opt/ros/dashing /usr/bin/cmake --build /home/final/ROS_2_ANDROID/build/cpp_pubsub -- -j1 -l1
[11.123s] DEBUG:colcon.colcon_core.event_handler.log_command:Invoking command in '/home/final/ROS_2_ANDROID/build/cpp_pubsub': CMAKE_PREFIX_PATH=${CMAKE_PREFIX_PATH}:/home/final/turtlebot3_ws/install/turtlebot3_teleop:/home/final/turtlebot3_ws/install/turtlebot3_example:/opt/ros/dashing /usr/bin/cmake --build /home/final/ROS_2_ANDROID/build/cpp_pubsub --target install -- -j1 -l1
[11.584s] Level 1:colcon.colcon_core.environment:create_environment_scripts_only(cpp_pubsub)
[11.588s] DEBUG:colcon.colcon_core.event_handler.log_command:Invoked command in '/home/final/ROS_2_ANDROID/build/cpp_pubsub' returned '0': CMAKE_PREFIX_PATH=${CMAKE_PREFIX_PATH}:/home/final/turtlebot3_ws/install/turtlebot3_teleop:/home/final/turtlebot3_ws/install/turtlebot3_example:/opt/ros/dashing /usr/bin/cmake --build /home/final/ROS_2_ANDROID/build/cpp_pubsub --target install -- -j1 -l1
[11.606s] Level 1:colcon.colcon_core.environment:checking '/home/final/ROS_2_ANDROID/install/cpp_pubsub' for CMake module files
[11.607s] Level 1:colcon.colcon_core.environment:checking '/home/final/ROS_2_ANDROID/install/cpp_pubsub' for CMake config files
[11.608s] Level 1:colcon.colcon_core.shell:create_environment_hook('cpp_pubsub', 'cmake_prefix_path')
[11.611s] INFO:colcon.colcon_core.shell:Creating environment hook '/home/final/ROS_2_ANDROID/install/cpp_pubsub/share/cpp_pubsub/hook/cmake_prefix_path.ps1'
[11.616s] INFO:colcon.colcon_core.shell:Creating environment descriptor '/home/final/ROS_2_ANDROID/install/cpp_pubsub/share/cpp_pubsub/hook/cmake_prefix_path.dsv'
[11.618s] INFO:colcon.colcon_core.shell:Creating environment hook '/home/final/ROS_2_ANDROID/install/cpp_pubsub/share/cpp_pubsub/hook/cmake_prefix_path.sh'
[11.622s] Level 1:colcon.colcon_core.environment:checking '/home/final/ROS_2_ANDROID/install/cpp_pubsub/lib'
[11.623s] Level 1:colcon.colcon_core.environment:checking '/home/final/ROS_2_ANDROID/install/cpp_pubsub/bin'
[11.623s] Level 1:colcon.colcon_core.environment:checking '/home/final/ROS_2_ANDROID/install/cpp_pubsub/lib/pkgconfig/cpp_pubsub.pc'
[11.623s] Level 1:colcon.colcon_core.environment:checking '/home/final/ROS_2_ANDROID/install/cpp_pubsub/lib/python3.6/site-packages'
[11.627s] INFO:colcon.colcon_core.shell:Creating package script '/home/final/ROS_2_ANDROID/install/cpp_pubsub/share/cpp_pubsub/package.ps1'
[11.631s] INFO:colcon.colcon_core.shell:Creating package descriptor '/home/final/ROS_2_ANDROID/install/cpp_pubsub/share/cpp_pubsub/package.dsv'
[11.637s] INFO:colcon.colcon_core.shell:Creating package script '/home/final/ROS_2_ANDROID/install/cpp_pubsub/share/cpp_pubsub/package.sh'
[11.643s] INFO:colcon.colcon_core.shell:Creating package script '/home/final/ROS_2_ANDROID/install/cpp_pubsub/share/cpp_pubsub/package.bash'
[11.650s] INFO:colcon.colcon_core.shell:Creating package script '/home/final/ROS_2_ANDROID/install/cpp_pubsub/share/cpp_pubsub/package.zsh'
[11.657s] Level 1:colcon.colcon_core.environment:create_file_with_runtime_dependencies(/home/final/ROS_2_ANDROID/install/cpp_pubsub/share/colcon-core/packages/cpp_pubsub)
[11.661s] DEBUG:colcon.colcon_parallel_executor.executor.parallel:closing loop
[11.663s] DEBUG:colcon.colcon_parallel_executor.executor.parallel:loop closed
[11.663s] DEBUG:colcon.colcon_parallel_executor.executor.parallel:run_until_complete finished with '0'
[11.663s] DEBUG:colcon.colcon_core.event_reactor:joining thread
[11.707s] INFO:colcon.colcon_core.plugin_system:Skipping extension 'colcon_notification.desktop_notification.terminal_notifier': Not used on non-Darwin systems
[11.707s] INFO:colcon.colcon_core.plugin_system:Skipping extension 'colcon_notification.desktop_notification.win32': Not used on non-Windows systems
[11.707s] INFO:colcon.colcon_notification.desktop_notification:Sending desktop notification using 'notify2'
[11.750s] DEBUG:colcon.colcon_core.event_reactor:joined thread
[11.752s] INFO:colcon.colcon_core.shell:Creating prefix script '/home/final/ROS_2_ANDROID/install/local_setup.ps1'
[11.755s] INFO:colcon.colcon_core.shell:Creating prefix util module '/home/final/ROS_2_ANDROID/install/_local_setup_util_ps1.py'
[11.769s] INFO:colcon.colcon_core.shell:Creating prefix chain script '/home/final/ROS_2_ANDROID/install/setup.ps1'
[11.851s] INFO:colcon.colcon_core.shell:Creating prefix script '/home/final/ROS_2_ANDROID/install/local_setup.sh'
[11.857s] INFO:colcon.colcon_core.shell:Creating prefix util module '/home/final/ROS_2_ANDROID/install/_local_setup_util_sh.py'
[11.858s] INFO:colcon.colcon_core.shell:Creating prefix chain script '/home/final/ROS_2_ANDROID/install/setup.sh'
[11.886s] INFO:colcon.colcon_core.shell:Creating prefix script '/home/final/ROS_2_ANDROID/install/local_setup.bash'
[11.893s] INFO:colcon.colcon_core.shell:Creating prefix chain script '/home/final/ROS_2_ANDROID/install/setup.bash'
[11.913s] INFO:colcon.colcon_core.shell:Creating prefix script '/home/final/ROS_2_ANDROID/install/local_setup.zsh'
[11.917s] INFO:colcon.colcon_core.shell:Creating prefix chain script '/home/final/ROS_2_ANDROID/install/setup.zsh'
